2020-04-23 21:39:03,704 - root - INFO - I am pre-training for you.
2020-04-23 21:39:07,299 - root - INFO - | Epoch: 001/150 | Train Time: 1.135s | Train Loss: 0.051760 |
2020-04-23 21:39:08,381 - root - INFO - | Epoch: 002/150 | Train Time: 1.081s | Train Loss: 0.032178 |
2020-04-23 21:39:09,458 - root - INFO - | Epoch: 003/150 | Train Time: 1.076s | Train Loss: 0.030263 |
2020-04-23 21:39:10,503 - root - INFO - | Epoch: 004/150 | Train Time: 1.044s | Train Loss: 0.028987 |
2020-04-23 21:39:11,563 - root - INFO - | Epoch: 005/150 | Train Time: 1.058s | Train Loss: 0.028151 |
2020-04-23 21:39:12,673 - root - INFO - | Epoch: 006/150 | Train Time: 1.109s | Train Loss: 0.028048 |
2020-04-23 21:39:13,725 - root - INFO - | Epoch: 007/150 | Train Time: 1.052s | Train Loss: 0.027680 |
2020-04-23 21:39:14,770 - root - INFO - | Epoch: 008/150 | Train Time: 1.044s | Train Loss: 0.027914 |
2020-04-23 21:39:15,879 - root - INFO - | Epoch: 009/150 | Train Time: 1.108s | Train Loss: 0.027687 |
2020-04-23 21:39:17,014 - root - INFO - | Epoch: 010/150 | Train Time: 1.134s | Train Loss: 0.026840 |
2020-04-23 21:39:18,078 - root - INFO - | Epoch: 011/150 | Train Time: 1.062s | Train Loss: 0.027515 |
2020-04-23 21:39:19,158 - root - INFO - | Epoch: 012/150 | Train Time: 1.079s | Train Loss: 0.027312 |
2020-04-23 21:39:20,205 - root - INFO - | Epoch: 013/150 | Train Time: 1.046s | Train Loss: 0.027137 |
2020-04-23 21:39:21,332 - root - INFO - | Epoch: 014/150 | Train Time: 1.127s | Train Loss: 0.027009 |
2020-04-23 21:39:22,490 - root - INFO - | Epoch: 015/150 | Train Time: 1.157s | Train Loss: 0.026592 |
2020-04-23 21:39:23,548 - root - INFO - | Epoch: 016/150 | Train Time: 1.057s | Train Loss: 0.026621 |
2020-04-23 21:39:24,667 - root - INFO - | Epoch: 017/150 | Train Time: 1.118s | Train Loss: 0.026353 |
2020-04-23 21:39:25,730 - root - INFO - | Epoch: 018/150 | Train Time: 1.062s | Train Loss: 0.026623 |
2020-04-23 21:39:26,736 - root - INFO - | Epoch: 019/150 | Train Time: 1.005s | Train Loss: 0.026521 |
2020-04-23 21:39:27,808 - root - INFO - | Epoch: 020/150 | Train Time: 1.071s | Train Loss: 0.026439 |
2020-04-23 21:39:28,876 - root - INFO - | Epoch: 021/150 | Train Time: 1.067s | Train Loss: 0.026645 |
2020-04-23 21:39:29,956 - root - INFO - | Epoch: 022/150 | Train Time: 1.079s | Train Loss: 0.026369 |
2020-04-23 21:39:30,994 - root - INFO - | Epoch: 023/150 | Train Time: 1.037s | Train Loss: 0.026117 |
2020-04-23 21:39:32,086 - root - INFO - | Epoch: 024/150 | Train Time: 1.091s | Train Loss: 0.026537 |
2020-04-23 21:39:33,204 - root - INFO - | Epoch: 025/150 | Train Time: 1.116s | Train Loss: 0.026376 |
2020-04-23 21:39:34,259 - root - INFO - | Epoch: 026/150 | Train Time: 1.054s | Train Loss: 0.026401 |
2020-04-23 21:39:35,364 - root - INFO - | Epoch: 027/150 | Train Time: 1.104s | Train Loss: 0.026331 |
2020-04-23 21:39:36,395 - root - INFO - | Epoch: 028/150 | Train Time: 1.030s | Train Loss: 0.026157 |
2020-04-23 21:39:37,487 - root - INFO - | Epoch: 029/150 | Train Time: 1.091s | Train Loss: 0.026125 |
2020-04-23 21:39:38,548 - root - INFO - | Epoch: 030/150 | Train Time: 1.060s | Train Loss: 0.025935 |
2020-04-23 21:39:39,700 - root - INFO - | Epoch: 031/150 | Train Time: 1.151s | Train Loss: 0.026140 |
2020-04-23 21:39:40,758 - root - INFO - | Epoch: 032/150 | Train Time: 1.057s | Train Loss: 0.026047 |
2020-04-23 21:39:41,838 - root - INFO - | Epoch: 033/150 | Train Time: 1.079s | Train Loss: 0.026542 |
2020-04-23 21:39:42,911 - root - INFO - | Epoch: 034/150 | Train Time: 1.071s | Train Loss: 0.025978 |
2020-04-23 21:39:44,027 - root - INFO - | Epoch: 035/150 | Train Time: 1.115s | Train Loss: 0.026323 |
2020-04-23 21:39:45,075 - root - INFO - | Epoch: 036/150 | Train Time: 1.047s | Train Loss: 0.025797 |
2020-04-23 21:39:46,132 - root - INFO - | Epoch: 037/150 | Train Time: 1.056s | Train Loss: 0.025939 |
2020-04-23 21:39:47,214 - root - INFO - | Epoch: 038/150 | Train Time: 1.081s | Train Loss: 0.026155 |
2020-04-23 21:39:48,235 - root - INFO - | Epoch: 039/150 | Train Time: 1.019s | Train Loss: 0.026041 |
2020-04-23 21:39:49,272 - root - INFO - | Epoch: 040/150 | Train Time: 1.036s | Train Loss: 0.025910 |
2020-04-23 21:39:50,316 - root - INFO - | Epoch: 041/150 | Train Time: 1.044s | Train Loss: 0.026218 |
2020-04-23 21:39:51,418 - root - INFO - | Epoch: 042/150 | Train Time: 1.100s | Train Loss: 0.026185 |
2020-04-23 21:39:52,570 - root - INFO - | Epoch: 043/150 | Train Time: 1.151s | Train Loss: 0.026117 |
2020-04-23 21:39:53,643 - root - INFO - | Epoch: 044/150 | Train Time: 1.072s | Train Loss: 0.026240 |
2020-04-23 21:39:54,702 - root - INFO - | Epoch: 045/150 | Train Time: 1.058s | Train Loss: 0.026176 |
2020-04-23 21:39:55,754 - root - INFO - | Epoch: 046/150 | Train Time: 1.051s | Train Loss: 0.026758 |
2020-04-23 21:39:56,804 - root - INFO - | Epoch: 047/150 | Train Time: 1.050s | Train Loss: 0.025741 |
2020-04-23 21:39:57,904 - root - INFO - | Epoch: 048/150 | Train Time: 1.098s | Train Loss: 0.025748 |
2020-04-23 21:39:58,960 - root - INFO - | Epoch: 049/150 | Train Time: 1.055s | Train Loss: 0.025902 |
2020-04-23 21:40:00,067 - root - INFO - | Epoch: 050/150 | Train Time: 1.106s | Train Loss: 0.025038 |
2020-04-23 21:40:00,068 - root - INFO -   LR scheduler: new learning rate is 0.0001
2020-04-23 21:40:01,093 - root - INFO - | Epoch: 051/150 | Train Time: 1.024s | Train Loss: 0.024717 |
2020-04-23 21:40:02,202 - root - INFO - | Epoch: 052/150 | Train Time: 1.108s | Train Loss: 0.024565 |
2020-04-23 21:40:03,284 - root - INFO - | Epoch: 053/150 | Train Time: 1.081s | Train Loss: 0.024275 |
2020-04-23 21:40:04,338 - root - INFO - | Epoch: 054/150 | Train Time: 1.054s | Train Loss: 0.024180 |
2020-04-23 21:40:05,339 - root - INFO - | Epoch: 055/150 | Train Time: 1.000s | Train Loss: 0.024389 |
2020-04-23 21:40:06,415 - root - INFO - | Epoch: 056/150 | Train Time: 1.075s | Train Loss: 0.024350 |
2020-04-23 21:40:07,467 - root - INFO - | Epoch: 057/150 | Train Time: 1.051s | Train Loss: 0.024190 |
2020-04-23 21:40:08,488 - root - INFO - | Epoch: 058/150 | Train Time: 1.019s | Train Loss: 0.024089 |
2020-04-23 21:40:09,584 - root - INFO - | Epoch: 059/150 | Train Time: 1.096s | Train Loss: 0.024238 |
2020-04-23 21:40:10,671 - root - INFO - | Epoch: 060/150 | Train Time: 1.085s | Train Loss: 0.024224 |
2020-04-23 21:40:11,713 - root - INFO - | Epoch: 061/150 | Train Time: 1.041s | Train Loss: 0.024247 |
2020-04-23 21:40:12,808 - root - INFO - | Epoch: 062/150 | Train Time: 1.094s | Train Loss: 0.024185 |
2020-04-23 21:40:13,934 - root - INFO - | Epoch: 063/150 | Train Time: 1.125s | Train Loss: 0.024093 |
2020-04-23 21:40:15,062 - root - INFO - | Epoch: 064/150 | Train Time: 1.127s | Train Loss: 0.024213 |
2020-04-23 21:40:16,095 - root - INFO - | Epoch: 065/150 | Train Time: 1.031s | Train Loss: 0.024064 |
2020-04-23 21:40:17,110 - root - INFO - | Epoch: 066/150 | Train Time: 1.014s | Train Loss: 0.024095 |
2020-04-23 21:40:18,204 - root - INFO - | Epoch: 067/150 | Train Time: 1.093s | Train Loss: 0.024047 |
2020-04-23 21:40:19,259 - root - INFO - | Epoch: 068/150 | Train Time: 1.053s | Train Loss: 0.024160 |
2020-04-23 21:40:20,367 - root - INFO - | Epoch: 069/150 | Train Time: 1.108s | Train Loss: 0.023831 |
2020-04-23 21:40:21,409 - root - INFO - | Epoch: 070/150 | Train Time: 1.041s | Train Loss: 0.024216 |
2020-04-23 21:40:22,471 - root - INFO - | Epoch: 071/150 | Train Time: 1.061s | Train Loss: 0.023956 |
2020-04-23 21:40:23,595 - root - INFO - | Epoch: 072/150 | Train Time: 1.123s | Train Loss: 0.024105 |
2020-04-23 21:40:24,718 - root - INFO - | Epoch: 073/150 | Train Time: 1.122s | Train Loss: 0.024100 |
2020-04-23 21:40:25,831 - root - INFO - | Epoch: 074/150 | Train Time: 1.112s | Train Loss: 0.024040 |
2020-04-23 21:40:26,993 - root - INFO - | Epoch: 075/150 | Train Time: 1.161s | Train Loss: 0.024218 |
2020-04-23 21:40:28,017 - root - INFO - | Epoch: 076/150 | Train Time: 1.023s | Train Loss: 0.023903 |
2020-04-23 21:40:29,079 - root - INFO - | Epoch: 077/150 | Train Time: 1.061s | Train Loss: 0.023883 |
2020-04-23 21:40:30,094 - root - INFO - | Epoch: 078/150 | Train Time: 1.014s | Train Loss: 0.024126 |
2020-04-23 21:40:31,135 - root - INFO - | Epoch: 079/150 | Train Time: 1.040s | Train Loss: 0.023894 |
2020-04-23 21:40:32,177 - root - INFO - | Epoch: 080/150 | Train Time: 1.041s | Train Loss: 0.024131 |
2020-04-23 21:40:33,258 - root - INFO - | Epoch: 081/150 | Train Time: 1.079s | Train Loss: 0.023713 |
2020-04-23 21:40:34,272 - root - INFO - | Epoch: 082/150 | Train Time: 1.013s | Train Loss: 0.023883 |
2020-04-23 21:40:35,342 - root - INFO - | Epoch: 083/150 | Train Time: 1.070s | Train Loss: 0.023821 |
2020-04-23 21:40:36,371 - root - INFO - | Epoch: 084/150 | Train Time: 1.028s | Train Loss: 0.023787 |
2020-04-23 21:40:37,450 - root - INFO - | Epoch: 085/150 | Train Time: 1.077s | Train Loss: 0.023788 |
2020-04-23 21:40:38,523 - root - INFO - | Epoch: 086/150 | Train Time: 1.073s | Train Loss: 0.023694 |
2020-04-23 21:40:39,709 - root - INFO - | Epoch: 087/150 | Train Time: 1.185s | Train Loss: 0.023598 |
2020-04-23 21:40:40,821 - root - INFO - | Epoch: 088/150 | Train Time: 1.112s | Train Loss: 0.023807 |
2020-04-23 21:40:41,971 - root - INFO - | Epoch: 089/150 | Train Time: 1.148s | Train Loss: 0.023858 |
2020-04-23 21:40:43,096 - root - INFO - | Epoch: 090/150 | Train Time: 1.124s | Train Loss: 0.024116 |
2020-04-23 21:40:44,148 - root - INFO - | Epoch: 091/150 | Train Time: 1.051s | Train Loss: 0.023564 |
2020-04-23 21:40:45,228 - root - INFO - | Epoch: 092/150 | Train Time: 1.079s | Train Loss: 0.023833 |
2020-04-23 21:40:46,244 - root - INFO - | Epoch: 093/150 | Train Time: 1.015s | Train Loss: 0.023701 |
2020-04-23 21:40:47,292 - root - INFO - | Epoch: 094/150 | Train Time: 1.047s | Train Loss: 0.023886 |
2020-04-23 21:40:48,354 - root - INFO - | Epoch: 095/150 | Train Time: 1.061s | Train Loss: 0.023593 |
2020-04-23 21:40:49,367 - root - INFO - | Epoch: 096/150 | Train Time: 1.012s | Train Loss: 0.023524 |
2020-04-23 21:40:50,372 - root - INFO - | Epoch: 097/150 | Train Time: 1.005s | Train Loss: 0.023794 |
2020-04-23 21:40:51,425 - root - INFO - | Epoch: 098/150 | Train Time: 1.052s | Train Loss: 0.023871 |
2020-04-23 21:40:52,584 - root - INFO - | Epoch: 099/150 | Train Time: 1.158s | Train Loss: 0.023521 |
2020-04-23 21:40:53,698 - root - INFO - | Epoch: 100/150 | Train Time: 1.112s | Train Loss: 0.023265 |
2020-04-23 21:40:53,699 - root - INFO -   LR scheduler: new learning rate is 1e-05
2020-04-23 21:40:54,751 - root - INFO - | Epoch: 101/150 | Train Time: 1.052s | Train Loss: 0.023295 |
2020-04-23 21:40:55,792 - root - INFO - | Epoch: 102/150 | Train Time: 1.039s | Train Loss: 0.023163 |
2020-04-23 21:40:56,836 - root - INFO - | Epoch: 103/150 | Train Time: 1.043s | Train Loss: 0.023251 |
2020-04-23 21:40:57,885 - root - INFO - | Epoch: 104/150 | Train Time: 1.048s | Train Loss: 0.023137 |
2020-04-23 21:40:59,016 - root - INFO - | Epoch: 105/150 | Train Time: 1.130s | Train Loss: 0.023210 |
2020-04-23 21:41:00,138 - root - INFO - | Epoch: 106/150 | Train Time: 1.121s | Train Loss: 0.023022 |
2020-04-23 21:41:01,218 - root - INFO - | Epoch: 107/150 | Train Time: 1.079s | Train Loss: 0.023344 |
2020-04-23 21:41:02,324 - root - INFO - | Epoch: 108/150 | Train Time: 1.104s | Train Loss: 0.023345 |
2020-04-23 21:41:03,407 - root - INFO - | Epoch: 109/150 | Train Time: 1.083s | Train Loss: 0.023004 |
2020-04-23 21:41:04,483 - root - INFO - | Epoch: 110/150 | Train Time: 1.074s | Train Loss: 0.023047 |
2020-04-23 21:41:05,526 - root - INFO - | Epoch: 111/150 | Train Time: 1.042s | Train Loss: 0.023056 |
2020-04-23 21:41:06,546 - root - INFO - | Epoch: 112/150 | Train Time: 1.019s | Train Loss: 0.023253 |
2020-04-23 21:41:07,630 - root - INFO - | Epoch: 113/150 | Train Time: 1.083s | Train Loss: 0.023080 |
2020-04-23 21:41:08,745 - root - INFO - | Epoch: 114/150 | Train Time: 1.114s | Train Loss: 0.023172 |
2020-04-23 21:41:09,846 - root - INFO - | Epoch: 115/150 | Train Time: 1.100s | Train Loss: 0.023065 |
2020-04-23 21:41:10,917 - root - INFO - | Epoch: 116/150 | Train Time: 1.070s | Train Loss: 0.023185 |
2020-04-23 21:41:11,991 - root - INFO - | Epoch: 117/150 | Train Time: 1.074s | Train Loss: 0.023121 |
2020-04-23 21:41:13,110 - root - INFO - | Epoch: 118/150 | Train Time: 1.117s | Train Loss: 0.023104 |
2020-04-23 21:41:14,182 - root - INFO - | Epoch: 119/150 | Train Time: 1.071s | Train Loss: 0.023182 |
2020-04-23 21:41:15,241 - root - INFO - | Epoch: 120/150 | Train Time: 1.058s | Train Loss: 0.023223 |
2020-04-23 21:41:16,337 - root - INFO - | Epoch: 121/150 | Train Time: 1.094s | Train Loss: 0.023192 |
2020-04-23 21:41:17,419 - root - INFO - | Epoch: 122/150 | Train Time: 1.081s | Train Loss: 0.023353 |
2020-04-23 21:41:18,510 - root - INFO - | Epoch: 123/150 | Train Time: 1.090s | Train Loss: 0.023017 |
2020-04-23 21:41:19,591 - root - INFO - | Epoch: 124/150 | Train Time: 1.080s | Train Loss: 0.022962 |
2020-04-23 21:41:20,779 - root - INFO - | Epoch: 125/150 | Train Time: 1.187s | Train Loss: 0.023275 |
2020-04-23 21:41:21,822 - root - INFO - | Epoch: 126/150 | Train Time: 1.042s | Train Loss: 0.023195 |
2020-04-23 21:41:22,903 - root - INFO - | Epoch: 127/150 | Train Time: 1.081s | Train Loss: 0.023047 |
2020-04-23 21:41:23,954 - root - INFO - | Epoch: 128/150 | Train Time: 1.050s | Train Loss: 0.023206 |
2020-04-23 21:41:25,021 - root - INFO - | Epoch: 129/150 | Train Time: 1.066s | Train Loss: 0.023077 |
2020-04-23 21:41:26,079 - root - INFO - | Epoch: 130/150 | Train Time: 1.057s | Train Loss: 0.023261 |
2020-04-23 21:41:27,116 - root - INFO - | Epoch: 131/150 | Train Time: 1.036s | Train Loss: 0.022981 |
2020-04-23 21:41:28,249 - root - INFO - | Epoch: 132/150 | Train Time: 1.133s | Train Loss: 0.023119 |
2020-04-23 21:41:29,317 - root - INFO - | Epoch: 133/150 | Train Time: 1.066s | Train Loss: 0.022936 |
2020-04-23 21:41:30,420 - root - INFO - | Epoch: 134/150 | Train Time: 1.103s | Train Loss: 0.023170 |
2020-04-23 21:41:31,430 - root - INFO - | Epoch: 135/150 | Train Time: 1.008s | Train Loss: 0.022994 |
2020-04-23 21:41:32,550 - root - INFO - | Epoch: 136/150 | Train Time: 1.119s | Train Loss: 0.022923 |
2020-04-23 21:41:33,614 - root - INFO - | Epoch: 137/150 | Train Time: 1.063s | Train Loss: 0.023106 |
2020-04-23 21:41:34,638 - root - INFO - | Epoch: 138/150 | Train Time: 1.022s | Train Loss: 0.023063 |
2020-04-23 21:41:35,683 - root - INFO - | Epoch: 139/150 | Train Time: 1.045s | Train Loss: 0.022922 |
2020-04-23 21:41:36,664 - root - INFO - | Epoch: 140/150 | Train Time: 0.980s | Train Loss: 0.023031 |
2020-04-23 21:41:37,706 - root - INFO - | Epoch: 141/150 | Train Time: 1.042s | Train Loss: 0.022966 |
2020-04-23 21:41:38,804 - root - INFO - | Epoch: 142/150 | Train Time: 1.097s | Train Loss: 0.022923 |
2020-04-23 21:41:39,904 - root - INFO - | Epoch: 143/150 | Train Time: 1.099s | Train Loss: 0.023224 |
2020-04-23 21:41:40,945 - root - INFO - | Epoch: 144/150 | Train Time: 1.040s | Train Loss: 0.023193 |
2020-04-23 21:41:42,022 - root - INFO - | Epoch: 145/150 | Train Time: 1.077s | Train Loss: 0.022910 |
2020-04-23 21:41:43,157 - root - INFO - | Epoch: 146/150 | Train Time: 1.134s | Train Loss: 0.023204 |
2020-04-23 21:41:44,242 - root - INFO - | Epoch: 147/150 | Train Time: 1.084s | Train Loss: 0.022878 |
2020-04-23 21:41:45,361 - root - INFO - | Epoch: 148/150 | Train Time: 1.118s | Train Loss: 0.022963 |
2020-04-23 21:41:46,441 - root - INFO - | Epoch: 149/150 | Train Time: 1.079s | Train Loss: 0.023074 |
2020-04-23 21:41:47,575 - root - INFO - | Epoch: 150/150 | Train Time: 1.133s | Train Loss: 0.022948 |
2020-04-23 21:41:47,576 - root - INFO - Pretraining Time: 161.413s
2020-04-23 21:41:47,576 - root - INFO - Finished pretraining.
2020-04-23 21:41:47,578 - root - INFO - Testing autoencoder...
2020-04-23 21:41:47,831 - root - INFO - Test Loss: 0.055502
2020-04-23 21:41:47,832 - root - INFO - Test Time: 0.252s
2020-04-23 21:41:47,832 - root - INFO - Finished testing autoencoder.
2020-04-23 21:41:47,838 - root - INFO - Hey I am loading net for you!
2020-04-23 21:41:47,840 - root - INFO - Setting hyper-parameters!
2020-04-23 21:41:47,841 - root - INFO - Initializing center c...
2020-04-23 21:41:48,559 - root - INFO - Center c initialized.
2020-04-23 21:41:48,560 - root - INFO - Starting training...
2020-04-23 21:41:49,498 - root - INFO - | Epoch: 001/150 | Train Time: 0.937s | Train Loss: 0.075869 |
2020-04-23 21:41:50,397 - root - INFO - | Epoch: 002/150 | Train Time: 0.898s | Train Loss: 0.016416 |
2020-04-23 21:41:51,358 - root - INFO - | Epoch: 003/150 | Train Time: 0.960s | Train Loss: 0.009134 |
2020-04-23 21:41:52,257 - root - INFO - | Epoch: 004/150 | Train Time: 0.898s | Train Loss: 0.006215 |
2020-04-23 21:41:53,287 - root - INFO - | Epoch: 005/150 | Train Time: 1.029s | Train Loss: 0.004838 |
2020-04-23 21:41:54,268 - root - INFO - | Epoch: 006/150 | Train Time: 0.980s | Train Loss: 0.003884 |
2020-04-23 21:41:55,198 - root - INFO - | Epoch: 007/150 | Train Time: 0.930s | Train Loss: 0.003068 |
2020-04-23 21:41:56,103 - root - INFO - | Epoch: 008/150 | Train Time: 0.904s | Train Loss: 0.002562 |
2020-04-23 21:41:56,987 - root - INFO - | Epoch: 009/150 | Train Time: 0.883s | Train Loss: 0.002200 |
2020-04-23 21:41:57,864 - root - INFO - | Epoch: 010/150 | Train Time: 0.876s | Train Loss: 0.001888 |
2020-04-23 21:41:58,748 - root - INFO - | Epoch: 011/150 | Train Time: 0.884s | Train Loss: 0.001704 |
2020-04-23 21:41:59,604 - root - INFO - | Epoch: 012/150 | Train Time: 0.855s | Train Loss: 0.001519 |
2020-04-23 21:42:00,494 - root - INFO - | Epoch: 013/150 | Train Time: 0.888s | Train Loss: 0.001305 |
2020-04-23 21:42:01,367 - root - INFO - | Epoch: 014/150 | Train Time: 0.873s | Train Loss: 0.001189 |
2020-04-23 21:42:02,237 - root - INFO - | Epoch: 015/150 | Train Time: 0.869s | Train Loss: 0.001059 |
2020-04-23 21:42:03,216 - root - INFO - | Epoch: 016/150 | Train Time: 0.978s | Train Loss: 0.001006 |
2020-04-23 21:42:04,144 - root - INFO - | Epoch: 017/150 | Train Time: 0.927s | Train Loss: 0.000920 |
2020-04-23 21:42:05,051 - root - INFO - | Epoch: 018/150 | Train Time: 0.906s | Train Loss: 0.000851 |
2020-04-23 21:42:05,988 - root - INFO - | Epoch: 019/150 | Train Time: 0.936s | Train Loss: 0.000777 |
2020-04-23 21:42:07,003 - root - INFO - | Epoch: 020/150 | Train Time: 1.014s | Train Loss: 0.000716 |
2020-04-23 21:42:07,952 - root - INFO - | Epoch: 021/150 | Train Time: 0.948s | Train Loss: 0.000667 |
2020-04-23 21:42:08,777 - root - INFO - | Epoch: 022/150 | Train Time: 0.825s | Train Loss: 0.000638 |
2020-04-23 21:42:09,688 - root - INFO - | Epoch: 023/150 | Train Time: 0.910s | Train Loss: 0.000604 |
2020-04-23 21:42:10,656 - root - INFO - | Epoch: 024/150 | Train Time: 0.967s | Train Loss: 0.000571 |
2020-04-23 21:42:11,520 - root - INFO - | Epoch: 025/150 | Train Time: 0.864s | Train Loss: 0.000532 |
2020-04-23 21:42:12,428 - root - INFO - | Epoch: 026/150 | Train Time: 0.906s | Train Loss: 0.000466 |
2020-04-23 21:42:13,321 - root - INFO - | Epoch: 027/150 | Train Time: 0.892s | Train Loss: 0.000468 |
2020-04-23 21:42:14,239 - root - INFO - | Epoch: 028/150 | Train Time: 0.917s | Train Loss: 0.000460 |
2020-04-23 21:42:15,260 - root - INFO - | Epoch: 029/150 | Train Time: 1.020s | Train Loss: 0.000416 |
2020-04-23 21:42:16,182 - root - INFO - | Epoch: 030/150 | Train Time: 0.921s | Train Loss: 0.000393 |
2020-04-23 21:42:17,102 - root - INFO - | Epoch: 031/150 | Train Time: 0.919s | Train Loss: 0.000384 |
2020-04-23 21:42:18,060 - root - INFO - | Epoch: 032/150 | Train Time: 0.957s | Train Loss: 0.000372 |
2020-04-23 21:42:19,005 - root - INFO - | Epoch: 033/150 | Train Time: 0.944s | Train Loss: 0.000346 |
2020-04-23 21:42:19,890 - root - INFO - | Epoch: 034/150 | Train Time: 0.884s | Train Loss: 0.000329 |
2020-04-23 21:42:20,780 - root - INFO - | Epoch: 035/150 | Train Time: 0.889s | Train Loss: 0.000318 |
2020-04-23 21:42:21,650 - root - INFO - | Epoch: 036/150 | Train Time: 0.870s | Train Loss: 0.000305 |
2020-04-23 21:42:22,561 - root - INFO - | Epoch: 037/150 | Train Time: 0.910s | Train Loss: 0.000282 |
2020-04-23 21:42:23,611 - root - INFO - | Epoch: 038/150 | Train Time: 1.049s | Train Loss: 0.000288 |
2020-04-23 21:42:24,584 - root - INFO - | Epoch: 039/150 | Train Time: 0.972s | Train Loss: 0.000267 |
2020-04-23 21:42:25,498 - root - INFO - | Epoch: 040/150 | Train Time: 0.913s | Train Loss: 0.000276 |
2020-04-23 21:42:26,401 - root - INFO - | Epoch: 041/150 | Train Time: 0.902s | Train Loss: 0.000262 |
2020-04-23 21:42:27,346 - root - INFO - | Epoch: 042/150 | Train Time: 0.944s | Train Loss: 0.000254 |
2020-04-23 21:42:28,384 - root - INFO - | Epoch: 043/150 | Train Time: 1.037s | Train Loss: 0.000256 |
2020-04-23 21:42:29,250 - root - INFO - | Epoch: 044/150 | Train Time: 0.865s | Train Loss: 0.000258 |
2020-04-23 21:42:30,145 - root - INFO - | Epoch: 045/150 | Train Time: 0.894s | Train Loss: 0.000235 |
2020-04-23 21:42:31,111 - root - INFO - | Epoch: 046/150 | Train Time: 0.965s | Train Loss: 0.000217 |
2020-04-23 21:42:32,014 - root - INFO - | Epoch: 047/150 | Train Time: 0.902s | Train Loss: 0.000218 |
2020-04-23 21:42:32,924 - root - INFO - | Epoch: 048/150 | Train Time: 0.909s | Train Loss: 0.000197 |
2020-04-23 21:42:33,850 - root - INFO - | Epoch: 049/150 | Train Time: 0.925s | Train Loss: 0.000195 |
2020-04-23 21:42:34,847 - root - INFO - | Epoch: 050/150 | Train Time: 0.996s | Train Loss: 0.000190 |
2020-04-23 21:42:34,848 - root - INFO -   LR scheduler: new learning rate is 1e-06
2020-04-23 21:42:35,832 - root - INFO - | Epoch: 051/150 | Train Time: 0.983s | Train Loss: 0.000185 |
2020-04-23 21:42:36,728 - root - INFO - | Epoch: 052/150 | Train Time: 0.896s | Train Loss: 0.000169 |
2020-04-23 21:42:37,650 - root - INFO - | Epoch: 053/150 | Train Time: 0.920s | Train Loss: 0.000163 |
2020-04-23 21:42:38,582 - root - INFO - | Epoch: 054/150 | Train Time: 0.931s | Train Loss: 0.000165 |
2020-04-23 21:42:39,481 - root - INFO - | Epoch: 055/150 | Train Time: 0.898s | Train Loss: 0.000159 |
2020-04-23 21:42:40,495 - root - INFO - | Epoch: 056/150 | Train Time: 1.012s | Train Loss: 0.000168 |
2020-04-23 21:42:41,388 - root - INFO - | Epoch: 057/150 | Train Time: 0.893s | Train Loss: 0.000170 |
2020-04-23 21:42:42,317 - root - INFO - | Epoch: 058/150 | Train Time: 0.928s | Train Loss: 0.000171 |
2020-04-23 21:42:43,291 - root - INFO - | Epoch: 059/150 | Train Time: 0.973s | Train Loss: 0.000174 |
2020-04-23 21:42:44,117 - root - INFO - | Epoch: 060/150 | Train Time: 0.825s | Train Loss: 0.000158 |
2020-04-23 21:42:44,978 - root - INFO - | Epoch: 061/150 | Train Time: 0.859s | Train Loss: 0.000166 |
2020-04-23 21:42:45,881 - root - INFO - | Epoch: 062/150 | Train Time: 0.903s | Train Loss: 0.000157 |
2020-04-23 21:42:46,842 - root - INFO - | Epoch: 063/150 | Train Time: 0.960s | Train Loss: 0.000164 |
2020-04-23 21:42:47,801 - root - INFO - | Epoch: 064/150 | Train Time: 0.958s | Train Loss: 0.000161 |
2020-04-23 21:42:48,672 - root - INFO - | Epoch: 065/150 | Train Time: 0.870s | Train Loss: 0.000146 |
2020-04-23 21:42:49,545 - root - INFO - | Epoch: 066/150 | Train Time: 0.872s | Train Loss: 0.000158 |
2020-04-23 21:42:50,437 - root - INFO - | Epoch: 067/150 | Train Time: 0.891s | Train Loss: 0.000161 |
2020-04-23 21:42:51,297 - root - INFO - | Epoch: 068/150 | Train Time: 0.858s | Train Loss: 0.000163 |
2020-04-23 21:42:52,191 - root - INFO - | Epoch: 069/150 | Train Time: 0.894s | Train Loss: 0.000148 |
2020-04-23 21:42:53,168 - root - INFO - | Epoch: 070/150 | Train Time: 0.975s | Train Loss: 0.000158 |
2020-04-23 21:42:54,029 - root - INFO - | Epoch: 071/150 | Train Time: 0.861s | Train Loss: 0.000150 |
2020-04-23 21:42:54,823 - root - INFO - | Epoch: 072/150 | Train Time: 0.793s | Train Loss: 0.000173 |
2020-04-23 21:42:55,698 - root - INFO - | Epoch: 073/150 | Train Time: 0.874s | Train Loss: 0.000160 |
2020-04-23 21:42:56,566 - root - INFO - | Epoch: 074/150 | Train Time: 0.868s | Train Loss: 0.000159 |
2020-04-23 21:42:57,431 - root - INFO - | Epoch: 075/150 | Train Time: 0.864s | Train Loss: 0.000148 |
2020-04-23 21:42:58,314 - root - INFO - | Epoch: 076/150 | Train Time: 0.882s | Train Loss: 0.000148 |
2020-04-23 21:42:59,133 - root - INFO - | Epoch: 077/150 | Train Time: 0.818s | Train Loss: 0.000151 |
2020-04-23 21:43:00,025 - root - INFO - | Epoch: 078/150 | Train Time: 0.891s | Train Loss: 0.000152 |
2020-04-23 21:43:00,820 - root - INFO - | Epoch: 079/150 | Train Time: 0.794s | Train Loss: 0.000144 |
2020-04-23 21:43:01,693 - root - INFO - | Epoch: 080/150 | Train Time: 0.873s | Train Loss: 0.000143 |
2020-04-23 21:43:02,522 - root - INFO - | Epoch: 081/150 | Train Time: 0.828s | Train Loss: 0.000146 |
2020-04-23 21:43:03,496 - root - INFO - | Epoch: 082/150 | Train Time: 0.973s | Train Loss: 0.000141 |
2020-04-23 21:43:04,409 - root - INFO - | Epoch: 083/150 | Train Time: 0.912s | Train Loss: 0.000147 |
2020-04-23 21:43:05,304 - root - INFO - | Epoch: 084/150 | Train Time: 0.895s | Train Loss: 0.000147 |
2020-04-23 21:43:06,195 - root - INFO - | Epoch: 085/150 | Train Time: 0.890s | Train Loss: 0.000147 |
2020-04-23 21:43:07,022 - root - INFO - | Epoch: 086/150 | Train Time: 0.825s | Train Loss: 0.000142 |
2020-04-23 21:43:07,830 - root - INFO - | Epoch: 087/150 | Train Time: 0.808s | Train Loss: 0.000143 |
2020-04-23 21:43:08,662 - root - INFO - | Epoch: 088/150 | Train Time: 0.831s | Train Loss: 0.000134 |
2020-04-23 21:43:09,578 - root - INFO - | Epoch: 089/150 | Train Time: 0.914s | Train Loss: 0.000153 |
2020-04-23 21:43:10,545 - root - INFO - | Epoch: 090/150 | Train Time: 0.966s | Train Loss: 0.000143 |
2020-04-23 21:43:11,453 - root - INFO - | Epoch: 091/150 | Train Time: 0.907s | Train Loss: 0.000147 |
2020-04-23 21:43:12,354 - root - INFO - | Epoch: 092/150 | Train Time: 0.900s | Train Loss: 0.000145 |
2020-04-23 21:43:13,334 - root - INFO - | Epoch: 093/150 | Train Time: 0.979s | Train Loss: 0.000135 |
2020-04-23 21:43:14,254 - root - INFO - | Epoch: 094/150 | Train Time: 0.919s | Train Loss: 0.000151 |
2020-04-23 21:43:15,186 - root - INFO - | Epoch: 095/150 | Train Time: 0.931s | Train Loss: 0.000136 |
2020-04-23 21:43:16,170 - root - INFO - | Epoch: 096/150 | Train Time: 0.983s | Train Loss: 0.000132 |
2020-04-23 21:43:17,193 - root - INFO - | Epoch: 097/150 | Train Time: 1.022s | Train Loss: 0.000140 |
2020-04-23 21:43:18,026 - root - INFO - | Epoch: 098/150 | Train Time: 0.833s | Train Loss: 0.000132 |
2020-04-23 21:43:18,877 - root - INFO - | Epoch: 099/150 | Train Time: 0.850s | Train Loss: 0.000129 |
2020-04-23 21:43:19,795 - root - INFO - | Epoch: 100/150 | Train Time: 0.917s | Train Loss: 0.000134 |
2020-04-23 21:43:19,796 - root - INFO -   LR scheduler: new learning rate is 1e-07
2020-04-23 21:43:20,683 - root - INFO - | Epoch: 101/150 | Train Time: 0.886s | Train Loss: 0.000124 |
2020-04-23 21:43:21,577 - root - INFO - | Epoch: 102/150 | Train Time: 0.893s | Train Loss: 0.000131 |
2020-04-23 21:43:22,451 - root - INFO - | Epoch: 103/150 | Train Time: 0.873s | Train Loss: 0.000126 |
2020-04-23 21:43:23,368 - root - INFO - | Epoch: 104/150 | Train Time: 0.916s | Train Loss: 0.000113 |
2020-04-23 21:43:24,284 - root - INFO - | Epoch: 105/150 | Train Time: 0.915s | Train Loss: 0.000144 |
2020-04-23 21:43:25,242 - root - INFO - | Epoch: 106/150 | Train Time: 0.957s | Train Loss: 0.000128 |
2020-04-23 21:43:26,043 - root - INFO - | Epoch: 107/150 | Train Time: 0.800s | Train Loss: 0.000128 |
2020-04-23 21:43:26,887 - root - INFO - | Epoch: 108/150 | Train Time: 0.843s | Train Loss: 0.000122 |
2020-04-23 21:43:27,739 - root - INFO - | Epoch: 109/150 | Train Time: 0.852s | Train Loss: 0.000131 |
2020-04-23 21:43:28,556 - root - INFO - | Epoch: 110/150 | Train Time: 0.817s | Train Loss: 0.000130 |
2020-04-23 21:43:29,452 - root - INFO - | Epoch: 111/150 | Train Time: 0.895s | Train Loss: 0.000135 |
2020-04-23 21:43:30,377 - root - INFO - | Epoch: 112/150 | Train Time: 0.924s | Train Loss: 0.000129 |
2020-04-23 21:43:31,274 - root - INFO - | Epoch: 113/150 | Train Time: 0.896s | Train Loss: 0.000141 |
2020-04-23 21:43:32,154 - root - INFO - | Epoch: 114/150 | Train Time: 0.879s | Train Loss: 0.000129 |
2020-04-23 21:43:33,109 - root - INFO - | Epoch: 115/150 | Train Time: 0.954s | Train Loss: 0.000138 |
2020-04-23 21:43:34,082 - root - INFO - | Epoch: 116/150 | Train Time: 0.972s | Train Loss: 0.000132 |
2020-04-23 21:43:35,011 - root - INFO - | Epoch: 117/150 | Train Time: 0.928s | Train Loss: 0.000135 |
2020-04-23 21:43:35,839 - root - INFO - | Epoch: 118/150 | Train Time: 0.827s | Train Loss: 0.000122 |
2020-04-23 21:43:36,652 - root - INFO - | Epoch: 119/150 | Train Time: 0.812s | Train Loss: 0.000122 |
2020-04-23 21:43:37,545 - root - INFO - | Epoch: 120/150 | Train Time: 0.892s | Train Loss: 0.000121 |
2020-04-23 21:43:38,388 - root - INFO - | Epoch: 121/150 | Train Time: 0.842s | Train Loss: 0.000127 |
2020-04-23 21:43:39,223 - root - INFO - | Epoch: 122/150 | Train Time: 0.834s | Train Loss: 0.000133 |
2020-04-23 21:43:40,057 - root - INFO - | Epoch: 123/150 | Train Time: 0.834s | Train Loss: 0.000130 |
2020-04-23 21:43:40,944 - root - INFO - | Epoch: 124/150 | Train Time: 0.885s | Train Loss: 0.000135 |
2020-04-23 21:43:41,815 - root - INFO - | Epoch: 125/150 | Train Time: 0.870s | Train Loss: 0.000124 |
2020-04-23 21:43:42,669 - root - INFO - | Epoch: 126/150 | Train Time: 0.854s | Train Loss: 0.000125 |
2020-04-23 21:43:43,495 - root - INFO - | Epoch: 127/150 | Train Time: 0.825s | Train Loss: 0.000131 |
2020-04-23 21:43:44,363 - root - INFO - | Epoch: 128/150 | Train Time: 0.868s | Train Loss: 0.000134 |
2020-04-23 21:43:45,168 - root - INFO - | Epoch: 129/150 | Train Time: 0.804s | Train Loss: 0.000121 |
2020-04-23 21:43:45,966 - root - INFO - | Epoch: 130/150 | Train Time: 0.797s | Train Loss: 0.000132 |
2020-04-23 21:43:46,794 - root - INFO - | Epoch: 131/150 | Train Time: 0.828s | Train Loss: 0.000120 |
2020-04-23 21:43:47,694 - root - INFO - | Epoch: 132/150 | Train Time: 0.899s | Train Loss: 0.000135 |
2020-04-23 21:43:48,506 - root - INFO - | Epoch: 133/150 | Train Time: 0.811s | Train Loss: 0.000115 |
2020-04-23 21:43:49,357 - root - INFO - | Epoch: 134/150 | Train Time: 0.850s | Train Loss: 0.000131 |
2020-04-23 21:43:50,214 - root - INFO - | Epoch: 135/150 | Train Time: 0.856s | Train Loss: 0.000125 |
2020-04-23 21:43:51,061 - root - INFO - | Epoch: 136/150 | Train Time: 0.847s | Train Loss: 0.000123 |
2020-04-23 21:43:51,864 - root - INFO - | Epoch: 137/150 | Train Time: 0.801s | Train Loss: 0.000135 |
2020-04-23 21:43:52,655 - root - INFO - | Epoch: 138/150 | Train Time: 0.791s | Train Loss: 0.000118 |
2020-04-23 21:43:53,528 - root - INFO - | Epoch: 139/150 | Train Time: 0.871s | Train Loss: 0.000116 |
2020-04-23 21:43:54,439 - root - INFO - | Epoch: 140/150 | Train Time: 0.910s | Train Loss: 0.000142 |
2020-04-23 21:43:55,245 - root - INFO - | Epoch: 141/150 | Train Time: 0.806s | Train Loss: 0.000123 |
2020-04-23 21:43:56,156 - root - INFO - | Epoch: 142/150 | Train Time: 0.910s | Train Loss: 0.000129 |
2020-04-23 21:43:57,008 - root - INFO - | Epoch: 143/150 | Train Time: 0.850s | Train Loss: 0.000134 |
2020-04-23 21:43:57,899 - root - INFO - | Epoch: 144/150 | Train Time: 0.890s | Train Loss: 0.000125 |
2020-04-23 21:43:58,702 - root - INFO - | Epoch: 145/150 | Train Time: 0.803s | Train Loss: 0.000122 |
2020-04-23 21:43:59,519 - root - INFO - | Epoch: 146/150 | Train Time: 0.816s | Train Loss: 0.000118 |
2020-04-23 21:44:00,398 - root - INFO - | Epoch: 147/150 | Train Time: 0.877s | Train Loss: 0.000124 |
2020-04-23 21:44:01,241 - root - INFO - | Epoch: 148/150 | Train Time: 0.842s | Train Loss: 0.000124 |
2020-04-23 21:44:02,102 - root - INFO - | Epoch: 149/150 | Train Time: 0.860s | Train Loss: 0.000120 |
2020-04-23 21:44:02,950 - root - INFO - | Epoch: 150/150 | Train Time: 0.848s | Train Loss: 0.000136 |
2020-04-23 21:44:02,951 - root - INFO - Training Time: 134.390s
2020-04-23 21:44:02,952 - root - INFO - Finished training.
2020-04-23 22:09:28,363 - root - INFO - Starting testing...
2020-04-23 22:09:28,630 - root - INFO - Test Loss: 256.992465
2020-04-23 22:09:28,631 - root - INFO - Test AUC: 79.50%
2020-04-23 22:09:28,632 - root - INFO - Test Time: 0.264s
2020-04-23 22:09:28,632 - root - INFO - Finished testing.
2020-04-23 22:11:48,617 - root - INFO - I am pre-training for you.
2020-04-23 22:11:52,199 - root - INFO - | Epoch: 001/150 | Train Time: 1.138s | Train Loss: 0.051236 |
2020-04-23 22:11:53,271 - root - INFO - | Epoch: 002/150 | Train Time: 1.071s | Train Loss: 0.028389 |
2020-04-23 22:11:54,364 - root - INFO - | Epoch: 003/150 | Train Time: 1.092s | Train Loss: 0.026992 |
2020-04-23 22:11:55,414 - root - INFO - | Epoch: 004/150 | Train Time: 1.049s | Train Loss: 0.026204 |
2020-04-23 22:11:56,497 - root - INFO - | Epoch: 005/150 | Train Time: 1.082s | Train Loss: 0.025856 |
2020-04-23 22:11:57,601 - root - INFO - | Epoch: 006/150 | Train Time: 1.103s | Train Loss: 0.025640 |
2020-04-23 22:11:58,681 - root - INFO - | Epoch: 007/150 | Train Time: 1.078s | Train Loss: 0.025640 |
2020-04-23 22:11:59,713 - root - INFO - | Epoch: 008/150 | Train Time: 1.032s | Train Loss: 0.025504 |
2020-04-23 22:12:00,792 - root - INFO - | Epoch: 009/150 | Train Time: 1.078s | Train Loss: 0.025027 |
2020-04-23 22:12:01,856 - root - INFO - | Epoch: 010/150 | Train Time: 1.062s | Train Loss: 0.025199 |
2020-04-23 22:12:02,942 - root - INFO - | Epoch: 011/150 | Train Time: 1.085s | Train Loss: 0.025050 |
2020-04-23 22:12:03,946 - root - INFO - | Epoch: 012/150 | Train Time: 1.003s | Train Loss: 0.024871 |
2020-04-23 22:12:04,963 - root - INFO - | Epoch: 013/150 | Train Time: 1.017s | Train Loss: 0.024632 |
2020-04-23 22:12:06,080 - root - INFO - | Epoch: 014/150 | Train Time: 1.116s | Train Loss: 0.024876 |
2020-04-23 22:12:07,163 - root - INFO - | Epoch: 015/150 | Train Time: 1.083s | Train Loss: 0.024589 |
2020-04-23 22:12:08,241 - root - INFO - | Epoch: 016/150 | Train Time: 1.077s | Train Loss: 0.024673 |
2020-04-23 22:12:09,373 - root - INFO - | Epoch: 017/150 | Train Time: 1.131s | Train Loss: 0.024517 |
2020-04-23 22:12:10,472 - root - INFO - | Epoch: 018/150 | Train Time: 1.098s | Train Loss: 0.024654 |
2020-04-23 22:12:11,568 - root - INFO - | Epoch: 019/150 | Train Time: 1.096s | Train Loss: 0.024582 |
2020-04-23 22:12:12,647 - root - INFO - | Epoch: 020/150 | Train Time: 1.078s | Train Loss: 0.024580 |
2020-04-23 22:12:13,696 - root - INFO - | Epoch: 021/150 | Train Time: 1.048s | Train Loss: 0.024535 |
2020-04-23 22:12:14,761 - root - INFO - | Epoch: 022/150 | Train Time: 1.064s | Train Loss: 0.024562 |
2020-04-23 22:12:15,819 - root - INFO - | Epoch: 023/150 | Train Time: 1.057s | Train Loss: 0.024485 |
2020-04-23 22:12:16,884 - root - INFO - | Epoch: 024/150 | Train Time: 1.064s | Train Loss: 0.024373 |
2020-04-23 22:12:17,978 - root - INFO - | Epoch: 025/150 | Train Time: 1.093s | Train Loss: 0.024429 |
2020-04-23 22:12:19,017 - root - INFO - | Epoch: 026/150 | Train Time: 1.039s | Train Loss: 0.024342 |
2020-04-23 22:12:20,045 - root - INFO - | Epoch: 027/150 | Train Time: 1.027s | Train Loss: 0.024338 |
2020-04-23 22:12:21,117 - root - INFO - | Epoch: 028/150 | Train Time: 1.071s | Train Loss: 0.024316 |
2020-04-23 22:12:22,139 - root - INFO - | Epoch: 029/150 | Train Time: 1.022s | Train Loss: 0.024507 |
2020-04-23 22:12:23,173 - root - INFO - | Epoch: 030/150 | Train Time: 1.032s | Train Loss: 0.024206 |
2020-04-23 22:12:24,248 - root - INFO - | Epoch: 031/150 | Train Time: 1.075s | Train Loss: 0.024120 |
2020-04-23 22:12:25,293 - root - INFO - | Epoch: 032/150 | Train Time: 1.043s | Train Loss: 0.024526 |
2020-04-23 22:12:26,327 - root - INFO - | Epoch: 033/150 | Train Time: 1.033s | Train Loss: 0.024459 |
2020-04-23 22:12:27,444 - root - INFO - | Epoch: 034/150 | Train Time: 1.116s | Train Loss: 0.024319 |
2020-04-23 22:12:28,515 - root - INFO - | Epoch: 035/150 | Train Time: 1.070s | Train Loss: 0.024279 |
2020-04-23 22:12:29,601 - root - INFO - | Epoch: 036/150 | Train Time: 1.085s | Train Loss: 0.024343 |
2020-04-23 22:12:30,673 - root - INFO - | Epoch: 037/150 | Train Time: 1.071s | Train Loss: 0.024257 |
2020-04-23 22:12:31,705 - root - INFO - | Epoch: 038/150 | Train Time: 1.031s | Train Loss: 0.024204 |
2020-04-23 22:12:32,750 - root - INFO - | Epoch: 039/150 | Train Time: 1.045s | Train Loss: 0.024332 |
2020-04-23 22:12:33,842 - root - INFO - | Epoch: 040/150 | Train Time: 1.091s | Train Loss: 0.024065 |
2020-04-23 22:12:34,898 - root - INFO - | Epoch: 041/150 | Train Time: 1.055s | Train Loss: 0.024452 |
2020-04-23 22:12:35,941 - root - INFO - | Epoch: 042/150 | Train Time: 1.042s | Train Loss: 0.024124 |
2020-04-23 22:12:37,025 - root - INFO - | Epoch: 043/150 | Train Time: 1.084s | Train Loss: 0.024107 |
2020-04-23 22:12:38,040 - root - INFO - | Epoch: 044/150 | Train Time: 1.014s | Train Loss: 0.024432 |
2020-04-23 22:12:39,119 - root - INFO - | Epoch: 045/150 | Train Time: 1.078s | Train Loss: 0.024154 |
2020-04-23 22:12:40,190 - root - INFO - | Epoch: 046/150 | Train Time: 1.070s | Train Loss: 0.023886 |
2020-04-23 22:12:41,268 - root - INFO - | Epoch: 047/150 | Train Time: 1.077s | Train Loss: 0.023878 |
2020-04-23 22:12:42,225 - root - INFO - | Epoch: 048/150 | Train Time: 0.956s | Train Loss: 0.024013 |
2020-04-23 22:12:43,258 - root - INFO - | Epoch: 049/150 | Train Time: 1.032s | Train Loss: 0.024090 |
2020-04-23 22:12:44,278 - root - INFO - | Epoch: 050/150 | Train Time: 1.019s | Train Loss: 0.023293 |
2020-04-23 22:12:44,279 - root - INFO -   LR scheduler: new learning rate is 0.0001
2020-04-23 22:12:45,328 - root - INFO - | Epoch: 051/150 | Train Time: 1.048s | Train Loss: 0.023031 |
2020-04-23 22:12:46,382 - root - INFO - | Epoch: 052/150 | Train Time: 1.054s | Train Loss: 0.022933 |
2020-04-23 22:12:47,449 - root - INFO - | Epoch: 053/150 | Train Time: 1.066s | Train Loss: 0.022866 |
2020-04-23 22:12:48,525 - root - INFO - | Epoch: 054/150 | Train Time: 1.075s | Train Loss: 0.022764 |
2020-04-23 22:12:49,551 - root - INFO - | Epoch: 055/150 | Train Time: 1.025s | Train Loss: 0.022722 |
2020-04-23 22:12:50,564 - root - INFO - | Epoch: 056/150 | Train Time: 1.012s | Train Loss: 0.022680 |
2020-04-23 22:12:51,650 - root - INFO - | Epoch: 057/150 | Train Time: 1.085s | Train Loss: 0.022655 |
2020-04-23 22:12:52,744 - root - INFO - | Epoch: 058/150 | Train Time: 1.094s | Train Loss: 0.022736 |
2020-04-23 22:12:53,783 - root - INFO - | Epoch: 059/150 | Train Time: 1.037s | Train Loss: 0.022642 |
2020-04-23 22:12:54,812 - root - INFO - | Epoch: 060/150 | Train Time: 1.029s | Train Loss: 0.022511 |
2020-04-23 22:12:55,859 - root - INFO - | Epoch: 061/150 | Train Time: 1.046s | Train Loss: 0.022464 |
2020-04-23 22:12:56,880 - root - INFO - | Epoch: 062/150 | Train Time: 1.020s | Train Loss: 0.022505 |
2020-04-23 22:12:57,929 - root - INFO - | Epoch: 063/150 | Train Time: 1.048s | Train Loss: 0.022631 |
2020-04-23 22:12:58,996 - root - INFO - | Epoch: 064/150 | Train Time: 1.067s | Train Loss: 0.022594 |
2020-04-23 22:13:00,022 - root - INFO - | Epoch: 065/150 | Train Time: 1.025s | Train Loss: 0.022461 |
2020-04-23 22:13:01,107 - root - INFO - | Epoch: 066/150 | Train Time: 1.084s | Train Loss: 0.022456 |
2020-04-23 22:13:02,165 - root - INFO - | Epoch: 067/150 | Train Time: 1.057s | Train Loss: 0.022601 |
2020-04-23 22:13:03,202 - root - INFO - | Epoch: 068/150 | Train Time: 1.036s | Train Loss: 0.022502 |
2020-04-23 22:13:04,245 - root - INFO - | Epoch: 069/150 | Train Time: 1.042s | Train Loss: 0.022460 |
2020-04-23 22:13:05,256 - root - INFO - | Epoch: 070/150 | Train Time: 1.009s | Train Loss: 0.022485 |
2020-04-23 22:13:06,300 - root - INFO - | Epoch: 071/150 | Train Time: 1.044s | Train Loss: 0.022359 |
2020-04-23 22:13:07,351 - root - INFO - | Epoch: 072/150 | Train Time: 1.049s | Train Loss: 0.022348 |
2020-04-23 22:13:08,422 - root - INFO - | Epoch: 073/150 | Train Time: 1.071s | Train Loss: 0.022410 |
2020-04-23 22:13:09,449 - root - INFO - | Epoch: 074/150 | Train Time: 1.026s | Train Loss: 0.022386 |
2020-04-23 22:13:10,499 - root - INFO - | Epoch: 075/150 | Train Time: 1.048s | Train Loss: 0.022495 |
2020-04-23 22:13:11,533 - root - INFO - | Epoch: 076/150 | Train Time: 1.033s | Train Loss: 0.022354 |
2020-04-23 22:13:12,650 - root - INFO - | Epoch: 077/150 | Train Time: 1.116s | Train Loss: 0.022471 |
2020-04-23 22:13:13,755 - root - INFO - | Epoch: 078/150 | Train Time: 1.104s | Train Loss: 0.022281 |
2020-04-23 22:13:14,845 - root - INFO - | Epoch: 079/150 | Train Time: 1.089s | Train Loss: 0.022275 |
2020-04-23 22:13:15,938 - root - INFO - | Epoch: 080/150 | Train Time: 1.092s | Train Loss: 0.022110 |
2020-04-23 22:13:17,015 - root - INFO - | Epoch: 081/150 | Train Time: 1.076s | Train Loss: 0.022323 |
2020-04-23 22:13:18,085 - root - INFO - | Epoch: 082/150 | Train Time: 1.069s | Train Loss: 0.022377 |
2020-04-23 22:13:19,162 - root - INFO - | Epoch: 083/150 | Train Time: 1.076s | Train Loss: 0.022233 |
2020-04-23 22:13:20,262 - root - INFO - | Epoch: 084/150 | Train Time: 1.099s | Train Loss: 0.022141 |
2020-04-23 22:13:21,309 - root - INFO - | Epoch: 085/150 | Train Time: 1.047s | Train Loss: 0.022241 |
2020-04-23 22:13:22,331 - root - INFO - | Epoch: 086/150 | Train Time: 1.020s | Train Loss: 0.022250 |
2020-04-23 22:13:23,355 - root - INFO - | Epoch: 087/150 | Train Time: 1.023s | Train Loss: 0.022243 |
2020-04-23 22:13:24,400 - root - INFO - | Epoch: 088/150 | Train Time: 1.044s | Train Loss: 0.022242 |
2020-04-23 22:13:25,407 - root - INFO - | Epoch: 089/150 | Train Time: 1.006s | Train Loss: 0.022026 |
2020-04-23 22:13:26,412 - root - INFO - | Epoch: 090/150 | Train Time: 1.004s | Train Loss: 0.022109 |
2020-04-23 22:13:27,396 - root - INFO - | Epoch: 091/150 | Train Time: 0.983s | Train Loss: 0.022142 |
2020-04-23 22:13:28,406 - root - INFO - | Epoch: 092/150 | Train Time: 1.009s | Train Loss: 0.022149 |
2020-04-23 22:13:29,461 - root - INFO - | Epoch: 093/150 | Train Time: 1.054s | Train Loss: 0.022103 |
2020-04-23 22:13:30,546 - root - INFO - | Epoch: 094/150 | Train Time: 1.084s | Train Loss: 0.022021 |
2020-04-23 22:13:31,616 - root - INFO - | Epoch: 095/150 | Train Time: 1.068s | Train Loss: 0.022331 |
2020-04-23 22:13:32,683 - root - INFO - | Epoch: 096/150 | Train Time: 1.066s | Train Loss: 0.022061 |
2020-04-23 22:13:33,709 - root - INFO - | Epoch: 097/150 | Train Time: 1.026s | Train Loss: 0.022194 |
2020-04-23 22:13:34,810 - root - INFO - | Epoch: 098/150 | Train Time: 1.100s | Train Loss: 0.022193 |
2020-04-23 22:13:35,875 - root - INFO - | Epoch: 099/150 | Train Time: 1.064s | Train Loss: 0.021925 |
2020-04-23 22:13:36,931 - root - INFO - | Epoch: 100/150 | Train Time: 1.055s | Train Loss: 0.021760 |
2020-04-23 22:13:36,932 - root - INFO -   LR scheduler: new learning rate is 1e-05
2020-04-23 22:13:37,943 - root - INFO - | Epoch: 101/150 | Train Time: 1.011s | Train Loss: 0.021679 |
2020-04-23 22:13:38,953 - root - INFO - | Epoch: 102/150 | Train Time: 1.009s | Train Loss: 0.021562 |
2020-04-23 22:13:39,939 - root - INFO - | Epoch: 103/150 | Train Time: 0.985s | Train Loss: 0.021628 |
2020-04-23 22:13:41,008 - root - INFO - | Epoch: 104/150 | Train Time: 1.068s | Train Loss: 0.021658 |
2020-04-23 22:13:42,112 - root - INFO - | Epoch: 105/150 | Train Time: 1.103s | Train Loss: 0.021616 |
2020-04-23 22:13:43,139 - root - INFO - | Epoch: 106/150 | Train Time: 1.026s | Train Loss: 0.021520 |
2020-04-23 22:13:44,108 - root - INFO - | Epoch: 107/150 | Train Time: 0.969s | Train Loss: 0.021601 |
2020-04-23 22:13:45,220 - root - INFO - | Epoch: 108/150 | Train Time: 1.110s | Train Loss: 0.021577 |
2020-04-23 22:13:46,284 - root - INFO - | Epoch: 109/150 | Train Time: 1.063s | Train Loss: 0.021541 |
2020-04-23 22:13:47,343 - root - INFO - | Epoch: 110/150 | Train Time: 1.058s | Train Loss: 0.021636 |
2020-04-23 22:13:48,434 - root - INFO - | Epoch: 111/150 | Train Time: 1.090s | Train Loss: 0.021677 |
2020-04-23 22:13:49,480 - root - INFO - | Epoch: 112/150 | Train Time: 1.044s | Train Loss: 0.021538 |
2020-04-23 22:13:50,529 - root - INFO - | Epoch: 113/150 | Train Time: 1.048s | Train Loss: 0.021560 |
2020-04-23 22:13:51,588 - root - INFO - | Epoch: 114/150 | Train Time: 1.059s | Train Loss: 0.021561 |
2020-04-23 22:13:52,628 - root - INFO - | Epoch: 115/150 | Train Time: 1.039s | Train Loss: 0.021427 |
2020-04-23 22:13:53,736 - root - INFO - | Epoch: 116/150 | Train Time: 1.107s | Train Loss: 0.021526 |
2020-04-23 22:13:54,786 - root - INFO - | Epoch: 117/150 | Train Time: 1.049s | Train Loss: 0.021488 |
2020-04-23 22:13:55,811 - root - INFO - | Epoch: 118/150 | Train Time: 1.024s | Train Loss: 0.021547 |
2020-04-23 22:13:56,883 - root - INFO - | Epoch: 119/150 | Train Time: 1.071s | Train Loss: 0.021557 |
2020-04-23 22:13:57,941 - root - INFO - | Epoch: 120/150 | Train Time: 1.056s | Train Loss: 0.021595 |
2020-04-23 22:13:58,985 - root - INFO - | Epoch: 121/150 | Train Time: 1.044s | Train Loss: 0.021566 |
2020-04-23 22:14:00,052 - root - INFO - | Epoch: 122/150 | Train Time: 1.065s | Train Loss: 0.021429 |
2020-04-23 22:14:01,136 - root - INFO - | Epoch: 123/150 | Train Time: 1.083s | Train Loss: 0.021567 |
2020-04-23 22:14:02,167 - root - INFO - | Epoch: 124/150 | Train Time: 1.030s | Train Loss: 0.021487 |
2020-04-23 22:14:03,262 - root - INFO - | Epoch: 125/150 | Train Time: 1.094s | Train Loss: 0.021582 |
2020-04-23 22:14:04,407 - root - INFO - | Epoch: 126/150 | Train Time: 1.143s | Train Loss: 0.021424 |
2020-04-23 22:14:05,426 - root - INFO - | Epoch: 127/150 | Train Time: 1.018s | Train Loss: 0.021549 |
2020-04-23 22:14:06,412 - root - INFO - | Epoch: 128/150 | Train Time: 0.985s | Train Loss: 0.021533 |
2020-04-23 22:14:07,500 - root - INFO - | Epoch: 129/150 | Train Time: 1.087s | Train Loss: 0.021561 |
2020-04-23 22:14:08,562 - root - INFO - | Epoch: 130/150 | Train Time: 1.062s | Train Loss: 0.021480 |
2020-04-23 22:14:09,622 - root - INFO - | Epoch: 131/150 | Train Time: 1.059s | Train Loss: 0.021484 |
2020-04-23 22:14:10,695 - root - INFO - | Epoch: 132/150 | Train Time: 1.072s | Train Loss: 0.021393 |
2020-04-23 22:14:11,727 - root - INFO - | Epoch: 133/150 | Train Time: 1.031s | Train Loss: 0.021513 |
2020-04-23 22:14:12,770 - root - INFO - | Epoch: 134/150 | Train Time: 1.043s | Train Loss: 0.021516 |
2020-04-23 22:14:13,810 - root - INFO - | Epoch: 135/150 | Train Time: 1.039s | Train Loss: 0.021468 |
2020-04-23 22:14:14,879 - root - INFO - | Epoch: 136/150 | Train Time: 1.067s | Train Loss: 0.021401 |
2020-04-23 22:14:15,885 - root - INFO - | Epoch: 137/150 | Train Time: 1.006s | Train Loss: 0.021480 |
2020-04-23 22:14:16,930 - root - INFO - | Epoch: 138/150 | Train Time: 1.044s | Train Loss: 0.021469 |
2020-04-23 22:14:17,974 - root - INFO - | Epoch: 139/150 | Train Time: 1.043s | Train Loss: 0.021532 |
2020-04-23 22:14:19,046 - root - INFO - | Epoch: 140/150 | Train Time: 1.072s | Train Loss: 0.021464 |
2020-04-23 22:14:20,121 - root - INFO - | Epoch: 141/150 | Train Time: 1.074s | Train Loss: 0.021482 |
2020-04-23 22:14:21,112 - root - INFO - | Epoch: 142/150 | Train Time: 0.991s | Train Loss: 0.021383 |
2020-04-23 22:14:22,153 - root - INFO - | Epoch: 143/150 | Train Time: 1.039s | Train Loss: 0.021459 |
2020-04-23 22:14:23,133 - root - INFO - | Epoch: 144/150 | Train Time: 0.979s | Train Loss: 0.021345 |
2020-04-23 22:14:24,205 - root - INFO - | Epoch: 145/150 | Train Time: 1.071s | Train Loss: 0.021557 |
2020-04-23 22:14:25,249 - root - INFO - | Epoch: 146/150 | Train Time: 1.043s | Train Loss: 0.021483 |
2020-04-23 22:14:26,305 - root - INFO - | Epoch: 147/150 | Train Time: 1.054s | Train Loss: 0.021414 |
2020-04-23 22:14:27,336 - root - INFO - | Epoch: 148/150 | Train Time: 1.030s | Train Loss: 0.021535 |
2020-04-23 22:14:28,366 - root - INFO - | Epoch: 149/150 | Train Time: 1.029s | Train Loss: 0.021522 |
2020-04-23 22:14:29,386 - root - INFO - | Epoch: 150/150 | Train Time: 1.019s | Train Loss: 0.021343 |
2020-04-23 22:14:29,386 - root - INFO - Pretraining Time: 158.326s
2020-04-23 22:14:29,387 - root - INFO - Finished pretraining.
2020-04-23 22:14:29,388 - root - INFO - Testing autoencoder...
2020-04-23 22:14:29,672 - root - INFO - Test Loss: 0.054296
2020-04-23 22:14:29,673 - root - INFO - Test Time: 0.283s
2020-04-23 22:14:29,674 - root - INFO - Finished testing autoencoder.
2020-04-23 22:14:29,683 - root - INFO - Hey I am loading net for you!
2020-04-23 22:14:29,685 - root - INFO - Setting hyper-parameters!
2020-04-23 22:14:29,686 - root - INFO - Initializing center c...
2020-04-23 22:14:30,506 - root - INFO - Center c initialized.
2020-04-23 22:14:30,508 - root - INFO - Starting training...
2020-04-23 22:14:31,462 - root - INFO - | Epoch: 001/150 | Train Time: 0.951s | Train Loss: 0.057307 |
2020-04-23 22:14:32,402 - root - INFO - | Epoch: 002/150 | Train Time: 0.939s | Train Loss: 0.012276 |
2020-04-23 22:14:33,324 - root - INFO - | Epoch: 003/150 | Train Time: 0.921s | Train Loss: 0.006785 |
2020-04-23 22:14:34,253 - root - INFO - | Epoch: 004/150 | Train Time: 0.928s | Train Loss: 0.004554 |
2020-04-23 22:14:35,152 - root - INFO - | Epoch: 005/150 | Train Time: 0.898s | Train Loss: 0.003395 |
2020-04-23 22:14:36,059 - root - INFO - | Epoch: 006/150 | Train Time: 0.906s | Train Loss: 0.002674 |
2020-04-23 22:14:37,015 - root - INFO - | Epoch: 007/150 | Train Time: 0.956s | Train Loss: 0.002123 |
2020-04-23 22:14:38,025 - root - INFO - | Epoch: 008/150 | Train Time: 1.009s | Train Loss: 0.001828 |
2020-04-23 22:14:38,870 - root - INFO - | Epoch: 009/150 | Train Time: 0.843s | Train Loss: 0.001545 |
2020-04-23 22:14:39,739 - root - INFO - | Epoch: 010/150 | Train Time: 0.868s | Train Loss: 0.001309 |
2020-04-23 22:14:40,670 - root - INFO - | Epoch: 011/150 | Train Time: 0.930s | Train Loss: 0.001152 |
2020-04-23 22:14:41,593 - root - INFO - | Epoch: 012/150 | Train Time: 0.923s | Train Loss: 0.001044 |
2020-04-23 22:14:42,530 - root - INFO - | Epoch: 013/150 | Train Time: 0.937s | Train Loss: 0.000968 |
2020-04-23 22:14:43,472 - root - INFO - | Epoch: 014/150 | Train Time: 0.941s | Train Loss: 0.000822 |
2020-04-23 22:14:44,431 - root - INFO - | Epoch: 015/150 | Train Time: 0.958s | Train Loss: 0.000757 |
2020-04-23 22:14:45,393 - root - INFO - | Epoch: 016/150 | Train Time: 0.961s | Train Loss: 0.000699 |
2020-04-23 22:14:46,378 - root - INFO - | Epoch: 017/150 | Train Time: 0.984s | Train Loss: 0.000661 |
2020-04-23 22:14:47,330 - root - INFO - | Epoch: 018/150 | Train Time: 0.951s | Train Loss: 0.000604 |
2020-04-23 22:14:48,297 - root - INFO - | Epoch: 019/150 | Train Time: 0.966s | Train Loss: 0.000549 |
2020-04-23 22:14:49,190 - root - INFO - | Epoch: 020/150 | Train Time: 0.893s | Train Loss: 0.000523 |
2020-04-23 22:14:50,145 - root - INFO - | Epoch: 021/150 | Train Time: 0.954s | Train Loss: 0.000495 |
2020-04-23 22:14:51,154 - root - INFO - | Epoch: 022/150 | Train Time: 1.007s | Train Loss: 0.000469 |
2020-04-23 22:14:52,084 - root - INFO - | Epoch: 023/150 | Train Time: 0.929s | Train Loss: 0.000414 |
2020-04-23 22:14:53,027 - root - INFO - | Epoch: 024/150 | Train Time: 0.942s | Train Loss: 0.000415 |
2020-04-23 22:14:53,883 - root - INFO - | Epoch: 025/150 | Train Time: 0.855s | Train Loss: 0.000396 |
2020-04-23 22:14:54,811 - root - INFO - | Epoch: 026/150 | Train Time: 0.928s | Train Loss: 0.000370 |
2020-04-23 22:14:55,629 - root - INFO - | Epoch: 027/150 | Train Time: 0.818s | Train Loss: 0.000364 |
2020-04-23 22:14:56,595 - root - INFO - | Epoch: 028/150 | Train Time: 0.965s | Train Loss: 0.000328 |
2020-04-23 22:14:57,498 - root - INFO - | Epoch: 029/150 | Train Time: 0.902s | Train Loss: 0.000321 |
2020-04-23 22:14:58,418 - root - INFO - | Epoch: 030/150 | Train Time: 0.919s | Train Loss: 0.000289 |
2020-04-23 22:14:59,328 - root - INFO - | Epoch: 031/150 | Train Time: 0.910s | Train Loss: 0.000309 |
2020-04-23 22:15:00,329 - root - INFO - | Epoch: 032/150 | Train Time: 1.000s | Train Loss: 0.000287 |
2020-04-23 22:15:01,286 - root - INFO - | Epoch: 033/150 | Train Time: 0.955s | Train Loss: 0.000261 |
2020-04-23 22:15:02,208 - root - INFO - | Epoch: 034/150 | Train Time: 0.921s | Train Loss: 0.000241 |
2020-04-23 22:15:03,078 - root - INFO - | Epoch: 035/150 | Train Time: 0.868s | Train Loss: 0.000250 |
2020-04-23 22:15:03,988 - root - INFO - | Epoch: 036/150 | Train Time: 0.909s | Train Loss: 0.000248 |
2020-04-23 22:15:04,918 - root - INFO - | Epoch: 037/150 | Train Time: 0.929s | Train Loss: 0.000245 |
2020-04-23 22:15:05,788 - root - INFO - | Epoch: 038/150 | Train Time: 0.869s | Train Loss: 0.000212 |
2020-04-23 22:15:06,715 - root - INFO - | Epoch: 039/150 | Train Time: 0.927s | Train Loss: 0.000229 |
2020-04-23 22:15:07,640 - root - INFO - | Epoch: 040/150 | Train Time: 0.924s | Train Loss: 0.000194 |
2020-04-23 22:15:08,517 - root - INFO - | Epoch: 041/150 | Train Time: 0.876s | Train Loss: 0.000205 |
2020-04-23 22:15:09,453 - root - INFO - | Epoch: 042/150 | Train Time: 0.936s | Train Loss: 0.000211 |
2020-04-23 22:15:10,396 - root - INFO - | Epoch: 043/150 | Train Time: 0.942s | Train Loss: 0.000209 |
2020-04-23 22:15:11,369 - root - INFO - | Epoch: 044/150 | Train Time: 0.972s | Train Loss: 0.000189 |
2020-04-23 22:15:12,285 - root - INFO - | Epoch: 045/150 | Train Time: 0.914s | Train Loss: 0.000173 |
2020-04-23 22:15:13,205 - root - INFO - | Epoch: 046/150 | Train Time: 0.919s | Train Loss: 0.000192 |
2020-04-23 22:15:14,120 - root - INFO - | Epoch: 047/150 | Train Time: 0.915s | Train Loss: 0.000170 |
2020-04-23 22:15:15,017 - root - INFO - | Epoch: 048/150 | Train Time: 0.896s | Train Loss: 0.000177 |
2020-04-23 22:15:15,977 - root - INFO - | Epoch: 049/150 | Train Time: 0.959s | Train Loss: 0.000162 |
2020-04-23 22:15:16,914 - root - INFO - | Epoch: 050/150 | Train Time: 0.936s | Train Loss: 0.000160 |
2020-04-23 22:15:16,915 - root - INFO -   LR scheduler: new learning rate is 1e-06
2020-04-23 22:15:17,854 - root - INFO - | Epoch: 051/150 | Train Time: 0.939s | Train Loss: 0.000142 |
2020-04-23 22:15:18,770 - root - INFO - | Epoch: 052/150 | Train Time: 0.915s | Train Loss: 0.000131 |
2020-04-23 22:15:19,717 - root - INFO - | Epoch: 053/150 | Train Time: 0.946s | Train Loss: 0.000125 |
2020-04-23 22:15:20,668 - root - INFO - | Epoch: 054/150 | Train Time: 0.950s | Train Loss: 0.000131 |
2020-04-23 22:15:21,609 - root - INFO - | Epoch: 055/150 | Train Time: 0.940s | Train Loss: 0.000143 |
2020-04-23 22:15:22,554 - root - INFO - | Epoch: 056/150 | Train Time: 0.945s | Train Loss: 0.000136 |
2020-04-23 22:15:23,484 - root - INFO - | Epoch: 057/150 | Train Time: 0.929s | Train Loss: 0.000145 |
2020-04-23 22:15:24,451 - root - INFO - | Epoch: 058/150 | Train Time: 0.966s | Train Loss: 0.000135 |
2020-04-23 22:15:25,418 - root - INFO - | Epoch: 059/150 | Train Time: 0.967s | Train Loss: 0.000136 |
2020-04-23 22:15:26,302 - root - INFO - | Epoch: 060/150 | Train Time: 0.883s | Train Loss: 0.000123 |
2020-04-23 22:15:27,255 - root - INFO - | Epoch: 061/150 | Train Time: 0.952s | Train Loss: 0.000131 |
2020-04-23 22:15:28,218 - root - INFO - | Epoch: 062/150 | Train Time: 0.962s | Train Loss: 0.000131 |
2020-04-23 22:15:29,147 - root - INFO - | Epoch: 063/150 | Train Time: 0.928s | Train Loss: 0.000135 |
2020-04-23 22:15:30,047 - root - INFO - | Epoch: 064/150 | Train Time: 0.899s | Train Loss: 0.000124 |
2020-04-23 22:15:31,028 - root - INFO - | Epoch: 065/150 | Train Time: 0.980s | Train Loss: 0.000138 |
2020-04-23 22:15:31,999 - root - INFO - | Epoch: 066/150 | Train Time: 0.970s | Train Loss: 0.000119 |
2020-04-23 22:15:32,967 - root - INFO - | Epoch: 067/150 | Train Time: 0.968s | Train Loss: 0.000131 |
2020-04-23 22:15:33,920 - root - INFO - | Epoch: 068/150 | Train Time: 0.952s | Train Loss: 0.000131 |
2020-04-23 22:15:34,886 - root - INFO - | Epoch: 069/150 | Train Time: 0.965s | Train Loss: 0.000127 |
2020-04-23 22:15:35,798 - root - INFO - | Epoch: 070/150 | Train Time: 0.911s | Train Loss: 0.000135 |
2020-04-23 22:15:36,693 - root - INFO - | Epoch: 071/150 | Train Time: 0.894s | Train Loss: 0.000117 |
2020-04-23 22:15:37,681 - root - INFO - | Epoch: 072/150 | Train Time: 0.988s | Train Loss: 0.000135 |
2020-04-23 22:15:38,589 - root - INFO - | Epoch: 073/150 | Train Time: 0.906s | Train Loss: 0.000137 |
2020-04-23 22:15:39,533 - root - INFO - | Epoch: 074/150 | Train Time: 0.943s | Train Loss: 0.000120 |
2020-04-23 22:15:40,488 - root - INFO - | Epoch: 075/150 | Train Time: 0.955s | Train Loss: 0.000112 |
2020-04-23 22:15:41,423 - root - INFO - | Epoch: 076/150 | Train Time: 0.934s | Train Loss: 0.000118 |
2020-04-23 22:15:42,409 - root - INFO - | Epoch: 077/150 | Train Time: 0.985s | Train Loss: 0.000138 |
2020-04-23 22:15:43,300 - root - INFO - | Epoch: 078/150 | Train Time: 0.891s | Train Loss: 0.000122 |
2020-04-23 22:15:44,243 - root - INFO - | Epoch: 079/150 | Train Time: 0.942s | Train Loss: 0.000129 |
2020-04-23 22:15:45,148 - root - INFO - | Epoch: 080/150 | Train Time: 0.904s | Train Loss: 0.000116 |
2020-04-23 22:15:46,121 - root - INFO - | Epoch: 081/150 | Train Time: 0.972s | Train Loss: 0.000119 |
2020-04-23 22:15:47,055 - root - INFO - | Epoch: 082/150 | Train Time: 0.933s | Train Loss: 0.000117 |
2020-04-23 22:15:47,996 - root - INFO - | Epoch: 083/150 | Train Time: 0.941s | Train Loss: 0.000122 |
2020-04-23 22:15:48,935 - root - INFO - | Epoch: 084/150 | Train Time: 0.938s | Train Loss: 0.000126 |
2020-04-23 22:15:49,866 - root - INFO - | Epoch: 085/150 | Train Time: 0.930s | Train Loss: 0.000131 |
2020-04-23 22:15:50,827 - root - INFO - | Epoch: 086/150 | Train Time: 0.961s | Train Loss: 0.000121 |
2020-04-23 22:15:51,711 - root - INFO - | Epoch: 087/150 | Train Time: 0.883s | Train Loss: 0.000129 |
2020-04-23 22:15:52,686 - root - INFO - | Epoch: 088/150 | Train Time: 0.974s | Train Loss: 0.000116 |
2020-04-23 22:15:53,665 - root - INFO - | Epoch: 089/150 | Train Time: 0.978s | Train Loss: 0.000114 |
2020-04-23 22:15:54,646 - root - INFO - | Epoch: 090/150 | Train Time: 0.981s | Train Loss: 0.000131 |
2020-04-23 22:15:55,581 - root - INFO - | Epoch: 091/150 | Train Time: 0.934s | Train Loss: 0.000129 |
2020-04-23 22:15:56,500 - root - INFO - | Epoch: 092/150 | Train Time: 0.918s | Train Loss: 0.000118 |
2020-04-23 22:15:57,387 - root - INFO - | Epoch: 093/150 | Train Time: 0.886s | Train Loss: 0.000116 |
2020-04-23 22:15:58,334 - root - INFO - | Epoch: 094/150 | Train Time: 0.946s | Train Loss: 0.000116 |
2020-04-23 22:15:59,266 - root - INFO - | Epoch: 095/150 | Train Time: 0.931s | Train Loss: 0.000101 |
2020-04-23 22:16:00,292 - root - INFO - | Epoch: 096/150 | Train Time: 1.025s | Train Loss: 0.000114 |
2020-04-23 22:16:01,234 - root - INFO - | Epoch: 097/150 | Train Time: 0.941s | Train Loss: 0.000119 |
2020-04-23 22:16:02,350 - root - INFO - | Epoch: 098/150 | Train Time: 1.115s | Train Loss: 0.000115 |
2020-04-23 22:16:03,340 - root - INFO - | Epoch: 099/150 | Train Time: 0.990s | Train Loss: 0.000110 |
2020-04-23 22:16:04,334 - root - INFO - | Epoch: 100/150 | Train Time: 0.993s | Train Loss: 0.000110 |
2020-04-23 22:16:04,335 - root - INFO -   LR scheduler: new learning rate is 1e-07
2020-04-23 22:16:05,343 - root - INFO - | Epoch: 101/150 | Train Time: 1.006s | Train Loss: 0.000107 |
2020-04-23 22:16:06,335 - root - INFO - | Epoch: 102/150 | Train Time: 0.991s | Train Loss: 0.000108 |
2020-04-23 22:16:07,272 - root - INFO - | Epoch: 103/150 | Train Time: 0.936s | Train Loss: 0.000101 |
2020-04-23 22:16:08,198 - root - INFO - | Epoch: 104/150 | Train Time: 0.926s | Train Loss: 0.000100 |
2020-04-23 22:16:09,116 - root - INFO - | Epoch: 105/150 | Train Time: 0.917s | Train Loss: 0.000108 |
2020-04-23 22:16:10,104 - root - INFO - | Epoch: 106/150 | Train Time: 0.988s | Train Loss: 0.000096 |
2020-04-23 22:16:11,149 - root - INFO - | Epoch: 107/150 | Train Time: 1.044s | Train Loss: 0.000109 |
2020-04-23 22:16:12,130 - root - INFO - | Epoch: 108/150 | Train Time: 0.979s | Train Loss: 0.000102 |
2020-04-23 22:16:13,049 - root - INFO - | Epoch: 109/150 | Train Time: 0.918s | Train Loss: 0.000107 |
2020-04-23 22:16:13,976 - root - INFO - | Epoch: 110/150 | Train Time: 0.926s | Train Loss: 0.000106 |
2020-04-23 22:16:14,891 - root - INFO - | Epoch: 111/150 | Train Time: 0.914s | Train Loss: 0.000109 |
2020-04-23 22:16:15,830 - root - INFO - | Epoch: 112/150 | Train Time: 0.939s | Train Loss: 0.000109 |
2020-04-23 22:16:16,767 - root - INFO - | Epoch: 113/150 | Train Time: 0.936s | Train Loss: 0.000104 |
2020-04-23 22:16:17,720 - root - INFO - | Epoch: 114/150 | Train Time: 0.953s | Train Loss: 0.000096 |
2020-04-23 22:16:18,607 - root - INFO - | Epoch: 115/150 | Train Time: 0.887s | Train Loss: 0.000102 |
2020-04-23 22:16:19,580 - root - INFO - | Epoch: 116/150 | Train Time: 0.971s | Train Loss: 0.000102 |
2020-04-23 22:16:20,502 - root - INFO - | Epoch: 117/150 | Train Time: 0.921s | Train Loss: 0.000109 |
2020-04-23 22:16:21,382 - root - INFO - | Epoch: 118/150 | Train Time: 0.880s | Train Loss: 0.000112 |
2020-04-23 22:16:22,290 - root - INFO - | Epoch: 119/150 | Train Time: 0.907s | Train Loss: 0.000106 |
2020-04-23 22:16:23,189 - root - INFO - | Epoch: 120/150 | Train Time: 0.897s | Train Loss: 0.000114 |
2020-04-23 22:16:24,143 - root - INFO - | Epoch: 121/150 | Train Time: 0.954s | Train Loss: 0.000110 |
2020-04-23 22:16:25,111 - root - INFO - | Epoch: 122/150 | Train Time: 0.967s | Train Loss: 0.000115 |
2020-04-23 22:16:26,022 - root - INFO - | Epoch: 123/150 | Train Time: 0.910s | Train Loss: 0.000102 |
2020-04-23 22:16:26,897 - root - INFO - | Epoch: 124/150 | Train Time: 0.874s | Train Loss: 0.000112 |
2020-04-23 22:16:27,820 - root - INFO - | Epoch: 125/150 | Train Time: 0.922s | Train Loss: 0.000100 |
2020-04-23 22:16:28,728 - root - INFO - | Epoch: 126/150 | Train Time: 0.907s | Train Loss: 0.000098 |
2020-04-23 22:16:29,689 - root - INFO - | Epoch: 127/150 | Train Time: 0.959s | Train Loss: 0.000106 |
2020-04-23 22:16:30,620 - root - INFO - | Epoch: 128/150 | Train Time: 0.930s | Train Loss: 0.000104 |
2020-04-23 22:16:31,559 - root - INFO - | Epoch: 129/150 | Train Time: 0.938s | Train Loss: 0.000106 |
2020-04-23 22:16:32,517 - root - INFO - | Epoch: 130/150 | Train Time: 0.957s | Train Loss: 0.000113 |
2020-04-23 22:16:33,450 - root - INFO - | Epoch: 131/150 | Train Time: 0.932s | Train Loss: 0.000109 |
2020-04-23 22:16:34,306 - root - INFO - | Epoch: 132/150 | Train Time: 0.855s | Train Loss: 0.000106 |
2020-04-23 22:16:35,272 - root - INFO - | Epoch: 133/150 | Train Time: 0.965s | Train Loss: 0.000103 |
2020-04-23 22:16:36,226 - root - INFO - | Epoch: 134/150 | Train Time: 0.953s | Train Loss: 0.000107 |
2020-04-23 22:16:37,092 - root - INFO - | Epoch: 135/150 | Train Time: 0.866s | Train Loss: 0.000103 |
2020-04-23 22:16:37,880 - root - INFO - | Epoch: 136/150 | Train Time: 0.787s | Train Loss: 0.000105 |
2020-04-23 22:16:38,776 - root - INFO - | Epoch: 137/150 | Train Time: 0.895s | Train Loss: 0.000108 |
2020-04-23 22:16:39,688 - root - INFO - | Epoch: 138/150 | Train Time: 0.911s | Train Loss: 0.000116 |
2020-04-23 22:16:40,631 - root - INFO - | Epoch: 139/150 | Train Time: 0.943s | Train Loss: 0.000109 |
2020-04-23 22:16:41,459 - root - INFO - | Epoch: 140/150 | Train Time: 0.827s | Train Loss: 0.000094 |
2020-04-23 22:16:42,312 - root - INFO - | Epoch: 141/150 | Train Time: 0.852s | Train Loss: 0.000100 |
2020-04-23 22:16:43,195 - root - INFO - | Epoch: 142/150 | Train Time: 0.882s | Train Loss: 0.000104 |
2020-04-23 22:16:44,083 - root - INFO - | Epoch: 143/150 | Train Time: 0.888s | Train Loss: 0.000103 |
2020-04-23 22:16:44,957 - root - INFO - | Epoch: 144/150 | Train Time: 0.872s | Train Loss: 0.000101 |
2020-04-23 22:16:45,762 - root - INFO - | Epoch: 145/150 | Train Time: 0.804s | Train Loss: 0.000099 |
2020-04-23 22:16:46,550 - root - INFO - | Epoch: 146/150 | Train Time: 0.787s | Train Loss: 0.000101 |
2020-04-23 22:16:47,367 - root - INFO - | Epoch: 147/150 | Train Time: 0.816s | Train Loss: 0.000100 |
2020-04-23 22:16:48,197 - root - INFO - | Epoch: 148/150 | Train Time: 0.830s | Train Loss: 0.000107 |
2020-04-23 22:16:49,085 - root - INFO - | Epoch: 149/150 | Train Time: 0.887s | Train Loss: 0.000100 |
2020-04-23 22:16:49,967 - root - INFO - | Epoch: 150/150 | Train Time: 0.881s | Train Loss: 0.000100 |
2020-04-23 22:16:49,967 - root - INFO - Training Time: 139.456s
2020-04-23 22:16:49,968 - root - INFO - Finished training.
2020-04-23 22:16:49,974 - root - INFO - Starting testing...
2020-04-23 22:16:50,257 - root - INFO - Test Loss: 345.314608
2020-04-23 22:16:50,258 - root - INFO - Test AUC: 79.38%
2020-04-23 22:16:50,259 - root - INFO - Test Time: 0.280s
2020-04-23 22:16:50,259 - root - INFO - Finished testing.
2020-04-24 12:03:19,291 - root - INFO - I am pre-training for you.
2020-04-24 12:03:20,392 - root - INFO - | Epoch: 001/150 | Train Time: 1.077s | Train Loss: 0.048772 |
2020-04-24 12:03:21,488 - root - INFO - | Epoch: 002/150 | Train Time: 1.093s | Train Loss: 0.028040 |
2020-04-24 12:03:22,583 - root - INFO - | Epoch: 003/150 | Train Time: 1.094s | Train Loss: 0.026609 |
2020-04-24 12:03:23,549 - root - INFO - | Epoch: 004/150 | Train Time: 0.965s | Train Loss: 0.026271 |
2020-04-24 12:03:24,600 - root - INFO - | Epoch: 005/150 | Train Time: 1.050s | Train Loss: 0.025850 |
2020-04-24 12:03:25,666 - root - INFO - | Epoch: 006/150 | Train Time: 1.065s | Train Loss: 0.025337 |
2020-04-24 12:03:26,657 - root - INFO - | Epoch: 007/150 | Train Time: 0.989s | Train Loss: 0.025262 |
2020-04-24 12:03:27,673 - root - INFO - | Epoch: 008/150 | Train Time: 1.016s | Train Loss: 0.024965 |
2020-04-24 12:03:28,689 - root - INFO - | Epoch: 009/150 | Train Time: 1.014s | Train Loss: 0.025026 |
2020-04-24 12:03:29,727 - root - INFO - | Epoch: 010/150 | Train Time: 1.037s | Train Loss: 0.025159 |
2020-04-24 12:03:30,734 - root - INFO - | Epoch: 011/150 | Train Time: 1.006s | Train Loss: 0.024869 |
2020-04-24 12:03:31,758 - root - INFO - | Epoch: 012/150 | Train Time: 1.023s | Train Loss: 0.024743 |
2020-04-24 12:03:32,782 - root - INFO - | Epoch: 013/150 | Train Time: 1.023s | Train Loss: 0.024947 |
2020-04-24 12:03:33,765 - root - INFO - | Epoch: 014/150 | Train Time: 0.982s | Train Loss: 0.024513 |
2020-04-24 12:03:34,798 - root - INFO - | Epoch: 015/150 | Train Time: 1.032s | Train Loss: 0.024663 |
2020-04-24 12:03:35,873 - root - INFO - | Epoch: 016/150 | Train Time: 1.074s | Train Loss: 0.024464 |
2020-04-24 12:03:36,916 - root - INFO - | Epoch: 017/150 | Train Time: 1.042s | Train Loss: 0.024520 |
2020-04-24 12:03:38,004 - root - INFO - | Epoch: 018/150 | Train Time: 1.087s | Train Loss: 0.024343 |
2020-04-24 12:03:39,068 - root - INFO - | Epoch: 019/150 | Train Time: 1.063s | Train Loss: 0.024621 |
2020-04-24 12:03:40,080 - root - INFO - | Epoch: 020/150 | Train Time: 1.012s | Train Loss: 0.024623 |
2020-04-24 12:03:41,070 - root - INFO - | Epoch: 021/150 | Train Time: 0.989s | Train Loss: 0.024560 |
2020-04-24 12:03:42,048 - root - INFO - | Epoch: 022/150 | Train Time: 0.978s | Train Loss: 0.024239 |
2020-04-24 12:03:43,044 - root - INFO - | Epoch: 023/150 | Train Time: 0.995s | Train Loss: 0.024371 |
2020-04-24 12:03:44,087 - root - INFO - | Epoch: 024/150 | Train Time: 1.041s | Train Loss: 0.024740 |
2020-04-24 12:03:45,111 - root - INFO - | Epoch: 025/150 | Train Time: 1.024s | Train Loss: 0.024305 |
2020-04-24 12:03:46,093 - root - INFO - | Epoch: 026/150 | Train Time: 0.981s | Train Loss: 0.024375 |
2020-04-24 12:03:47,111 - root - INFO - | Epoch: 027/150 | Train Time: 1.017s | Train Loss: 0.024288 |
2020-04-24 12:03:48,144 - root - INFO - | Epoch: 028/150 | Train Time: 1.031s | Train Loss: 0.024429 |
2020-04-24 12:03:49,219 - root - INFO - | Epoch: 029/150 | Train Time: 1.075s | Train Loss: 0.024420 |
2020-04-24 12:03:50,197 - root - INFO - | Epoch: 030/150 | Train Time: 0.977s | Train Loss: 0.024516 |
2020-04-24 12:03:51,248 - root - INFO - | Epoch: 031/150 | Train Time: 1.050s | Train Loss: 0.024316 |
2020-04-24 12:03:52,290 - root - INFO - | Epoch: 032/150 | Train Time: 1.041s | Train Loss: 0.024467 |
2020-04-24 12:03:53,289 - root - INFO - | Epoch: 033/150 | Train Time: 0.999s | Train Loss: 0.024695 |
2020-04-24 12:03:54,369 - root - INFO - | Epoch: 034/150 | Train Time: 1.079s | Train Loss: 0.024206 |
2020-04-24 12:03:55,572 - root - INFO - | Epoch: 035/150 | Train Time: 1.201s | Train Loss: 0.024188 |
2020-04-24 12:03:56,684 - root - INFO - | Epoch: 036/150 | Train Time: 1.110s | Train Loss: 0.024133 |
2020-04-24 12:03:57,737 - root - INFO - | Epoch: 037/150 | Train Time: 1.052s | Train Loss: 0.024106 |
2020-04-24 12:03:58,806 - root - INFO - | Epoch: 038/150 | Train Time: 1.068s | Train Loss: 0.024263 |
2020-04-24 12:03:59,882 - root - INFO - | Epoch: 039/150 | Train Time: 1.074s | Train Loss: 0.024203 |
2020-04-24 12:04:00,860 - root - INFO - | Epoch: 040/150 | Train Time: 0.976s | Train Loss: 0.024424 |
2020-04-24 12:04:01,872 - root - INFO - | Epoch: 041/150 | Train Time: 1.012s | Train Loss: 0.024146 |
2020-04-24 12:04:02,919 - root - INFO - | Epoch: 042/150 | Train Time: 1.045s | Train Loss: 0.023952 |
2020-04-24 12:04:04,007 - root - INFO - | Epoch: 043/150 | Train Time: 1.087s | Train Loss: 0.024190 |
2020-04-24 12:04:04,999 - root - INFO - | Epoch: 044/150 | Train Time: 0.991s | Train Loss: 0.024303 |
2020-04-24 12:04:06,076 - root - INFO - | Epoch: 045/150 | Train Time: 1.077s | Train Loss: 0.024084 |
2020-04-24 12:04:07,101 - root - INFO - | Epoch: 046/150 | Train Time: 1.024s | Train Loss: 0.024173 |
2020-04-24 12:04:08,212 - root - INFO - | Epoch: 047/150 | Train Time: 1.110s | Train Loss: 0.024046 |
2020-04-24 12:04:09,358 - root - INFO - | Epoch: 048/150 | Train Time: 1.144s | Train Loss: 0.024133 |
2020-04-24 12:04:10,462 - root - INFO - | Epoch: 049/150 | Train Time: 1.104s | Train Loss: 0.024095 |
2020-04-24 12:04:11,549 - root - INFO - | Epoch: 050/150 | Train Time: 1.086s | Train Loss: 0.023127 |
2020-04-24 12:04:11,550 - root - INFO -   LR scheduler: new learning rate is 0.0001
2020-04-24 12:04:12,688 - root - INFO - | Epoch: 051/150 | Train Time: 1.137s | Train Loss: 0.022794 |
2020-04-24 12:04:13,780 - root - INFO - | Epoch: 052/150 | Train Time: 1.091s | Train Loss: 0.022918 |
2020-04-24 12:04:14,889 - root - INFO - | Epoch: 053/150 | Train Time: 1.108s | Train Loss: 0.022805 |
2020-04-24 12:04:16,035 - root - INFO - | Epoch: 054/150 | Train Time: 1.145s | Train Loss: 0.022722 |
2020-04-24 12:04:17,251 - root - INFO - | Epoch: 055/150 | Train Time: 1.215s | Train Loss: 0.022699 |
2020-04-24 12:04:18,311 - root - INFO - | Epoch: 056/150 | Train Time: 1.059s | Train Loss: 0.022616 |
2020-04-24 12:04:19,456 - root - INFO - | Epoch: 057/150 | Train Time: 1.144s | Train Loss: 0.022575 |
2020-04-24 12:04:20,510 - root - INFO - | Epoch: 058/150 | Train Time: 1.054s | Train Loss: 0.022595 |
2020-04-24 12:04:21,688 - root - INFO - | Epoch: 059/150 | Train Time: 1.177s | Train Loss: 0.022534 |
2020-04-24 12:04:22,807 - root - INFO - | Epoch: 060/150 | Train Time: 1.118s | Train Loss: 0.022417 |
2020-04-24 12:04:24,042 - root - INFO - | Epoch: 061/150 | Train Time: 1.233s | Train Loss: 0.022482 |
2020-04-24 12:04:25,142 - root - INFO - | Epoch: 062/150 | Train Time: 1.099s | Train Loss: 0.022519 |
2020-04-24 12:04:26,294 - root - INFO - | Epoch: 063/150 | Train Time: 1.151s | Train Loss: 0.022566 |
2020-04-24 12:04:27,382 - root - INFO - | Epoch: 064/150 | Train Time: 1.087s | Train Loss: 0.022512 |
2020-04-24 12:04:28,580 - root - INFO - | Epoch: 065/150 | Train Time: 1.197s | Train Loss: 0.022392 |
2020-04-24 12:04:29,705 - root - INFO - | Epoch: 066/150 | Train Time: 1.124s | Train Loss: 0.022568 |
2020-04-24 12:04:30,754 - root - INFO - | Epoch: 067/150 | Train Time: 1.048s | Train Loss: 0.022365 |
2020-04-24 12:04:31,879 - root - INFO - | Epoch: 068/150 | Train Time: 1.124s | Train Loss: 0.022495 |
2020-04-24 12:04:32,923 - root - INFO - | Epoch: 069/150 | Train Time: 1.044s | Train Loss: 0.022355 |
2020-04-24 12:04:34,092 - root - INFO - | Epoch: 070/150 | Train Time: 1.168s | Train Loss: 0.022303 |
2020-04-24 12:04:35,307 - root - INFO - | Epoch: 071/150 | Train Time: 1.214s | Train Loss: 0.022245 |
2020-04-24 12:04:36,360 - root - INFO - | Epoch: 072/150 | Train Time: 1.052s | Train Loss: 0.022452 |
2020-04-24 12:04:37,537 - root - INFO - | Epoch: 073/150 | Train Time: 1.176s | Train Loss: 0.022289 |
2020-04-24 12:04:38,603 - root - INFO - | Epoch: 074/150 | Train Time: 1.065s | Train Loss: 0.022219 |
2020-04-24 12:04:39,734 - root - INFO - | Epoch: 075/150 | Train Time: 1.130s | Train Loss: 0.022209 |
2020-04-24 12:04:40,897 - root - INFO - | Epoch: 076/150 | Train Time: 1.162s | Train Loss: 0.022317 |
2020-04-24 12:04:42,003 - root - INFO - | Epoch: 077/150 | Train Time: 1.105s | Train Loss: 0.022359 |
2020-04-24 12:04:43,182 - root - INFO - | Epoch: 078/150 | Train Time: 1.178s | Train Loss: 0.022202 |
2020-04-24 12:04:44,287 - root - INFO - | Epoch: 079/150 | Train Time: 1.104s | Train Loss: 0.022154 |
2020-04-24 12:04:45,494 - root - INFO - | Epoch: 080/150 | Train Time: 1.206s | Train Loss: 0.022267 |
2020-04-24 12:04:46,594 - root - INFO - | Epoch: 081/150 | Train Time: 1.099s | Train Loss: 0.022339 |
2020-04-24 12:04:47,754 - root - INFO - | Epoch: 082/150 | Train Time: 1.159s | Train Loss: 0.022269 |
2020-04-24 12:04:48,854 - root - INFO - | Epoch: 083/150 | Train Time: 1.099s | Train Loss: 0.022198 |
2020-04-24 12:04:50,056 - root - INFO - | Epoch: 084/150 | Train Time: 1.201s | Train Loss: 0.022269 |
2020-04-24 12:04:51,196 - root - INFO - | Epoch: 085/150 | Train Time: 1.140s | Train Loss: 0.022206 |
2020-04-24 12:04:52,307 - root - INFO - | Epoch: 086/150 | Train Time: 1.110s | Train Loss: 0.022375 |
2020-04-24 12:04:53,491 - root - INFO - | Epoch: 087/150 | Train Time: 1.183s | Train Loss: 0.022123 |
2020-04-24 12:04:54,682 - root - INFO - | Epoch: 088/150 | Train Time: 1.190s | Train Loss: 0.022268 |
2020-04-24 12:04:55,841 - root - INFO - | Epoch: 089/150 | Train Time: 1.158s | Train Loss: 0.022104 |
2020-04-24 12:04:57,025 - root - INFO - | Epoch: 090/150 | Train Time: 1.183s | Train Loss: 0.022038 |
2020-04-24 12:04:58,198 - root - INFO - | Epoch: 091/150 | Train Time: 1.172s | Train Loss: 0.022195 |
2020-04-24 12:04:59,294 - root - INFO - | Epoch: 092/150 | Train Time: 1.095s | Train Loss: 0.022019 |
2020-04-24 12:05:00,410 - root - INFO - | Epoch: 093/150 | Train Time: 1.115s | Train Loss: 0.022236 |
2020-04-24 12:05:01,483 - root - INFO - | Epoch: 094/150 | Train Time: 1.072s | Train Loss: 0.021931 |
2020-04-24 12:05:02,628 - root - INFO - | Epoch: 095/150 | Train Time: 1.144s | Train Loss: 0.021980 |
2020-04-24 12:05:03,848 - root - INFO - | Epoch: 096/150 | Train Time: 1.219s | Train Loss: 0.021952 |
2020-04-24 12:05:04,905 - root - INFO - | Epoch: 097/150 | Train Time: 1.056s | Train Loss: 0.022074 |
2020-04-24 12:05:06,163 - root - INFO - | Epoch: 098/150 | Train Time: 1.257s | Train Loss: 0.022076 |
2020-04-24 12:05:07,318 - root - INFO - | Epoch: 099/150 | Train Time: 1.154s | Train Loss: 0.022054 |
2020-04-24 12:05:08,505 - root - INFO - | Epoch: 100/150 | Train Time: 1.186s | Train Loss: 0.021776 |
2020-04-24 12:05:08,506 - root - INFO -   LR scheduler: new learning rate is 1e-05
2020-04-24 12:05:09,709 - root - INFO - | Epoch: 101/150 | Train Time: 1.203s | Train Loss: 0.021755 |
2020-04-24 12:05:10,872 - root - INFO - | Epoch: 102/150 | Train Time: 1.162s | Train Loss: 0.021616 |
2020-04-24 12:05:12,047 - root - INFO - | Epoch: 103/150 | Train Time: 1.174s | Train Loss: 0.021603 |
2020-04-24 12:05:13,272 - root - INFO - | Epoch: 104/150 | Train Time: 1.224s | Train Loss: 0.021565 |
2020-04-24 12:05:14,368 - root - INFO - | Epoch: 105/150 | Train Time: 1.095s | Train Loss: 0.021615 |
2020-04-24 12:05:15,501 - root - INFO - | Epoch: 106/150 | Train Time: 1.132s | Train Loss: 0.021694 |
2020-04-24 12:05:16,552 - root - INFO - | Epoch: 107/150 | Train Time: 1.050s | Train Loss: 0.021627 |
2020-04-24 12:05:17,732 - root - INFO - | Epoch: 108/150 | Train Time: 1.179s | Train Loss: 0.021516 |
2020-04-24 12:05:18,919 - root - INFO - | Epoch: 109/150 | Train Time: 1.186s | Train Loss: 0.021645 |
2020-04-24 12:05:20,006 - root - INFO - | Epoch: 110/150 | Train Time: 1.086s | Train Loss: 0.021655 |
2020-04-24 12:05:21,108 - root - INFO - | Epoch: 111/150 | Train Time: 1.101s | Train Loss: 0.021432 |
2020-04-24 12:05:22,318 - root - INFO - | Epoch: 112/150 | Train Time: 1.209s | Train Loss: 0.021578 |
2020-04-24 12:05:23,374 - root - INFO - | Epoch: 113/150 | Train Time: 1.055s | Train Loss: 0.021584 |
2020-04-24 12:05:24,634 - root - INFO - | Epoch: 114/150 | Train Time: 1.260s | Train Loss: 0.021576 |
2020-04-24 12:05:25,866 - root - INFO - | Epoch: 115/150 | Train Time: 1.230s | Train Loss: 0.021565 |
2020-04-24 12:05:26,888 - root - INFO - | Epoch: 116/150 | Train Time: 1.022s | Train Loss: 0.021599 |
2020-04-24 12:05:28,055 - root - INFO - | Epoch: 117/150 | Train Time: 1.165s | Train Loss: 0.021504 |
2020-04-24 12:05:29,205 - root - INFO - | Epoch: 118/150 | Train Time: 1.149s | Train Loss: 0.021535 |
2020-04-24 12:05:30,328 - root - INFO - | Epoch: 119/150 | Train Time: 1.122s | Train Loss: 0.021645 |
2020-04-24 12:05:31,566 - root - INFO - | Epoch: 120/150 | Train Time: 1.237s | Train Loss: 0.021472 |
2020-04-24 12:05:32,773 - root - INFO - | Epoch: 121/150 | Train Time: 1.206s | Train Loss: 0.021595 |
2020-04-24 12:05:33,916 - root - INFO - | Epoch: 122/150 | Train Time: 1.141s | Train Loss: 0.021483 |
2020-04-24 12:05:35,178 - root - INFO - | Epoch: 123/150 | Train Time: 1.262s | Train Loss: 0.021449 |
2020-04-24 12:05:36,355 - root - INFO - | Epoch: 124/150 | Train Time: 1.175s | Train Loss: 0.021424 |
2020-04-24 12:05:37,545 - root - INFO - | Epoch: 125/150 | Train Time: 1.190s | Train Loss: 0.021408 |
2020-04-24 12:05:38,766 - root - INFO - | Epoch: 126/150 | Train Time: 1.220s | Train Loss: 0.021516 |
2020-04-24 12:05:39,872 - root - INFO - | Epoch: 127/150 | Train Time: 1.105s | Train Loss: 0.021444 |
2020-04-24 12:05:41,079 - root - INFO - | Epoch: 128/150 | Train Time: 1.207s | Train Loss: 0.021463 |
2020-04-24 12:05:42,281 - root - INFO - | Epoch: 129/150 | Train Time: 1.200s | Train Loss: 0.021518 |
2020-04-24 12:05:43,481 - root - INFO - | Epoch: 130/150 | Train Time: 1.199s | Train Loss: 0.021459 |
2020-04-24 12:05:44,629 - root - INFO - | Epoch: 131/150 | Train Time: 1.147s | Train Loss: 0.021544 |
2020-04-24 12:05:45,752 - root - INFO - | Epoch: 132/150 | Train Time: 1.122s | Train Loss: 0.021317 |
2020-04-24 12:05:46,866 - root - INFO - | Epoch: 133/150 | Train Time: 1.113s | Train Loss: 0.021299 |
2020-04-24 12:05:47,954 - root - INFO - | Epoch: 134/150 | Train Time: 1.088s | Train Loss: 0.021549 |
2020-04-24 12:05:49,092 - root - INFO - | Epoch: 135/150 | Train Time: 1.137s | Train Loss: 0.021600 |
2020-04-24 12:05:50,179 - root - INFO - | Epoch: 136/150 | Train Time: 1.086s | Train Loss: 0.021528 |
2020-04-24 12:05:51,335 - root - INFO - | Epoch: 137/150 | Train Time: 1.155s | Train Loss: 0.021423 |
2020-04-24 12:05:52,500 - root - INFO - | Epoch: 138/150 | Train Time: 1.164s | Train Loss: 0.021462 |
2020-04-24 12:05:53,655 - root - INFO - | Epoch: 139/150 | Train Time: 1.154s | Train Loss: 0.021509 |
2020-04-24 12:05:54,779 - root - INFO - | Epoch: 140/150 | Train Time: 1.122s | Train Loss: 0.021476 |
2020-04-24 12:05:56,040 - root - INFO - | Epoch: 141/150 | Train Time: 1.260s | Train Loss: 0.021282 |
2020-04-24 12:05:57,240 - root - INFO - | Epoch: 142/150 | Train Time: 1.199s | Train Loss: 0.021466 |
2020-04-24 12:05:58,332 - root - INFO - | Epoch: 143/150 | Train Time: 1.091s | Train Loss: 0.021386 |
2020-04-24 12:05:59,407 - root - INFO - | Epoch: 144/150 | Train Time: 1.075s | Train Loss: 0.021614 |
2020-04-24 12:06:00,540 - root - INFO - | Epoch: 145/150 | Train Time: 1.132s | Train Loss: 0.021479 |
2020-04-24 12:06:01,757 - root - INFO - | Epoch: 146/150 | Train Time: 1.215s | Train Loss: 0.021634 |
2020-04-24 12:06:02,932 - root - INFO - | Epoch: 147/150 | Train Time: 1.175s | Train Loss: 0.021438 |
2020-04-24 12:06:04,003 - root - INFO - | Epoch: 148/150 | Train Time: 1.070s | Train Loss: 0.021511 |
2020-04-24 12:06:05,074 - root - INFO - | Epoch: 149/150 | Train Time: 1.070s | Train Loss: 0.021352 |
2020-04-24 12:06:06,242 - root - INFO - | Epoch: 150/150 | Train Time: 1.167s | Train Loss: 0.021358 |
2020-04-24 12:06:06,243 - root - INFO - Pretraining Time: 166.928s
2020-04-24 12:06:06,244 - root - INFO - Finished pretraining.
2020-04-24 12:06:06,245 - root - INFO - Testing autoencoder...
2020-04-24 12:06:06,480 - root - INFO - Test Loss: 0.020312
2020-04-24 12:06:06,481 - root - INFO - Test Time: 0.234s
2020-04-24 12:06:06,482 - root - INFO - Finished testing autoencoder.
2020-04-24 12:06:06,485 - root - INFO - Hey I am loading net for you!
2020-04-24 12:06:06,487 - root - INFO - Setting hyper-parameters!
2020-04-24 12:06:06,488 - root - INFO - Initializing center c...
2020-04-24 12:06:07,291 - root - INFO - Center c initialized.
2020-04-24 12:06:07,292 - root - INFO - Starting training...
2020-04-24 12:06:08,331 - root - INFO - | Epoch: 001/150 | Train Time: 1.038s | Train Loss: 0.063045 |
2020-04-24 12:06:09,312 - root - INFO - | Epoch: 002/150 | Train Time: 0.980s | Train Loss: 0.019090 |
2020-04-24 12:06:10,379 - root - INFO - | Epoch: 003/150 | Train Time: 1.065s | Train Loss: 0.013020 |
2020-04-24 12:06:11,337 - root - INFO - | Epoch: 004/150 | Train Time: 0.957s | Train Loss: 0.010783 |
2020-04-24 12:06:12,308 - root - INFO - | Epoch: 005/150 | Train Time: 0.971s | Train Loss: 0.008167 |
2020-04-24 12:06:13,266 - root - INFO - | Epoch: 006/150 | Train Time: 0.957s | Train Loss: 0.008411 |
2020-04-24 12:06:14,361 - root - INFO - | Epoch: 007/150 | Train Time: 1.094s | Train Loss: 0.006742 |
2020-04-24 12:06:15,342 - root - INFO - | Epoch: 008/150 | Train Time: 0.980s | Train Loss: 0.006359 |
2020-04-24 12:06:16,414 - root - INFO - | Epoch: 009/150 | Train Time: 1.071s | Train Loss: 0.005661 |
2020-04-24 12:06:17,416 - root - INFO - | Epoch: 010/150 | Train Time: 1.001s | Train Loss: 0.005400 |
2020-04-24 12:06:18,450 - root - INFO - | Epoch: 011/150 | Train Time: 1.034s | Train Loss: 0.004781 |
2020-04-24 12:06:19,476 - root - INFO - | Epoch: 012/150 | Train Time: 1.025s | Train Loss: 0.004571 |
2020-04-24 12:06:20,576 - root - INFO - | Epoch: 013/150 | Train Time: 1.099s | Train Loss: 0.004171 |
2020-04-24 12:06:21,629 - root - INFO - | Epoch: 014/150 | Train Time: 1.052s | Train Loss: 0.004127 |
2020-04-24 12:06:22,715 - root - INFO - | Epoch: 015/150 | Train Time: 1.085s | Train Loss: 0.003816 |
2020-04-24 12:06:23,779 - root - INFO - | Epoch: 016/150 | Train Time: 1.063s | Train Loss: 0.003329 |
2020-04-24 12:06:24,760 - root - INFO - | Epoch: 017/150 | Train Time: 0.981s | Train Loss: 0.003579 |
2020-04-24 12:06:25,736 - root - INFO - | Epoch: 018/150 | Train Time: 0.975s | Train Loss: 0.003483 |
2020-04-24 12:06:26,698 - root - INFO - | Epoch: 019/150 | Train Time: 0.961s | Train Loss: 0.003203 |
2020-04-24 12:06:27,675 - root - INFO - | Epoch: 020/150 | Train Time: 0.976s | Train Loss: 0.002861 |
2020-04-24 12:06:28,760 - root - INFO - | Epoch: 021/150 | Train Time: 1.084s | Train Loss: 0.002896 |
2020-04-24 12:06:29,840 - root - INFO - | Epoch: 022/150 | Train Time: 1.080s | Train Loss: 0.003075 |
2020-04-24 12:06:30,838 - root - INFO - | Epoch: 023/150 | Train Time: 0.997s | Train Loss: 0.002518 |
2020-04-24 12:06:31,869 - root - INFO - | Epoch: 024/150 | Train Time: 1.030s | Train Loss: 0.002558 |
2020-04-24 12:06:32,910 - root - INFO - | Epoch: 025/150 | Train Time: 1.040s | Train Loss: 0.002626 |
2020-04-24 12:06:33,827 - root - INFO - | Epoch: 026/150 | Train Time: 0.917s | Train Loss: 0.002462 |
2020-04-24 12:06:34,859 - root - INFO - | Epoch: 027/150 | Train Time: 1.030s | Train Loss: 0.002189 |
2020-04-24 12:06:35,851 - root - INFO - | Epoch: 028/150 | Train Time: 0.991s | Train Loss: 0.002147 |
2020-04-24 12:06:36,862 - root - INFO - | Epoch: 029/150 | Train Time: 1.010s | Train Loss: 0.002255 |
2020-04-24 12:06:37,932 - root - INFO - | Epoch: 030/150 | Train Time: 1.069s | Train Loss: 0.001936 |
2020-04-24 12:06:38,820 - root - INFO - | Epoch: 031/150 | Train Time: 0.887s | Train Loss: 0.001934 |
2020-04-24 12:06:39,880 - root - INFO - | Epoch: 032/150 | Train Time: 1.059s | Train Loss: 0.001917 |
2020-04-24 12:06:40,866 - root - INFO - | Epoch: 033/150 | Train Time: 0.985s | Train Loss: 0.001787 |
2020-04-24 12:06:41,856 - root - INFO - | Epoch: 034/150 | Train Time: 0.989s | Train Loss: 0.002092 |
2020-04-24 12:06:42,872 - root - INFO - | Epoch: 035/150 | Train Time: 1.015s | Train Loss: 0.001760 |
2020-04-24 12:06:43,942 - root - INFO - | Epoch: 036/150 | Train Time: 1.069s | Train Loss: 0.001682 |
2020-04-24 12:06:44,947 - root - INFO - | Epoch: 037/150 | Train Time: 1.004s | Train Loss: 0.001736 |
2020-04-24 12:06:45,966 - root - INFO - | Epoch: 038/150 | Train Time: 1.018s | Train Loss: 0.001604 |
2020-04-24 12:06:46,991 - root - INFO - | Epoch: 039/150 | Train Time: 1.024s | Train Loss: 0.001529 |
2020-04-24 12:06:47,946 - root - INFO - | Epoch: 040/150 | Train Time: 0.954s | Train Loss: 0.001445 |
2020-04-24 12:06:49,050 - root - INFO - | Epoch: 041/150 | Train Time: 1.102s | Train Loss: 0.001510 |
2020-04-24 12:06:50,118 - root - INFO - | Epoch: 042/150 | Train Time: 1.068s | Train Loss: 0.001666 |
2020-04-24 12:06:51,130 - root - INFO - | Epoch: 043/150 | Train Time: 1.011s | Train Loss: 0.001467 |
2020-04-24 12:06:52,178 - root - INFO - | Epoch: 044/150 | Train Time: 1.047s | Train Loss: 0.001252 |
2020-04-24 12:06:53,079 - root - INFO - | Epoch: 045/150 | Train Time: 0.900s | Train Loss: 0.001456 |
2020-04-24 12:06:54,083 - root - INFO - | Epoch: 046/150 | Train Time: 1.002s | Train Loss: 0.001474 |
2020-04-24 12:06:55,059 - root - INFO - | Epoch: 047/150 | Train Time: 0.976s | Train Loss: 0.001435 |
2020-04-24 12:06:56,067 - root - INFO - | Epoch: 048/150 | Train Time: 1.007s | Train Loss: 0.001258 |
2020-04-24 12:06:57,166 - root - INFO - | Epoch: 049/150 | Train Time: 1.098s | Train Loss: 0.001283 |
2020-04-24 12:06:58,162 - root - INFO - | Epoch: 050/150 | Train Time: 0.995s | Train Loss: 0.001133 |
2020-04-24 12:06:58,164 - root - INFO -   LR scheduler: new learning rate is 1e-06
2020-04-24 12:06:59,219 - root - INFO - | Epoch: 051/150 | Train Time: 1.055s | Train Loss: 0.001146 |
2020-04-24 12:07:00,199 - root - INFO - | Epoch: 052/150 | Train Time: 0.979s | Train Loss: 0.001059 |
2020-04-24 12:07:01,144 - root - INFO - | Epoch: 053/150 | Train Time: 0.944s | Train Loss: 0.001103 |
2020-04-24 12:07:02,076 - root - INFO - | Epoch: 054/150 | Train Time: 0.931s | Train Loss: 0.001061 |
2020-04-24 12:07:03,000 - root - INFO - | Epoch: 055/150 | Train Time: 0.923s | Train Loss: 0.001029 |
2020-04-24 12:07:03,987 - root - INFO - | Epoch: 056/150 | Train Time: 0.986s | Train Loss: 0.000926 |
2020-04-24 12:07:04,965 - root - INFO - | Epoch: 057/150 | Train Time: 0.977s | Train Loss: 0.001008 |
2020-04-24 12:07:05,882 - root - INFO - | Epoch: 058/150 | Train Time: 0.916s | Train Loss: 0.000981 |
2020-04-24 12:07:06,744 - root - INFO - | Epoch: 059/150 | Train Time: 0.861s | Train Loss: 0.001063 |
2020-04-24 12:07:07,686 - root - INFO - | Epoch: 060/150 | Train Time: 0.941s | Train Loss: 0.001036 |
2020-04-24 12:07:08,574 - root - INFO - | Epoch: 061/150 | Train Time: 0.887s | Train Loss: 0.001060 |
2020-04-24 12:07:09,526 - root - INFO - | Epoch: 062/150 | Train Time: 0.950s | Train Loss: 0.001006 |
2020-04-24 12:07:10,498 - root - INFO - | Epoch: 063/150 | Train Time: 0.971s | Train Loss: 0.001055 |
2020-04-24 12:07:11,448 - root - INFO - | Epoch: 064/150 | Train Time: 0.949s | Train Loss: 0.000983 |
2020-04-24 12:07:12,308 - root - INFO - | Epoch: 065/150 | Train Time: 0.860s | Train Loss: 0.001227 |
2020-04-24 12:07:13,283 - root - INFO - | Epoch: 066/150 | Train Time: 0.974s | Train Loss: 0.000939 |
2020-04-24 12:07:14,147 - root - INFO - | Epoch: 067/150 | Train Time: 0.863s | Train Loss: 0.001015 |
2020-04-24 12:07:15,004 - root - INFO - | Epoch: 068/150 | Train Time: 0.856s | Train Loss: 0.001049 |
2020-04-24 12:07:15,960 - root - INFO - | Epoch: 069/150 | Train Time: 0.956s | Train Loss: 0.001047 |
2020-04-24 12:07:16,818 - root - INFO - | Epoch: 070/150 | Train Time: 0.857s | Train Loss: 0.001083 |
2020-04-24 12:07:17,702 - root - INFO - | Epoch: 071/150 | Train Time: 0.883s | Train Loss: 0.000959 |
2020-04-24 12:07:18,661 - root - INFO - | Epoch: 072/150 | Train Time: 0.958s | Train Loss: 0.000894 |
2020-04-24 12:07:19,640 - root - INFO - | Epoch: 073/150 | Train Time: 0.978s | Train Loss: 0.001024 |
2020-04-24 12:07:20,520 - root - INFO - | Epoch: 074/150 | Train Time: 0.879s | Train Loss: 0.001019 |
2020-04-24 12:07:21,469 - root - INFO - | Epoch: 075/150 | Train Time: 0.948s | Train Loss: 0.000962 |
2020-04-24 12:07:22,353 - root - INFO - | Epoch: 076/150 | Train Time: 0.883s | Train Loss: 0.000981 |
2020-04-24 12:07:23,223 - root - INFO - | Epoch: 077/150 | Train Time: 0.869s | Train Loss: 0.000969 |
2020-04-24 12:07:24,181 - root - INFO - | Epoch: 078/150 | Train Time: 0.957s | Train Loss: 0.001189 |
2020-04-24 12:07:25,098 - root - INFO - | Epoch: 079/150 | Train Time: 0.917s | Train Loss: 0.001088 |
2020-04-24 12:07:26,000 - root - INFO - | Epoch: 080/150 | Train Time: 0.901s | Train Loss: 0.001131 |
2020-04-24 12:07:26,857 - root - INFO - | Epoch: 081/150 | Train Time: 0.856s | Train Loss: 0.000969 |
2020-04-24 12:07:27,743 - root - INFO - | Epoch: 082/150 | Train Time: 0.886s | Train Loss: 0.000926 |
2020-04-24 12:07:28,598 - root - INFO - | Epoch: 083/150 | Train Time: 0.854s | Train Loss: 0.000891 |
2020-04-24 12:07:29,544 - root - INFO - | Epoch: 084/150 | Train Time: 0.945s | Train Loss: 0.000907 |
2020-04-24 12:07:30,422 - root - INFO - | Epoch: 085/150 | Train Time: 0.877s | Train Loss: 0.000950 |
2020-04-24 12:07:31,283 - root - INFO - | Epoch: 086/150 | Train Time: 0.859s | Train Loss: 0.001122 |
2020-04-24 12:07:32,195 - root - INFO - | Epoch: 087/150 | Train Time: 0.911s | Train Loss: 0.001011 |
2020-04-24 12:07:33,084 - root - INFO - | Epoch: 088/150 | Train Time: 0.889s | Train Loss: 0.000942 |
2020-04-24 12:07:33,933 - root - INFO - | Epoch: 089/150 | Train Time: 0.848s | Train Loss: 0.000933 |
2020-04-24 12:07:34,827 - root - INFO - | Epoch: 090/150 | Train Time: 0.893s | Train Loss: 0.000962 |
2020-04-24 12:07:35,688 - root - INFO - | Epoch: 091/150 | Train Time: 0.860s | Train Loss: 0.000848 |
2020-04-24 12:07:36,559 - root - INFO - | Epoch: 092/150 | Train Time: 0.871s | Train Loss: 0.000826 |
2020-04-24 12:07:37,450 - root - INFO - | Epoch: 093/150 | Train Time: 0.889s | Train Loss: 0.000802 |
2020-04-24 12:07:38,356 - root - INFO - | Epoch: 094/150 | Train Time: 0.905s | Train Loss: 0.000888 |
2020-04-24 12:07:39,235 - root - INFO - | Epoch: 095/150 | Train Time: 0.878s | Train Loss: 0.000819 |
2020-04-24 12:07:40,136 - root - INFO - | Epoch: 096/150 | Train Time: 0.901s | Train Loss: 0.000834 |
2020-04-24 12:07:41,057 - root - INFO - | Epoch: 097/150 | Train Time: 0.920s | Train Loss: 0.000900 |
2020-04-24 12:07:41,936 - root - INFO - | Epoch: 098/150 | Train Time: 0.878s | Train Loss: 0.000894 |
2020-04-24 12:07:42,847 - root - INFO - | Epoch: 099/150 | Train Time: 0.909s | Train Loss: 0.000783 |
2020-04-24 12:07:43,679 - root - INFO - | Epoch: 100/150 | Train Time: 0.831s | Train Loss: 0.000876 |
2020-04-24 12:07:43,680 - root - INFO -   LR scheduler: new learning rate is 1e-07
2020-04-24 12:07:44,566 - root - INFO - | Epoch: 101/150 | Train Time: 0.885s | Train Loss: 0.000874 |
2020-04-24 12:07:45,468 - root - INFO - | Epoch: 102/150 | Train Time: 0.901s | Train Loss: 0.001028 |
2020-04-24 12:07:46,373 - root - INFO - | Epoch: 103/150 | Train Time: 0.903s | Train Loss: 0.000805 |
2020-04-24 12:07:47,322 - root - INFO - | Epoch: 104/150 | Train Time: 0.948s | Train Loss: 0.000871 |
2020-04-24 12:07:48,222 - root - INFO - | Epoch: 105/150 | Train Time: 0.899s | Train Loss: 0.000827 |
2020-04-24 12:07:49,100 - root - INFO - | Epoch: 106/150 | Train Time: 0.877s | Train Loss: 0.000839 |
2020-04-24 12:07:49,962 - root - INFO - | Epoch: 107/150 | Train Time: 0.862s | Train Loss: 0.000888 |
2020-04-24 12:07:50,896 - root - INFO - | Epoch: 108/150 | Train Time: 0.933s | Train Loss: 0.000874 |
2020-04-24 12:07:51,765 - root - INFO - | Epoch: 109/150 | Train Time: 0.868s | Train Loss: 0.000949 |
2020-04-24 12:07:52,625 - root - INFO - | Epoch: 110/150 | Train Time: 0.859s | Train Loss: 0.000916 |
2020-04-24 12:07:53,530 - root - INFO - | Epoch: 111/150 | Train Time: 0.904s | Train Loss: 0.000785 |
2020-04-24 12:07:54,437 - root - INFO - | Epoch: 112/150 | Train Time: 0.906s | Train Loss: 0.000822 |
2020-04-24 12:07:55,335 - root - INFO - | Epoch: 113/150 | Train Time: 0.897s | Train Loss: 0.000836 |
2020-04-24 12:07:56,199 - root - INFO - | Epoch: 114/150 | Train Time: 0.863s | Train Loss: 0.000882 |
2020-04-24 12:07:57,111 - root - INFO - | Epoch: 115/150 | Train Time: 0.911s | Train Loss: 0.000777 |
2020-04-24 12:07:58,030 - root - INFO - | Epoch: 116/150 | Train Time: 0.918s | Train Loss: 0.001046 |
2020-04-24 12:07:58,907 - root - INFO - | Epoch: 117/150 | Train Time: 0.876s | Train Loss: 0.000802 |
2020-04-24 12:07:59,763 - root - INFO - | Epoch: 118/150 | Train Time: 0.855s | Train Loss: 0.000791 |
2020-04-24 12:08:00,651 - root - INFO - | Epoch: 119/150 | Train Time: 0.887s | Train Loss: 0.000785 |
2020-04-24 12:08:01,501 - root - INFO - | Epoch: 120/150 | Train Time: 0.849s | Train Loss: 0.000843 |
2020-04-24 12:08:02,360 - root - INFO - | Epoch: 121/150 | Train Time: 0.858s | Train Loss: 0.000801 |
2020-04-24 12:08:03,258 - root - INFO - | Epoch: 122/150 | Train Time: 0.898s | Train Loss: 0.000949 |
2020-04-24 12:08:04,132 - root - INFO - | Epoch: 123/150 | Train Time: 0.873s | Train Loss: 0.000860 |
2020-04-24 12:08:04,999 - root - INFO - | Epoch: 124/150 | Train Time: 0.865s | Train Loss: 0.001049 |
2020-04-24 12:08:05,843 - root - INFO - | Epoch: 125/150 | Train Time: 0.844s | Train Loss: 0.000845 |
2020-04-24 12:08:06,763 - root - INFO - | Epoch: 126/150 | Train Time: 0.918s | Train Loss: 0.000780 |
2020-04-24 12:08:07,772 - root - INFO - | Epoch: 127/150 | Train Time: 1.008s | Train Loss: 0.001000 |
2020-04-24 12:08:08,603 - root - INFO - | Epoch: 128/150 | Train Time: 0.830s | Train Loss: 0.001743 |
2020-04-24 12:08:09,476 - root - INFO - | Epoch: 129/150 | Train Time: 0.872s | Train Loss: 0.000820 |
2020-04-24 12:08:10,392 - root - INFO - | Epoch: 130/150 | Train Time: 0.915s | Train Loss: 0.000828 |
2020-04-24 12:08:11,257 - root - INFO - | Epoch: 131/150 | Train Time: 0.864s | Train Loss: 0.000950 |
2020-04-24 12:08:12,135 - root - INFO - | Epoch: 132/150 | Train Time: 0.877s | Train Loss: 0.000816 |
2020-04-24 12:08:13,079 - root - INFO - | Epoch: 133/150 | Train Time: 0.943s | Train Loss: 0.000816 |
2020-04-24 12:08:13,935 - root - INFO - | Epoch: 134/150 | Train Time: 0.855s | Train Loss: 0.000811 |
2020-04-24 12:08:14,841 - root - INFO - | Epoch: 135/150 | Train Time: 0.905s | Train Loss: 0.000870 |
2020-04-24 12:08:15,687 - root - INFO - | Epoch: 136/150 | Train Time: 0.845s | Train Loss: 0.000842 |
2020-04-24 12:08:16,586 - root - INFO - | Epoch: 137/150 | Train Time: 0.898s | Train Loss: 0.000883 |
2020-04-24 12:08:17,475 - root - INFO - | Epoch: 138/150 | Train Time: 0.888s | Train Loss: 0.000841 |
2020-04-24 12:08:18,442 - root - INFO - | Epoch: 139/150 | Train Time: 0.966s | Train Loss: 0.000849 |
2020-04-24 12:08:19,330 - root - INFO - | Epoch: 140/150 | Train Time: 0.887s | Train Loss: 0.000762 |
2020-04-24 12:08:20,241 - root - INFO - | Epoch: 141/150 | Train Time: 0.910s | Train Loss: 0.000816 |
2020-04-24 12:08:21,114 - root - INFO - | Epoch: 142/150 | Train Time: 0.873s | Train Loss: 0.000940 |
2020-04-24 12:08:22,012 - root - INFO - | Epoch: 143/150 | Train Time: 0.897s | Train Loss: 0.000785 |
2020-04-24 12:08:22,861 - root - INFO - | Epoch: 144/150 | Train Time: 0.848s | Train Loss: 0.000816 |
2020-04-24 12:08:23,746 - root - INFO - | Epoch: 145/150 | Train Time: 0.884s | Train Loss: 0.000851 |
2020-04-24 12:08:24,624 - root - INFO - | Epoch: 146/150 | Train Time: 0.877s | Train Loss: 0.001128 |
2020-04-24 12:08:25,496 - root - INFO - | Epoch: 147/150 | Train Time: 0.872s | Train Loss: 0.000860 |
2020-04-24 12:08:26,386 - root - INFO - | Epoch: 148/150 | Train Time: 0.889s | Train Loss: 0.000834 |
2020-04-24 12:08:27,349 - root - INFO - | Epoch: 149/150 | Train Time: 0.962s | Train Loss: 0.000873 |
2020-04-24 12:08:28,212 - root - INFO - | Epoch: 150/150 | Train Time: 0.862s | Train Loss: 0.000760 |
2020-04-24 12:08:28,213 - root - INFO - Training Time: 140.920s
2020-04-24 12:08:28,213 - root - INFO - Finished training.
2020-04-24 12:08:28,222 - root - INFO - Starting testing...
2020-04-24 12:08:28,438 - root - INFO - Test Loss: 0.003930
2020-04-24 12:08:28,439 - root - INFO - Test AUC: 100.00%
2020-04-24 12:08:28,439 - root - INFO - Test Time: 0.213s
2020-04-24 12:08:28,439 - root - INFO - Finished testing.
