2020-04-23 22:11:43,336 - root - INFO - I am pre-training for you.
2020-04-23 22:11:46,752 - root - INFO - | Epoch: 001/150 | Train Time: 1.100s | Train Loss: 0.046718 |
2020-04-23 22:11:47,885 - root - INFO - | Epoch: 002/150 | Train Time: 1.132s | Train Loss: 0.028819 |
2020-04-23 22:11:49,021 - root - INFO - | Epoch: 003/150 | Train Time: 1.135s | Train Loss: 0.027616 |
2020-04-23 22:11:50,152 - root - INFO - | Epoch: 004/150 | Train Time: 1.129s | Train Loss: 0.026787 |
2020-04-23 22:11:51,299 - root - INFO - | Epoch: 005/150 | Train Time: 1.146s | Train Loss: 0.026326 |
2020-04-23 22:11:52,358 - root - INFO - | Epoch: 006/150 | Train Time: 1.058s | Train Loss: 0.025840 |
2020-04-23 22:11:53,441 - root - INFO - | Epoch: 007/150 | Train Time: 1.082s | Train Loss: 0.025386 |
2020-04-23 22:11:54,544 - root - INFO - | Epoch: 008/150 | Train Time: 1.102s | Train Loss: 0.025454 |
2020-04-23 22:11:55,662 - root - INFO - | Epoch: 009/150 | Train Time: 1.116s | Train Loss: 0.025290 |
2020-04-23 22:11:56,757 - root - INFO - | Epoch: 010/150 | Train Time: 1.094s | Train Loss: 0.025181 |
2020-04-23 22:11:57,875 - root - INFO - | Epoch: 011/150 | Train Time: 1.117s | Train Loss: 0.025313 |
2020-04-23 22:11:58,999 - root - INFO - | Epoch: 012/150 | Train Time: 1.123s | Train Loss: 0.025248 |
2020-04-23 22:12:00,093 - root - INFO - | Epoch: 013/150 | Train Time: 1.093s | Train Loss: 0.025145 |
2020-04-23 22:12:01,230 - root - INFO - | Epoch: 014/150 | Train Time: 1.137s | Train Loss: 0.024939 |
2020-04-23 22:12:02,450 - root - INFO - | Epoch: 015/150 | Train Time: 1.219s | Train Loss: 0.024684 |
2020-04-23 22:12:03,563 - root - INFO - | Epoch: 016/150 | Train Time: 1.112s | Train Loss: 0.025175 |
2020-04-23 22:12:04,661 - root - INFO - | Epoch: 017/150 | Train Time: 1.097s | Train Loss: 0.024819 |
2020-04-23 22:12:05,754 - root - INFO - | Epoch: 018/150 | Train Time: 1.093s | Train Loss: 0.024849 |
2020-04-23 22:12:06,875 - root - INFO - | Epoch: 019/150 | Train Time: 1.119s | Train Loss: 0.024809 |
2020-04-23 22:12:08,074 - root - INFO - | Epoch: 020/150 | Train Time: 1.198s | Train Loss: 0.024952 |
2020-04-23 22:12:09,261 - root - INFO - | Epoch: 021/150 | Train Time: 1.185s | Train Loss: 0.024666 |
2020-04-23 22:12:10,343 - root - INFO - | Epoch: 022/150 | Train Time: 1.082s | Train Loss: 0.024799 |
2020-04-23 22:12:11,382 - root - INFO - | Epoch: 023/150 | Train Time: 1.038s | Train Loss: 0.024672 |
2020-04-23 22:12:12,450 - root - INFO - | Epoch: 024/150 | Train Time: 1.067s | Train Loss: 0.024835 |
2020-04-23 22:12:13,544 - root - INFO - | Epoch: 025/150 | Train Time: 1.093s | Train Loss: 0.024696 |
2020-04-23 22:12:14,660 - root - INFO - | Epoch: 026/150 | Train Time: 1.115s | Train Loss: 0.024791 |
2020-04-23 22:12:15,779 - root - INFO - | Epoch: 027/150 | Train Time: 1.118s | Train Loss: 0.024542 |
2020-04-23 22:12:16,898 - root - INFO - | Epoch: 028/150 | Train Time: 1.119s | Train Loss: 0.024536 |
2020-04-23 22:12:18,019 - root - INFO - | Epoch: 029/150 | Train Time: 1.119s | Train Loss: 0.024652 |
2020-04-23 22:12:19,145 - root - INFO - | Epoch: 030/150 | Train Time: 1.125s | Train Loss: 0.024485 |
2020-04-23 22:12:20,281 - root - INFO - | Epoch: 031/150 | Train Time: 1.135s | Train Loss: 0.024489 |
2020-04-23 22:12:21,435 - root - INFO - | Epoch: 032/150 | Train Time: 1.154s | Train Loss: 0.024876 |
2020-04-23 22:12:22,584 - root - INFO - | Epoch: 033/150 | Train Time: 1.147s | Train Loss: 0.024637 |
2020-04-23 22:12:23,729 - root - INFO - | Epoch: 034/150 | Train Time: 1.144s | Train Loss: 0.024493 |
2020-04-23 22:12:24,900 - root - INFO - | Epoch: 035/150 | Train Time: 1.171s | Train Loss: 0.024694 |
2020-04-23 22:12:26,047 - root - INFO - | Epoch: 036/150 | Train Time: 1.146s | Train Loss: 0.024639 |
2020-04-23 22:12:27,127 - root - INFO - | Epoch: 037/150 | Train Time: 1.079s | Train Loss: 0.024572 |
2020-04-23 22:12:28,229 - root - INFO - | Epoch: 038/150 | Train Time: 1.101s | Train Loss: 0.024358 |
2020-04-23 22:12:29,313 - root - INFO - | Epoch: 039/150 | Train Time: 1.083s | Train Loss: 0.024472 |
2020-04-23 22:12:30,432 - root - INFO - | Epoch: 040/150 | Train Time: 1.118s | Train Loss: 0.024341 |
2020-04-23 22:12:31,560 - root - INFO - | Epoch: 041/150 | Train Time: 1.127s | Train Loss: 0.024746 |
2020-04-23 22:12:32,739 - root - INFO - | Epoch: 042/150 | Train Time: 1.178s | Train Loss: 0.024591 |
2020-04-23 22:12:33,859 - root - INFO - | Epoch: 043/150 | Train Time: 1.119s | Train Loss: 0.024491 |
2020-04-23 22:12:34,997 - root - INFO - | Epoch: 044/150 | Train Time: 1.137s | Train Loss: 0.024292 |
2020-04-23 22:12:36,092 - root - INFO - | Epoch: 045/150 | Train Time: 1.095s | Train Loss: 0.024599 |
2020-04-23 22:12:37,202 - root - INFO - | Epoch: 046/150 | Train Time: 1.109s | Train Loss: 0.024575 |
2020-04-23 22:12:38,312 - root - INFO - | Epoch: 047/150 | Train Time: 1.109s | Train Loss: 0.024408 |
2020-04-23 22:12:39,483 - root - INFO - | Epoch: 048/150 | Train Time: 1.170s | Train Loss: 0.024242 |
2020-04-23 22:12:40,573 - root - INFO - | Epoch: 049/150 | Train Time: 1.089s | Train Loss: 0.024685 |
2020-04-23 22:12:41,662 - root - INFO - | Epoch: 050/150 | Train Time: 1.088s | Train Loss: 0.023543 |
2020-04-23 22:12:41,663 - root - INFO -   LR scheduler: new learning rate is 0.0001
2020-04-23 22:12:42,812 - root - INFO - | Epoch: 051/150 | Train Time: 1.149s | Train Loss: 0.023131 |
2020-04-23 22:12:43,997 - root - INFO - | Epoch: 052/150 | Train Time: 1.184s | Train Loss: 0.023122 |
2020-04-23 22:12:45,089 - root - INFO - | Epoch: 053/150 | Train Time: 1.091s | Train Loss: 0.022957 |
2020-04-23 22:12:46,190 - root - INFO - | Epoch: 054/150 | Train Time: 1.097s | Train Loss: 0.022999 |
2020-04-23 22:12:47,250 - root - INFO - | Epoch: 055/150 | Train Time: 1.060s | Train Loss: 0.022861 |
2020-04-23 22:12:48,392 - root - INFO - | Epoch: 056/150 | Train Time: 1.141s | Train Loss: 0.022851 |
2020-04-23 22:12:49,518 - root - INFO - | Epoch: 057/150 | Train Time: 1.126s | Train Loss: 0.022745 |
2020-04-23 22:12:50,633 - root - INFO - | Epoch: 058/150 | Train Time: 1.113s | Train Loss: 0.022792 |
2020-04-23 22:12:51,781 - root - INFO - | Epoch: 059/150 | Train Time: 1.147s | Train Loss: 0.022958 |
2020-04-23 22:12:52,907 - root - INFO - | Epoch: 060/150 | Train Time: 1.124s | Train Loss: 0.022820 |
2020-04-23 22:12:54,012 - root - INFO - | Epoch: 061/150 | Train Time: 1.105s | Train Loss: 0.022750 |
2020-04-23 22:12:55,149 - root - INFO - | Epoch: 062/150 | Train Time: 1.136s | Train Loss: 0.022568 |
2020-04-23 22:12:56,224 - root - INFO - | Epoch: 063/150 | Train Time: 1.074s | Train Loss: 0.022599 |
2020-04-23 22:12:57,368 - root - INFO - | Epoch: 064/150 | Train Time: 1.144s | Train Loss: 0.022797 |
2020-04-23 22:12:58,538 - root - INFO - | Epoch: 065/150 | Train Time: 1.168s | Train Loss: 0.022545 |
2020-04-23 22:12:59,657 - root - INFO - | Epoch: 066/150 | Train Time: 1.118s | Train Loss: 0.022579 |
2020-04-23 22:13:00,803 - root - INFO - | Epoch: 067/150 | Train Time: 1.145s | Train Loss: 0.022695 |
2020-04-23 22:13:01,942 - root - INFO - | Epoch: 068/150 | Train Time: 1.138s | Train Loss: 0.022446 |
2020-04-23 22:13:03,111 - root - INFO - | Epoch: 069/150 | Train Time: 1.168s | Train Loss: 0.022414 |
2020-04-23 22:13:04,234 - root - INFO - | Epoch: 070/150 | Train Time: 1.123s | Train Loss: 0.022498 |
2020-04-23 22:13:05,335 - root - INFO - | Epoch: 071/150 | Train Time: 1.099s | Train Loss: 0.022553 |
2020-04-23 22:13:06,521 - root - INFO - | Epoch: 072/150 | Train Time: 1.185s | Train Loss: 0.022481 |
2020-04-23 22:13:07,641 - root - INFO - | Epoch: 073/150 | Train Time: 1.119s | Train Loss: 0.022477 |
2020-04-23 22:13:08,760 - root - INFO - | Epoch: 074/150 | Train Time: 1.118s | Train Loss: 0.022350 |
2020-04-23 22:13:09,821 - root - INFO - | Epoch: 075/150 | Train Time: 1.060s | Train Loss: 0.022300 |
2020-04-23 22:13:10,905 - root - INFO - | Epoch: 076/150 | Train Time: 1.083s | Train Loss: 0.022471 |
2020-04-23 22:13:11,995 - root - INFO - | Epoch: 077/150 | Train Time: 1.089s | Train Loss: 0.022451 |
2020-04-23 22:13:13,123 - root - INFO - | Epoch: 078/150 | Train Time: 1.127s | Train Loss: 0.022270 |
2020-04-23 22:13:14,285 - root - INFO - | Epoch: 079/150 | Train Time: 1.161s | Train Loss: 0.022460 |
2020-04-23 22:13:15,390 - root - INFO - | Epoch: 080/150 | Train Time: 1.104s | Train Loss: 0.022155 |
2020-04-23 22:13:16,503 - root - INFO - | Epoch: 081/150 | Train Time: 1.112s | Train Loss: 0.022129 |
2020-04-23 22:13:17,631 - root - INFO - | Epoch: 082/150 | Train Time: 1.127s | Train Loss: 0.022195 |
2020-04-23 22:13:18,738 - root - INFO - | Epoch: 083/150 | Train Time: 1.106s | Train Loss: 0.022246 |
2020-04-23 22:13:19,940 - root - INFO - | Epoch: 084/150 | Train Time: 1.201s | Train Loss: 0.022257 |
2020-04-23 22:13:21,080 - root - INFO - | Epoch: 085/150 | Train Time: 1.139s | Train Loss: 0.022113 |
2020-04-23 22:13:22,244 - root - INFO - | Epoch: 086/150 | Train Time: 1.163s | Train Loss: 0.022047 |
2020-04-23 22:13:23,365 - root - INFO - | Epoch: 087/150 | Train Time: 1.120s | Train Loss: 0.022176 |
2020-04-23 22:13:24,452 - root - INFO - | Epoch: 088/150 | Train Time: 1.086s | Train Loss: 0.022113 |
2020-04-23 22:13:25,569 - root - INFO - | Epoch: 089/150 | Train Time: 1.116s | Train Loss: 0.021958 |
2020-04-23 22:13:26,706 - root - INFO - | Epoch: 090/150 | Train Time: 1.136s | Train Loss: 0.022259 |
2020-04-23 22:13:27,765 - root - INFO - | Epoch: 091/150 | Train Time: 1.058s | Train Loss: 0.022210 |
2020-04-23 22:13:28,912 - root - INFO - | Epoch: 092/150 | Train Time: 1.146s | Train Loss: 0.022139 |
2020-04-23 22:13:30,025 - root - INFO - | Epoch: 093/150 | Train Time: 1.112s | Train Loss: 0.021920 |
2020-04-23 22:13:31,157 - root - INFO - | Epoch: 094/150 | Train Time: 1.131s | Train Loss: 0.021980 |
2020-04-23 22:13:32,271 - root - INFO - | Epoch: 095/150 | Train Time: 1.114s | Train Loss: 0.022092 |
2020-04-23 22:13:33,282 - root - INFO - | Epoch: 096/150 | Train Time: 1.010s | Train Loss: 0.022078 |
2020-04-23 22:13:34,405 - root - INFO - | Epoch: 097/150 | Train Time: 1.121s | Train Loss: 0.022069 |
2020-04-23 22:13:35,582 - root - INFO - | Epoch: 098/150 | Train Time: 1.177s | Train Loss: 0.022015 |
2020-04-23 22:13:36,690 - root - INFO - | Epoch: 099/150 | Train Time: 1.106s | Train Loss: 0.021900 |
2020-04-23 22:13:37,787 - root - INFO - | Epoch: 100/150 | Train Time: 1.096s | Train Loss: 0.021647 |
2020-04-23 22:13:37,788 - root - INFO -   LR scheduler: new learning rate is 1e-05
2020-04-23 22:13:38,900 - root - INFO - | Epoch: 101/150 | Train Time: 1.111s | Train Loss: 0.021545 |
2020-04-23 22:13:40,006 - root - INFO - | Epoch: 102/150 | Train Time: 1.106s | Train Loss: 0.021662 |
2020-04-23 22:13:41,162 - root - INFO - | Epoch: 103/150 | Train Time: 1.155s | Train Loss: 0.021546 |
2020-04-23 22:13:42,283 - root - INFO - | Epoch: 104/150 | Train Time: 1.120s | Train Loss: 0.021495 |
2020-04-23 22:13:43,337 - root - INFO - | Epoch: 105/150 | Train Time: 1.054s | Train Loss: 0.021424 |
2020-04-23 22:13:44,457 - root - INFO - | Epoch: 106/150 | Train Time: 1.119s | Train Loss: 0.021496 |
2020-04-23 22:13:45,554 - root - INFO - | Epoch: 107/150 | Train Time: 1.097s | Train Loss: 0.021459 |
2020-04-23 22:13:46,746 - root - INFO - | Epoch: 108/150 | Train Time: 1.190s | Train Loss: 0.021596 |
2020-04-23 22:13:47,787 - root - INFO - | Epoch: 109/150 | Train Time: 1.040s | Train Loss: 0.021313 |
2020-04-23 22:13:48,949 - root - INFO - | Epoch: 110/150 | Train Time: 1.161s | Train Loss: 0.021360 |
2020-04-23 22:13:50,096 - root - INFO - | Epoch: 111/150 | Train Time: 1.146s | Train Loss: 0.021426 |
2020-04-23 22:13:51,306 - root - INFO - | Epoch: 112/150 | Train Time: 1.209s | Train Loss: 0.021474 |
2020-04-23 22:13:52,477 - root - INFO - | Epoch: 113/150 | Train Time: 1.170s | Train Loss: 0.021380 |
2020-04-23 22:13:53,607 - root - INFO - | Epoch: 114/150 | Train Time: 1.129s | Train Loss: 0.021329 |
2020-04-23 22:13:54,756 - root - INFO - | Epoch: 115/150 | Train Time: 1.148s | Train Loss: 0.021336 |
2020-04-23 22:13:55,868 - root - INFO - | Epoch: 116/150 | Train Time: 1.112s | Train Loss: 0.021454 |
2020-04-23 22:13:57,010 - root - INFO - | Epoch: 117/150 | Train Time: 1.141s | Train Loss: 0.021346 |
2020-04-23 22:13:58,173 - root - INFO - | Epoch: 118/150 | Train Time: 1.162s | Train Loss: 0.021410 |
2020-04-23 22:13:59,355 - root - INFO - | Epoch: 119/150 | Train Time: 1.181s | Train Loss: 0.021277 |
2020-04-23 22:14:00,538 - root - INFO - | Epoch: 120/150 | Train Time: 1.183s | Train Loss: 0.021512 |
2020-04-23 22:14:01,615 - root - INFO - | Epoch: 121/150 | Train Time: 1.076s | Train Loss: 0.021301 |
2020-04-23 22:14:02,749 - root - INFO - | Epoch: 122/150 | Train Time: 1.133s | Train Loss: 0.021429 |
2020-04-23 22:14:03,881 - root - INFO - | Epoch: 123/150 | Train Time: 1.131s | Train Loss: 0.021399 |
2020-04-23 22:14:04,998 - root - INFO - | Epoch: 124/150 | Train Time: 1.116s | Train Loss: 0.021251 |
2020-04-23 22:14:06,170 - root - INFO - | Epoch: 125/150 | Train Time: 1.170s | Train Loss: 0.021249 |
2020-04-23 22:14:07,313 - root - INFO - | Epoch: 126/150 | Train Time: 1.142s | Train Loss: 0.021228 |
2020-04-23 22:14:08,483 - root - INFO - | Epoch: 127/150 | Train Time: 1.169s | Train Loss: 0.021306 |
2020-04-23 22:14:09,616 - root - INFO - | Epoch: 128/150 | Train Time: 1.132s | Train Loss: 0.021361 |
2020-04-23 22:14:10,718 - root - INFO - | Epoch: 129/150 | Train Time: 1.101s | Train Loss: 0.021398 |
2020-04-23 22:14:11,843 - root - INFO - | Epoch: 130/150 | Train Time: 1.124s | Train Loss: 0.021260 |
2020-04-23 22:14:12,967 - root - INFO - | Epoch: 131/150 | Train Time: 1.123s | Train Loss: 0.021317 |
2020-04-23 22:14:14,090 - root - INFO - | Epoch: 132/150 | Train Time: 1.122s | Train Loss: 0.021339 |
2020-04-23 22:14:15,173 - root - INFO - | Epoch: 133/150 | Train Time: 1.082s | Train Loss: 0.021337 |
2020-04-23 22:14:16,267 - root - INFO - | Epoch: 134/150 | Train Time: 1.093s | Train Loss: 0.021362 |
2020-04-23 22:14:17,417 - root - INFO - | Epoch: 135/150 | Train Time: 1.150s | Train Loss: 0.021299 |
2020-04-23 22:14:18,546 - root - INFO - | Epoch: 136/150 | Train Time: 1.128s | Train Loss: 0.021376 |
2020-04-23 22:14:19,692 - root - INFO - | Epoch: 137/150 | Train Time: 1.145s | Train Loss: 0.021347 |
2020-04-23 22:14:20,714 - root - INFO - | Epoch: 138/150 | Train Time: 1.021s | Train Loss: 0.021273 |
2020-04-23 22:14:21,871 - root - INFO - | Epoch: 139/150 | Train Time: 1.157s | Train Loss: 0.021238 |
2020-04-23 22:14:23,093 - root - INFO - | Epoch: 140/150 | Train Time: 1.220s | Train Loss: 0.021331 |
2020-04-23 22:14:24,256 - root - INFO - | Epoch: 141/150 | Train Time: 1.162s | Train Loss: 0.021393 |
2020-04-23 22:14:25,392 - root - INFO - | Epoch: 142/150 | Train Time: 1.135s | Train Loss: 0.021352 |
2020-04-23 22:14:26,478 - root - INFO - | Epoch: 143/150 | Train Time: 1.086s | Train Loss: 0.021362 |
2020-04-23 22:14:27,562 - root - INFO - | Epoch: 144/150 | Train Time: 1.083s | Train Loss: 0.021258 |
2020-04-23 22:14:28,647 - root - INFO - | Epoch: 145/150 | Train Time: 1.085s | Train Loss: 0.021231 |
2020-04-23 22:14:29,801 - root - INFO - | Epoch: 146/150 | Train Time: 1.152s | Train Loss: 0.021226 |
2020-04-23 22:14:30,913 - root - INFO - | Epoch: 147/150 | Train Time: 1.111s | Train Loss: 0.021267 |
2020-04-23 22:14:31,969 - root - INFO - | Epoch: 148/150 | Train Time: 1.056s | Train Loss: 0.021261 |
2020-04-23 22:14:33,006 - root - INFO - | Epoch: 149/150 | Train Time: 1.036s | Train Loss: 0.021231 |
2020-04-23 22:14:34,105 - root - INFO - | Epoch: 150/150 | Train Time: 1.099s | Train Loss: 0.021136 |
2020-04-23 22:14:34,106 - root - INFO - Pretraining Time: 168.455s
2020-04-23 22:14:34,107 - root - INFO - Finished pretraining.
2020-04-23 22:14:34,108 - root - INFO - Testing autoencoder...
2020-04-23 22:14:34,398 - root - INFO - Test Loss: 0.032771
2020-04-23 22:14:34,399 - root - INFO - Test Time: 0.289s
2020-04-23 22:14:34,400 - root - INFO - Finished testing autoencoder.
2020-04-23 22:14:34,405 - root - INFO - Hey I am loading net for you!
2020-04-23 22:14:34,407 - root - INFO - Setting hyper-parameters!
2020-04-23 22:14:34,408 - root - INFO - Initializing center c...
2020-04-23 22:14:35,154 - root - INFO - Center c initialized.
2020-04-23 22:14:35,154 - root - INFO - Starting training...
2020-04-23 22:14:36,106 - root - INFO - | Epoch: 001/150 | Train Time: 0.951s | Train Loss: 0.076332 |
2020-04-23 22:14:37,083 - root - INFO - | Epoch: 002/150 | Train Time: 0.976s | Train Loss: 0.019870 |
2020-04-23 22:14:38,091 - root - INFO - | Epoch: 003/150 | Train Time: 1.008s | Train Loss: 0.010930 |
2020-04-23 22:14:39,121 - root - INFO - | Epoch: 004/150 | Train Time: 1.029s | Train Loss: 0.007537 |
2020-04-23 22:14:40,124 - root - INFO - | Epoch: 005/150 | Train Time: 1.001s | Train Loss: 0.005465 |
2020-04-23 22:14:41,067 - root - INFO - | Epoch: 006/150 | Train Time: 0.943s | Train Loss: 0.004236 |
2020-04-23 22:14:42,059 - root - INFO - | Epoch: 007/150 | Train Time: 0.991s | Train Loss: 0.003412 |
2020-04-23 22:14:43,020 - root - INFO - | Epoch: 008/150 | Train Time: 0.960s | Train Loss: 0.002848 |
2020-04-23 22:14:43,982 - root - INFO - | Epoch: 009/150 | Train Time: 0.962s | Train Loss: 0.002395 |
2020-04-23 22:14:44,997 - root - INFO - | Epoch: 010/150 | Train Time: 1.014s | Train Loss: 0.002134 |
2020-04-23 22:14:46,043 - root - INFO - | Epoch: 011/150 | Train Time: 1.045s | Train Loss: 0.001904 |
2020-04-23 22:14:47,028 - root - INFO - | Epoch: 012/150 | Train Time: 0.984s | Train Loss: 0.001645 |
2020-04-23 22:14:48,033 - root - INFO - | Epoch: 013/150 | Train Time: 1.004s | Train Loss: 0.001448 |
2020-04-23 22:14:49,066 - root - INFO - | Epoch: 014/150 | Train Time: 1.033s | Train Loss: 0.001316 |
2020-04-23 22:14:50,057 - root - INFO - | Epoch: 015/150 | Train Time: 0.990s | Train Loss: 0.001183 |
2020-04-23 22:14:51,030 - root - INFO - | Epoch: 016/150 | Train Time: 0.972s | Train Loss: 0.001091 |
2020-04-23 22:14:51,991 - root - INFO - | Epoch: 017/150 | Train Time: 0.959s | Train Loss: 0.001035 |
2020-04-23 22:14:52,960 - root - INFO - | Epoch: 018/150 | Train Time: 0.968s | Train Loss: 0.000917 |
2020-04-23 22:14:53,979 - root - INFO - | Epoch: 019/150 | Train Time: 1.019s | Train Loss: 0.000867 |
2020-04-23 22:14:54,929 - root - INFO - | Epoch: 020/150 | Train Time: 0.948s | Train Loss: 0.000783 |
2020-04-23 22:14:55,920 - root - INFO - | Epoch: 021/150 | Train Time: 0.991s | Train Loss: 0.000744 |
2020-04-23 22:14:56,911 - root - INFO - | Epoch: 022/150 | Train Time: 0.989s | Train Loss: 0.000691 |
2020-04-23 22:14:57,872 - root - INFO - | Epoch: 023/150 | Train Time: 0.960s | Train Loss: 0.000648 |
2020-04-23 22:14:58,847 - root - INFO - | Epoch: 024/150 | Train Time: 0.974s | Train Loss: 0.000633 |
2020-04-23 22:14:59,839 - root - INFO - | Epoch: 025/150 | Train Time: 0.992s | Train Loss: 0.000566 |
2020-04-23 22:15:00,813 - root - INFO - | Epoch: 026/150 | Train Time: 0.973s | Train Loss: 0.000547 |
2020-04-23 22:15:01,800 - root - INFO - | Epoch: 027/150 | Train Time: 0.987s | Train Loss: 0.000534 |
2020-04-23 22:15:02,753 - root - INFO - | Epoch: 028/150 | Train Time: 0.951s | Train Loss: 0.000492 |
2020-04-23 22:15:03,672 - root - INFO - | Epoch: 029/150 | Train Time: 0.918s | Train Loss: 0.000482 |
2020-04-23 22:15:04,672 - root - INFO - | Epoch: 030/150 | Train Time: 0.999s | Train Loss: 0.000450 |
2020-04-23 22:15:05,624 - root - INFO - | Epoch: 031/150 | Train Time: 0.952s | Train Loss: 0.000392 |
2020-04-23 22:15:06,642 - root - INFO - | Epoch: 032/150 | Train Time: 1.017s | Train Loss: 0.000418 |
2020-04-23 22:15:07,624 - root - INFO - | Epoch: 033/150 | Train Time: 0.981s | Train Loss: 0.000417 |
2020-04-23 22:15:08,587 - root - INFO - | Epoch: 034/150 | Train Time: 0.962s | Train Loss: 0.000369 |
2020-04-23 22:15:09,567 - root - INFO - | Epoch: 035/150 | Train Time: 0.980s | Train Loss: 0.000350 |
2020-04-23 22:15:10,546 - root - INFO - | Epoch: 036/150 | Train Time: 0.978s | Train Loss: 0.000354 |
2020-04-23 22:15:11,568 - root - INFO - | Epoch: 037/150 | Train Time: 1.021s | Train Loss: 0.000328 |
2020-04-23 22:15:12,528 - root - INFO - | Epoch: 038/150 | Train Time: 0.960s | Train Loss: 0.000310 |
2020-04-23 22:15:13,469 - root - INFO - | Epoch: 039/150 | Train Time: 0.940s | Train Loss: 0.000325 |
2020-04-23 22:15:14,474 - root - INFO - | Epoch: 040/150 | Train Time: 1.004s | Train Loss: 0.000314 |
2020-04-23 22:15:15,456 - root - INFO - | Epoch: 041/150 | Train Time: 0.981s | Train Loss: 0.000282 |
2020-04-23 22:15:16,441 - root - INFO - | Epoch: 042/150 | Train Time: 0.984s | Train Loss: 0.000291 |
2020-04-23 22:15:17,406 - root - INFO - | Epoch: 043/150 | Train Time: 0.964s | Train Loss: 0.000271 |
2020-04-23 22:15:18,383 - root - INFO - | Epoch: 044/150 | Train Time: 0.976s | Train Loss: 0.000259 |
2020-04-23 22:15:19,352 - root - INFO - | Epoch: 045/150 | Train Time: 0.968s | Train Loss: 0.000285 |
2020-04-23 22:15:20,285 - root - INFO - | Epoch: 046/150 | Train Time: 0.932s | Train Loss: 0.000254 |
2020-04-23 22:15:21,262 - root - INFO - | Epoch: 047/150 | Train Time: 0.976s | Train Loss: 0.000256 |
2020-04-23 22:15:22,192 - root - INFO - | Epoch: 048/150 | Train Time: 0.930s | Train Loss: 0.000233 |
2020-04-23 22:15:23,178 - root - INFO - | Epoch: 049/150 | Train Time: 0.984s | Train Loss: 0.000223 |
2020-04-23 22:15:24,188 - root - INFO - | Epoch: 050/150 | Train Time: 1.010s | Train Loss: 0.000239 |
2020-04-23 22:15:24,189 - root - INFO -   LR scheduler: new learning rate is 1e-06
2020-04-23 22:15:25,156 - root - INFO - | Epoch: 051/150 | Train Time: 0.966s | Train Loss: 0.000206 |
2020-04-23 22:15:26,145 - root - INFO - | Epoch: 052/150 | Train Time: 0.988s | Train Loss: 0.000183 |
2020-04-23 22:15:27,210 - root - INFO - | Epoch: 053/150 | Train Time: 1.063s | Train Loss: 0.000194 |
2020-04-23 22:15:28,252 - root - INFO - | Epoch: 054/150 | Train Time: 1.041s | Train Loss: 0.000193 |
2020-04-23 22:15:29,274 - root - INFO - | Epoch: 055/150 | Train Time: 1.021s | Train Loss: 0.000185 |
2020-04-23 22:15:30,297 - root - INFO - | Epoch: 056/150 | Train Time: 1.022s | Train Loss: 0.000191 |
2020-04-23 22:15:31,322 - root - INFO - | Epoch: 057/150 | Train Time: 1.024s | Train Loss: 0.000188 |
2020-04-23 22:15:32,272 - root - INFO - | Epoch: 058/150 | Train Time: 0.949s | Train Loss: 0.000182 |
2020-04-23 22:15:33,242 - root - INFO - | Epoch: 059/150 | Train Time: 0.969s | Train Loss: 0.000178 |
2020-04-23 22:15:34,208 - root - INFO - | Epoch: 060/150 | Train Time: 0.965s | Train Loss: 0.000191 |
2020-04-23 22:15:35,167 - root - INFO - | Epoch: 061/150 | Train Time: 0.959s | Train Loss: 0.000188 |
2020-04-23 22:15:36,131 - root - INFO - | Epoch: 062/150 | Train Time: 0.963s | Train Loss: 0.000187 |
2020-04-23 22:15:37,107 - root - INFO - | Epoch: 063/150 | Train Time: 0.976s | Train Loss: 0.000178 |
2020-04-23 22:15:38,096 - root - INFO - | Epoch: 064/150 | Train Time: 0.988s | Train Loss: 0.000181 |
2020-04-23 22:15:39,055 - root - INFO - | Epoch: 065/150 | Train Time: 0.958s | Train Loss: 0.000173 |
2020-04-23 22:15:40,051 - root - INFO - | Epoch: 066/150 | Train Time: 0.995s | Train Loss: 0.000194 |
2020-04-23 22:15:40,957 - root - INFO - | Epoch: 067/150 | Train Time: 0.906s | Train Loss: 0.000171 |
2020-04-23 22:15:41,978 - root - INFO - | Epoch: 068/150 | Train Time: 1.019s | Train Loss: 0.000175 |
2020-04-23 22:15:42,988 - root - INFO - | Epoch: 069/150 | Train Time: 1.010s | Train Loss: 0.000186 |
2020-04-23 22:15:43,985 - root - INFO - | Epoch: 070/150 | Train Time: 0.996s | Train Loss: 0.000192 |
2020-04-23 22:15:45,015 - root - INFO - | Epoch: 071/150 | Train Time: 1.029s | Train Loss: 0.000188 |
2020-04-23 22:15:46,028 - root - INFO - | Epoch: 072/150 | Train Time: 1.012s | Train Loss: 0.000174 |
2020-04-23 22:15:47,022 - root - INFO - | Epoch: 073/150 | Train Time: 0.994s | Train Loss: 0.000180 |
2020-04-23 22:15:47,990 - root - INFO - | Epoch: 074/150 | Train Time: 0.966s | Train Loss: 0.000167 |
2020-04-23 22:15:48,982 - root - INFO - | Epoch: 075/150 | Train Time: 0.991s | Train Loss: 0.000161 |
2020-04-23 22:15:49,970 - root - INFO - | Epoch: 076/150 | Train Time: 0.988s | Train Loss: 0.000175 |
2020-04-23 22:15:50,944 - root - INFO - | Epoch: 077/150 | Train Time: 0.972s | Train Loss: 0.000174 |
2020-04-23 22:15:51,934 - root - INFO - | Epoch: 078/150 | Train Time: 0.989s | Train Loss: 0.000173 |
2020-04-23 22:15:52,904 - root - INFO - | Epoch: 079/150 | Train Time: 0.969s | Train Loss: 0.000175 |
2020-04-23 22:15:53,947 - root - INFO - | Epoch: 080/150 | Train Time: 1.042s | Train Loss: 0.000188 |
2020-04-23 22:15:54,924 - root - INFO - | Epoch: 081/150 | Train Time: 0.976s | Train Loss: 0.000175 |
2020-04-23 22:15:55,904 - root - INFO - | Epoch: 082/150 | Train Time: 0.979s | Train Loss: 0.000174 |
2020-04-23 22:15:56,841 - root - INFO - | Epoch: 083/150 | Train Time: 0.936s | Train Loss: 0.000161 |
2020-04-23 22:15:57,813 - root - INFO - | Epoch: 084/150 | Train Time: 0.970s | Train Loss: 0.000167 |
2020-04-23 22:15:58,846 - root - INFO - | Epoch: 085/150 | Train Time: 1.032s | Train Loss: 0.000160 |
2020-04-23 22:15:59,744 - root - INFO - | Epoch: 086/150 | Train Time: 0.897s | Train Loss: 0.000162 |
2020-04-23 22:16:00,692 - root - INFO - | Epoch: 087/150 | Train Time: 0.947s | Train Loss: 0.000163 |
2020-04-23 22:16:01,692 - root - INFO - | Epoch: 088/150 | Train Time: 0.999s | Train Loss: 0.000181 |
2020-04-23 22:16:02,688 - root - INFO - | Epoch: 089/150 | Train Time: 0.996s | Train Loss: 0.000162 |
2020-04-23 22:16:03,679 - root - INFO - | Epoch: 090/150 | Train Time: 0.990s | Train Loss: 0.000157 |
2020-04-23 22:16:04,723 - root - INFO - | Epoch: 091/150 | Train Time: 1.043s | Train Loss: 0.000164 |
2020-04-23 22:16:05,743 - root - INFO - | Epoch: 092/150 | Train Time: 1.019s | Train Loss: 0.000168 |
2020-04-23 22:16:06,791 - root - INFO - | Epoch: 093/150 | Train Time: 1.047s | Train Loss: 0.000170 |
2020-04-23 22:16:07,799 - root - INFO - | Epoch: 094/150 | Train Time: 1.008s | Train Loss: 0.000162 |
2020-04-23 22:16:08,778 - root - INFO - | Epoch: 095/150 | Train Time: 0.978s | Train Loss: 0.000160 |
2020-04-23 22:16:09,764 - root - INFO - | Epoch: 096/150 | Train Time: 0.985s | Train Loss: 0.000155 |
2020-04-23 22:16:10,751 - root - INFO - | Epoch: 097/150 | Train Time: 0.986s | Train Loss: 0.000168 |
2020-04-23 22:16:11,771 - root - INFO - | Epoch: 098/150 | Train Time: 1.019s | Train Loss: 0.000157 |
2020-04-23 22:16:12,809 - root - INFO - | Epoch: 099/150 | Train Time: 1.038s | Train Loss: 0.000152 |
2020-04-23 22:16:13,764 - root - INFO - | Epoch: 100/150 | Train Time: 0.954s | Train Loss: 0.000153 |
2020-04-23 22:16:13,765 - root - INFO -   LR scheduler: new learning rate is 1e-07
2020-04-23 22:16:14,724 - root - INFO - | Epoch: 101/150 | Train Time: 0.958s | Train Loss: 0.000149 |
2020-04-23 22:16:15,738 - root - INFO - | Epoch: 102/150 | Train Time: 1.013s | Train Loss: 0.000163 |
2020-04-23 22:16:16,821 - root - INFO - | Epoch: 103/150 | Train Time: 1.082s | Train Loss: 0.000165 |
2020-04-23 22:16:17,853 - root - INFO - | Epoch: 104/150 | Train Time: 1.032s | Train Loss: 0.000153 |
2020-04-23 22:16:18,831 - root - INFO - | Epoch: 105/150 | Train Time: 0.977s | Train Loss: 0.000158 |
2020-04-23 22:16:19,857 - root - INFO - | Epoch: 106/150 | Train Time: 1.025s | Train Loss: 0.000152 |
2020-04-23 22:16:20,835 - root - INFO - | Epoch: 107/150 | Train Time: 0.976s | Train Loss: 0.000152 |
2020-04-23 22:16:21,845 - root - INFO - | Epoch: 108/150 | Train Time: 1.009s | Train Loss: 0.000146 |
2020-04-23 22:16:22,809 - root - INFO - | Epoch: 109/150 | Train Time: 0.964s | Train Loss: 0.000138 |
2020-04-23 22:16:23,843 - root - INFO - | Epoch: 110/150 | Train Time: 1.033s | Train Loss: 0.000158 |
2020-04-23 22:16:24,886 - root - INFO - | Epoch: 111/150 | Train Time: 1.042s | Train Loss: 0.000139 |
2020-04-23 22:16:25,881 - root - INFO - | Epoch: 112/150 | Train Time: 0.994s | Train Loss: 0.000158 |
2020-04-23 22:16:26,866 - root - INFO - | Epoch: 113/150 | Train Time: 0.984s | Train Loss: 0.000148 |
2020-04-23 22:16:27,888 - root - INFO - | Epoch: 114/150 | Train Time: 1.021s | Train Loss: 0.000168 |
2020-04-23 22:16:28,894 - root - INFO - | Epoch: 115/150 | Train Time: 1.005s | Train Loss: 0.000152 |
2020-04-23 22:16:29,914 - root - INFO - | Epoch: 116/150 | Train Time: 1.019s | Train Loss: 0.000148 |
2020-04-23 22:16:30,931 - root - INFO - | Epoch: 117/150 | Train Time: 1.016s | Train Loss: 0.000141 |
2020-04-23 22:16:31,955 - root - INFO - | Epoch: 118/150 | Train Time: 1.023s | Train Loss: 0.000157 |
2020-04-23 22:16:32,997 - root - INFO - | Epoch: 119/150 | Train Time: 1.042s | Train Loss: 0.000155 |
2020-04-23 22:16:33,943 - root - INFO - | Epoch: 120/150 | Train Time: 0.945s | Train Loss: 0.000155 |
2020-04-23 22:16:34,831 - root - INFO - | Epoch: 121/150 | Train Time: 0.887s | Train Loss: 0.000142 |
2020-04-23 22:16:35,826 - root - INFO - | Epoch: 122/150 | Train Time: 0.994s | Train Loss: 0.000147 |
2020-04-23 22:16:36,732 - root - INFO - | Epoch: 123/150 | Train Time: 0.904s | Train Loss: 0.000147 |
2020-04-23 22:16:37,589 - root - INFO - | Epoch: 124/150 | Train Time: 0.856s | Train Loss: 0.000165 |
2020-04-23 22:16:38,433 - root - INFO - | Epoch: 125/150 | Train Time: 0.843s | Train Loss: 0.000147 |
2020-04-23 22:16:39,292 - root - INFO - | Epoch: 126/150 | Train Time: 0.858s | Train Loss: 0.000140 |
2020-04-23 22:16:40,236 - root - INFO - | Epoch: 127/150 | Train Time: 0.943s | Train Loss: 0.000138 |
2020-04-23 22:16:41,125 - root - INFO - | Epoch: 128/150 | Train Time: 0.888s | Train Loss: 0.000157 |
2020-04-23 22:16:41,991 - root - INFO - | Epoch: 129/150 | Train Time: 0.865s | Train Loss: 0.000143 |
2020-04-23 22:16:43,033 - root - INFO - | Epoch: 130/150 | Train Time: 1.041s | Train Loss: 0.000158 |
2020-04-23 22:16:43,936 - root - INFO - | Epoch: 131/150 | Train Time: 0.902s | Train Loss: 0.000145 |
2020-04-23 22:16:44,825 - root - INFO - | Epoch: 132/150 | Train Time: 0.889s | Train Loss: 0.000153 |
2020-04-23 22:16:45,694 - root - INFO - | Epoch: 133/150 | Train Time: 0.868s | Train Loss: 0.000143 |
2020-04-23 22:16:46,491 - root - INFO - | Epoch: 134/150 | Train Time: 0.797s | Train Loss: 0.000140 |
2020-04-23 22:16:47,327 - root - INFO - | Epoch: 135/150 | Train Time: 0.835s | Train Loss: 0.000153 |
2020-04-23 22:16:48,184 - root - INFO - | Epoch: 136/150 | Train Time: 0.856s | Train Loss: 0.000138 |
2020-04-23 22:16:49,074 - root - INFO - | Epoch: 137/150 | Train Time: 0.889s | Train Loss: 0.000154 |
2020-04-23 22:16:49,946 - root - INFO - | Epoch: 138/150 | Train Time: 0.871s | Train Loss: 0.000147 |
2020-04-23 22:16:50,767 - root - INFO - | Epoch: 139/150 | Train Time: 0.820s | Train Loss: 0.000137 |
2020-04-23 22:16:51,734 - root - INFO - | Epoch: 140/150 | Train Time: 0.967s | Train Loss: 0.000144 |
2020-04-23 22:16:52,620 - root - INFO - | Epoch: 141/150 | Train Time: 0.885s | Train Loss: 0.000152 |
2020-04-23 22:16:53,473 - root - INFO - | Epoch: 142/150 | Train Time: 0.852s | Train Loss: 0.000140 |
2020-04-23 22:16:54,307 - root - INFO - | Epoch: 143/150 | Train Time: 0.833s | Train Loss: 0.000143 |
2020-04-23 22:16:55,146 - root - INFO - | Epoch: 144/150 | Train Time: 0.838s | Train Loss: 0.000159 |
2020-04-23 22:16:56,031 - root - INFO - | Epoch: 145/150 | Train Time: 0.884s | Train Loss: 0.000146 |
2020-04-23 22:16:57,034 - root - INFO - | Epoch: 146/150 | Train Time: 1.002s | Train Loss: 0.000144 |
2020-04-23 22:16:57,914 - root - INFO - | Epoch: 147/150 | Train Time: 0.879s | Train Loss: 0.000140 |
2020-04-23 22:16:58,820 - root - INFO - | Epoch: 148/150 | Train Time: 0.905s | Train Loss: 0.000136 |
2020-04-23 22:16:59,804 - root - INFO - | Epoch: 149/150 | Train Time: 0.983s | Train Loss: 0.000145 |
2020-04-23 22:17:00,736 - root - INFO - | Epoch: 150/150 | Train Time: 0.931s | Train Loss: 0.000138 |
2020-04-23 22:17:00,736 - root - INFO - Training Time: 145.582s
2020-04-23 22:17:00,737 - root - INFO - Finished training.
2020-04-23 22:17:00,742 - root - INFO - Starting testing...
2020-04-23 22:17:00,992 - root - INFO - Test Loss: 467.097516
2020-04-23 22:17:00,993 - root - INFO - Test AUC: 67.47%
2020-04-23 22:17:00,994 - root - INFO - Test Time: 0.248s
2020-04-23 22:17:00,995 - root - INFO - Finished testing.
2020-04-24 12:02:33,355 - root - INFO - I am pre-training for you.
2020-04-24 12:02:34,363 - root - INFO - | Epoch: 001/150 | Train Time: 0.981s | Train Loss: 0.041819 |
2020-04-24 12:02:35,323 - root - INFO - | Epoch: 002/150 | Train Time: 0.959s | Train Loss: 0.028305 |
2020-04-24 12:02:36,302 - root - INFO - | Epoch: 003/150 | Train Time: 0.978s | Train Loss: 0.027066 |
2020-04-24 12:02:37,321 - root - INFO - | Epoch: 004/150 | Train Time: 1.018s | Train Loss: 0.026806 |
2020-04-24 12:02:38,309 - root - INFO - | Epoch: 005/150 | Train Time: 0.987s | Train Loss: 0.026636 |
2020-04-24 12:02:39,314 - root - INFO - | Epoch: 006/150 | Train Time: 1.004s | Train Loss: 0.025930 |
2020-04-24 12:02:40,297 - root - INFO - | Epoch: 007/150 | Train Time: 0.982s | Train Loss: 0.025956 |
2020-04-24 12:02:41,357 - root - INFO - | Epoch: 008/150 | Train Time: 1.059s | Train Loss: 0.025820 |
2020-04-24 12:02:42,381 - root - INFO - | Epoch: 009/150 | Train Time: 1.023s | Train Loss: 0.025679 |
2020-04-24 12:02:43,371 - root - INFO - | Epoch: 010/150 | Train Time: 0.989s | Train Loss: 0.025749 |
2020-04-24 12:02:44,366 - root - INFO - | Epoch: 011/150 | Train Time: 0.994s | Train Loss: 0.025439 |
2020-04-24 12:02:45,358 - root - INFO - | Epoch: 012/150 | Train Time: 0.991s | Train Loss: 0.025502 |
2020-04-24 12:02:46,404 - root - INFO - | Epoch: 013/150 | Train Time: 1.045s | Train Loss: 0.025509 |
2020-04-24 12:02:47,468 - root - INFO - | Epoch: 014/150 | Train Time: 1.063s | Train Loss: 0.025380 |
2020-04-24 12:02:48,445 - root - INFO - | Epoch: 015/150 | Train Time: 0.976s | Train Loss: 0.025330 |
2020-04-24 12:02:49,466 - root - INFO - | Epoch: 016/150 | Train Time: 1.019s | Train Loss: 0.025254 |
2020-04-24 12:02:50,449 - root - INFO - | Epoch: 017/150 | Train Time: 0.983s | Train Loss: 0.025353 |
2020-04-24 12:02:51,473 - root - INFO - | Epoch: 018/150 | Train Time: 1.022s | Train Loss: 0.025070 |
2020-04-24 12:02:52,460 - root - INFO - | Epoch: 019/150 | Train Time: 0.985s | Train Loss: 0.025111 |
2020-04-24 12:02:53,519 - root - INFO - | Epoch: 020/150 | Train Time: 1.059s | Train Loss: 0.024940 |
2020-04-24 12:02:54,499 - root - INFO - | Epoch: 021/150 | Train Time: 0.979s | Train Loss: 0.025060 |
2020-04-24 12:02:55,520 - root - INFO - | Epoch: 022/150 | Train Time: 1.020s | Train Loss: 0.025414 |
2020-04-24 12:02:56,546 - root - INFO - | Epoch: 023/150 | Train Time: 1.026s | Train Loss: 0.025242 |
2020-04-24 12:02:57,548 - root - INFO - | Epoch: 024/150 | Train Time: 1.001s | Train Loss: 0.024992 |
2020-04-24 12:02:58,592 - root - INFO - | Epoch: 025/150 | Train Time: 1.042s | Train Loss: 0.024872 |
2020-04-24 12:02:59,565 - root - INFO - | Epoch: 026/150 | Train Time: 0.972s | Train Loss: 0.024948 |
2020-04-24 12:03:00,568 - root - INFO - | Epoch: 027/150 | Train Time: 1.001s | Train Loss: 0.025018 |
2020-04-24 12:03:01,554 - root - INFO - | Epoch: 028/150 | Train Time: 0.985s | Train Loss: 0.024837 |
2020-04-24 12:03:02,530 - root - INFO - | Epoch: 029/150 | Train Time: 0.975s | Train Loss: 0.024692 |
2020-04-24 12:03:03,542 - root - INFO - | Epoch: 030/150 | Train Time: 1.011s | Train Loss: 0.024617 |
2020-04-24 12:03:04,505 - root - INFO - | Epoch: 031/150 | Train Time: 0.961s | Train Loss: 0.024936 |
2020-04-24 12:03:05,484 - root - INFO - | Epoch: 032/150 | Train Time: 0.978s | Train Loss: 0.025018 |
2020-04-24 12:03:06,504 - root - INFO - | Epoch: 033/150 | Train Time: 1.019s | Train Loss: 0.024937 |
2020-04-24 12:03:07,502 - root - INFO - | Epoch: 034/150 | Train Time: 0.996s | Train Loss: 0.024802 |
2020-04-24 12:03:08,492 - root - INFO - | Epoch: 035/150 | Train Time: 0.990s | Train Loss: 0.025013 |
2020-04-24 12:03:09,494 - root - INFO - | Epoch: 036/150 | Train Time: 1.001s | Train Loss: 0.024769 |
2020-04-24 12:03:10,528 - root - INFO - | Epoch: 037/150 | Train Time: 1.034s | Train Loss: 0.024868 |
2020-04-24 12:03:11,540 - root - INFO - | Epoch: 038/150 | Train Time: 1.011s | Train Loss: 0.024775 |
2020-04-24 12:03:12,541 - root - INFO - | Epoch: 039/150 | Train Time: 0.999s | Train Loss: 0.025165 |
2020-04-24 12:03:13,558 - root - INFO - | Epoch: 040/150 | Train Time: 1.017s | Train Loss: 0.024752 |
2020-04-24 12:03:14,528 - root - INFO - | Epoch: 041/150 | Train Time: 0.969s | Train Loss: 0.024908 |
2020-04-24 12:03:15,508 - root - INFO - | Epoch: 042/150 | Train Time: 0.979s | Train Loss: 0.024715 |
2020-04-24 12:03:16,524 - root - INFO - | Epoch: 043/150 | Train Time: 1.015s | Train Loss: 0.024932 |
2020-04-24 12:03:17,496 - root - INFO - | Epoch: 044/150 | Train Time: 0.970s | Train Loss: 0.024761 |
2020-04-24 12:03:18,520 - root - INFO - | Epoch: 045/150 | Train Time: 1.023s | Train Loss: 0.024677 |
2020-04-24 12:03:19,531 - root - INFO - | Epoch: 046/150 | Train Time: 1.010s | Train Loss: 0.024487 |
2020-04-24 12:03:20,554 - root - INFO - | Epoch: 047/150 | Train Time: 1.022s | Train Loss: 0.024704 |
2020-04-24 12:03:21,552 - root - INFO - | Epoch: 048/150 | Train Time: 0.997s | Train Loss: 0.024792 |
2020-04-24 12:03:22,543 - root - INFO - | Epoch: 049/150 | Train Time: 0.990s | Train Loss: 0.024625 |
2020-04-24 12:03:23,550 - root - INFO - | Epoch: 050/150 | Train Time: 1.006s | Train Loss: 0.023843 |
2020-04-24 12:03:23,551 - root - INFO -   LR scheduler: new learning rate is 0.0001
2020-04-24 12:03:24,531 - root - INFO - | Epoch: 051/150 | Train Time: 0.979s | Train Loss: 0.023637 |
2020-04-24 12:03:25,550 - root - INFO - | Epoch: 052/150 | Train Time: 1.017s | Train Loss: 0.023420 |
2020-04-24 12:03:26,560 - root - INFO - | Epoch: 053/150 | Train Time: 1.009s | Train Loss: 0.023398 |
2020-04-24 12:03:27,559 - root - INFO - | Epoch: 054/150 | Train Time: 0.998s | Train Loss: 0.023458 |
2020-04-24 12:03:28,582 - root - INFO - | Epoch: 055/150 | Train Time: 1.022s | Train Loss: 0.023327 |
2020-04-24 12:03:29,599 - root - INFO - | Epoch: 056/150 | Train Time: 1.016s | Train Loss: 0.023335 |
2020-04-24 12:03:30,619 - root - INFO - | Epoch: 057/150 | Train Time: 1.019s | Train Loss: 0.023192 |
2020-04-24 12:03:31,623 - root - INFO - | Epoch: 058/150 | Train Time: 1.003s | Train Loss: 0.023114 |
2020-04-24 12:03:32,648 - root - INFO - | Epoch: 059/150 | Train Time: 1.024s | Train Loss: 0.023159 |
2020-04-24 12:03:33,723 - root - INFO - | Epoch: 060/150 | Train Time: 1.074s | Train Loss: 0.023387 |
2020-04-24 12:03:34,729 - root - INFO - | Epoch: 061/150 | Train Time: 1.005s | Train Loss: 0.023033 |
2020-04-24 12:03:35,741 - root - INFO - | Epoch: 062/150 | Train Time: 1.012s | Train Loss: 0.023139 |
2020-04-24 12:03:36,816 - root - INFO - | Epoch: 063/150 | Train Time: 1.074s | Train Loss: 0.023077 |
2020-04-24 12:03:37,808 - root - INFO - | Epoch: 064/150 | Train Time: 0.991s | Train Loss: 0.023146 |
2020-04-24 12:03:38,834 - root - INFO - | Epoch: 065/150 | Train Time: 1.025s | Train Loss: 0.023145 |
2020-04-24 12:03:39,851 - root - INFO - | Epoch: 066/150 | Train Time: 1.016s | Train Loss: 0.023083 |
2020-04-24 12:03:40,878 - root - INFO - | Epoch: 067/150 | Train Time: 1.027s | Train Loss: 0.023108 |
2020-04-24 12:03:41,847 - root - INFO - | Epoch: 068/150 | Train Time: 0.968s | Train Loss: 0.023081 |
2020-04-24 12:03:42,903 - root - INFO - | Epoch: 069/150 | Train Time: 1.055s | Train Loss: 0.023132 |
2020-04-24 12:03:43,946 - root - INFO - | Epoch: 070/150 | Train Time: 1.042s | Train Loss: 0.022931 |
2020-04-24 12:03:44,964 - root - INFO - | Epoch: 071/150 | Train Time: 1.017s | Train Loss: 0.023045 |
2020-04-24 12:03:45,975 - root - INFO - | Epoch: 072/150 | Train Time: 1.010s | Train Loss: 0.022884 |
2020-04-24 12:03:46,975 - root - INFO - | Epoch: 073/150 | Train Time: 0.999s | Train Loss: 0.023031 |
2020-04-24 12:03:47,958 - root - INFO - | Epoch: 074/150 | Train Time: 0.982s | Train Loss: 0.023003 |
2020-04-24 12:03:48,998 - root - INFO - | Epoch: 075/150 | Train Time: 1.039s | Train Loss: 0.022871 |
2020-04-24 12:03:50,058 - root - INFO - | Epoch: 076/150 | Train Time: 1.060s | Train Loss: 0.023020 |
2020-04-24 12:03:51,083 - root - INFO - | Epoch: 077/150 | Train Time: 1.024s | Train Loss: 0.023061 |
2020-04-24 12:03:52,166 - root - INFO - | Epoch: 078/150 | Train Time: 1.081s | Train Loss: 0.022900 |
2020-04-24 12:03:53,146 - root - INFO - | Epoch: 079/150 | Train Time: 0.980s | Train Loss: 0.022994 |
2020-04-24 12:03:54,250 - root - INFO - | Epoch: 080/150 | Train Time: 1.103s | Train Loss: 0.022962 |
2020-04-24 12:03:55,397 - root - INFO - | Epoch: 081/150 | Train Time: 1.146s | Train Loss: 0.022921 |
2020-04-24 12:03:56,428 - root - INFO - | Epoch: 082/150 | Train Time: 1.031s | Train Loss: 0.022775 |
2020-04-24 12:03:57,527 - root - INFO - | Epoch: 083/150 | Train Time: 1.098s | Train Loss: 0.022805 |
2020-04-24 12:03:58,666 - root - INFO - | Epoch: 084/150 | Train Time: 1.138s | Train Loss: 0.022797 |
2020-04-24 12:03:59,766 - root - INFO - | Epoch: 085/150 | Train Time: 1.100s | Train Loss: 0.022791 |
2020-04-24 12:04:00,776 - root - INFO - | Epoch: 086/150 | Train Time: 1.009s | Train Loss: 0.022940 |
2020-04-24 12:04:01,861 - root - INFO - | Epoch: 087/150 | Train Time: 1.084s | Train Loss: 0.022930 |
2020-04-24 12:04:02,944 - root - INFO - | Epoch: 088/150 | Train Time: 1.081s | Train Loss: 0.022856 |
2020-04-24 12:04:04,043 - root - INFO - | Epoch: 089/150 | Train Time: 1.099s | Train Loss: 0.022817 |
2020-04-24 12:04:05,049 - root - INFO - | Epoch: 090/150 | Train Time: 1.005s | Train Loss: 0.022848 |
2020-04-24 12:04:06,091 - root - INFO - | Epoch: 091/150 | Train Time: 1.041s | Train Loss: 0.022943 |
2020-04-24 12:04:07,177 - root - INFO - | Epoch: 092/150 | Train Time: 1.084s | Train Loss: 0.022826 |
2020-04-24 12:04:08,205 - root - INFO - | Epoch: 093/150 | Train Time: 1.027s | Train Loss: 0.022686 |
2020-04-24 12:04:09,295 - root - INFO - | Epoch: 094/150 | Train Time: 1.089s | Train Loss: 0.022732 |
2020-04-24 12:04:10,347 - root - INFO - | Epoch: 095/150 | Train Time: 1.051s | Train Loss: 0.022783 |
2020-04-24 12:04:11,401 - root - INFO - | Epoch: 096/150 | Train Time: 1.053s | Train Loss: 0.022785 |
2020-04-24 12:04:12,499 - root - INFO - | Epoch: 097/150 | Train Time: 1.098s | Train Loss: 0.022738 |
2020-04-24 12:04:13,616 - root - INFO - | Epoch: 098/150 | Train Time: 1.116s | Train Loss: 0.022695 |
2020-04-24 12:04:14,788 - root - INFO - | Epoch: 099/150 | Train Time: 1.171s | Train Loss: 0.022681 |
2020-04-24 12:04:15,931 - root - INFO - | Epoch: 100/150 | Train Time: 1.142s | Train Loss: 0.022536 |
2020-04-24 12:04:15,932 - root - INFO -   LR scheduler: new learning rate is 1e-05
2020-04-24 12:04:17,094 - root - INFO - | Epoch: 101/150 | Train Time: 1.162s | Train Loss: 0.022428 |
2020-04-24 12:04:18,195 - root - INFO - | Epoch: 102/150 | Train Time: 1.100s | Train Loss: 0.022340 |
2020-04-24 12:04:19,291 - root - INFO - | Epoch: 103/150 | Train Time: 1.095s | Train Loss: 0.022352 |
2020-04-24 12:04:20,456 - root - INFO - | Epoch: 104/150 | Train Time: 1.164s | Train Loss: 0.022299 |
2020-04-24 12:04:21,534 - root - INFO - | Epoch: 105/150 | Train Time: 1.077s | Train Loss: 0.022282 |
2020-04-24 12:04:22,737 - root - INFO - | Epoch: 106/150 | Train Time: 1.201s | Train Loss: 0.022248 |
2020-04-24 12:04:23,856 - root - INFO - | Epoch: 107/150 | Train Time: 1.119s | Train Loss: 0.022336 |
2020-04-24 12:04:24,961 - root - INFO - | Epoch: 108/150 | Train Time: 1.104s | Train Loss: 0.022325 |
2020-04-24 12:04:26,050 - root - INFO - | Epoch: 109/150 | Train Time: 1.088s | Train Loss: 0.022328 |
2020-04-24 12:04:27,221 - root - INFO - | Epoch: 110/150 | Train Time: 1.170s | Train Loss: 0.022392 |
2020-04-24 12:04:28,420 - root - INFO - | Epoch: 111/150 | Train Time: 1.198s | Train Loss: 0.022238 |
2020-04-24 12:04:29,561 - root - INFO - | Epoch: 112/150 | Train Time: 1.139s | Train Loss: 0.022111 |
2020-04-24 12:04:30,768 - root - INFO - | Epoch: 113/150 | Train Time: 1.206s | Train Loss: 0.022393 |
2020-04-24 12:04:31,955 - root - INFO - | Epoch: 114/150 | Train Time: 1.186s | Train Loss: 0.022207 |
2020-04-24 12:04:33,059 - root - INFO - | Epoch: 115/150 | Train Time: 1.104s | Train Loss: 0.022386 |
2020-04-24 12:04:34,237 - root - INFO - | Epoch: 116/150 | Train Time: 1.176s | Train Loss: 0.022222 |
2020-04-24 12:04:35,347 - root - INFO - | Epoch: 117/150 | Train Time: 1.110s | Train Loss: 0.022388 |
2020-04-24 12:04:36,466 - root - INFO - | Epoch: 118/150 | Train Time: 1.118s | Train Loss: 0.022267 |
2020-04-24 12:04:37,526 - root - INFO - | Epoch: 119/150 | Train Time: 1.059s | Train Loss: 0.022255 |
2020-04-24 12:04:38,707 - root - INFO - | Epoch: 120/150 | Train Time: 1.179s | Train Loss: 0.022265 |
2020-04-24 12:04:39,817 - root - INFO - | Epoch: 121/150 | Train Time: 1.109s | Train Loss: 0.022172 |
2020-04-24 12:04:40,964 - root - INFO - | Epoch: 122/150 | Train Time: 1.146s | Train Loss: 0.022178 |
2020-04-24 12:04:42,070 - root - INFO - | Epoch: 123/150 | Train Time: 1.105s | Train Loss: 0.022234 |
2020-04-24 12:04:43,265 - root - INFO - | Epoch: 124/150 | Train Time: 1.194s | Train Loss: 0.022114 |
2020-04-24 12:04:44,557 - root - INFO - | Epoch: 125/150 | Train Time: 1.291s | Train Loss: 0.022221 |
2020-04-24 12:04:45,682 - root - INFO - | Epoch: 126/150 | Train Time: 1.124s | Train Loss: 0.022115 |
2020-04-24 12:04:46,839 - root - INFO - | Epoch: 127/150 | Train Time: 1.157s | Train Loss: 0.022249 |
2020-04-24 12:04:48,038 - root - INFO - | Epoch: 128/150 | Train Time: 1.198s | Train Loss: 0.022288 |
2020-04-24 12:04:49,198 - root - INFO - | Epoch: 129/150 | Train Time: 1.159s | Train Loss: 0.022136 |
2020-04-24 12:04:50,347 - root - INFO - | Epoch: 130/150 | Train Time: 1.148s | Train Loss: 0.022160 |
2020-04-24 12:04:51,534 - root - INFO - | Epoch: 131/150 | Train Time: 1.186s | Train Loss: 0.022267 |
2020-04-24 12:04:52,603 - root - INFO - | Epoch: 132/150 | Train Time: 1.067s | Train Loss: 0.022254 |
2020-04-24 12:04:53,749 - root - INFO - | Epoch: 133/150 | Train Time: 1.146s | Train Loss: 0.022183 |
2020-04-24 12:04:54,944 - root - INFO - | Epoch: 134/150 | Train Time: 1.194s | Train Loss: 0.022132 |
2020-04-24 12:04:56,101 - root - INFO - | Epoch: 135/150 | Train Time: 1.156s | Train Loss: 0.022185 |
2020-04-24 12:04:57,165 - root - INFO - | Epoch: 136/150 | Train Time: 1.063s | Train Loss: 0.022146 |
2020-04-24 12:04:58,224 - root - INFO - | Epoch: 137/150 | Train Time: 1.058s | Train Loss: 0.022332 |
2020-04-24 12:04:59,384 - root - INFO - | Epoch: 138/150 | Train Time: 1.158s | Train Loss: 0.022073 |
2020-04-24 12:05:00,550 - root - INFO - | Epoch: 139/150 | Train Time: 1.166s | Train Loss: 0.022124 |
2020-04-24 12:05:01,654 - root - INFO - | Epoch: 140/150 | Train Time: 1.102s | Train Loss: 0.022196 |
2020-04-24 12:05:02,841 - root - INFO - | Epoch: 141/150 | Train Time: 1.186s | Train Loss: 0.022284 |
2020-04-24 12:05:04,042 - root - INFO - | Epoch: 142/150 | Train Time: 1.200s | Train Loss: 0.022129 |
2020-04-24 12:05:05,145 - root - INFO - | Epoch: 143/150 | Train Time: 1.102s | Train Loss: 0.022117 |
2020-04-24 12:05:06,397 - root - INFO - | Epoch: 144/150 | Train Time: 1.251s | Train Loss: 0.022208 |
2020-04-24 12:05:07,507 - root - INFO - | Epoch: 145/150 | Train Time: 1.109s | Train Loss: 0.022005 |
2020-04-24 12:05:08,630 - root - INFO - | Epoch: 146/150 | Train Time: 1.122s | Train Loss: 0.022216 |
2020-04-24 12:05:09,844 - root - INFO - | Epoch: 147/150 | Train Time: 1.213s | Train Loss: 0.022145 |
2020-04-24 12:05:10,983 - root - INFO - | Epoch: 148/150 | Train Time: 1.138s | Train Loss: 0.022174 |
2020-04-24 12:05:12,155 - root - INFO - | Epoch: 149/150 | Train Time: 1.171s | Train Loss: 0.022158 |
2020-04-24 12:05:13,306 - root - INFO - | Epoch: 150/150 | Train Time: 1.150s | Train Loss: 0.022266 |
2020-04-24 12:05:13,307 - root - INFO - Pretraining Time: 159.928s
2020-04-24 12:05:13,307 - root - INFO - Finished pretraining.
2020-04-24 12:05:13,309 - root - INFO - Testing autoencoder...
2020-04-24 12:05:13,574 - root - INFO - Test Loss: 0.024710
2020-04-24 12:05:13,575 - root - INFO - Test Time: 0.264s
2020-04-24 12:05:13,576 - root - INFO - Finished testing autoencoder.
2020-04-24 12:05:13,583 - root - INFO - Hey I am loading net for you!
2020-04-24 12:05:13,585 - root - INFO - Setting hyper-parameters!
2020-04-24 12:05:13,586 - root - INFO - Initializing center c...
2020-04-24 12:05:14,350 - root - INFO - Center c initialized.
2020-04-24 12:05:14,351 - root - INFO - Starting training...
2020-04-24 12:05:15,354 - root - INFO - | Epoch: 001/150 | Train Time: 1.003s | Train Loss: 0.280083 |
2020-04-24 12:05:16,403 - root - INFO - | Epoch: 002/150 | Train Time: 1.048s | Train Loss: 0.210763 |
2020-04-24 12:05:17,377 - root - INFO - | Epoch: 003/150 | Train Time: 0.974s | Train Loss: 0.228692 |
2020-04-24 12:05:18,433 - root - INFO - | Epoch: 004/150 | Train Time: 1.055s | Train Loss: 0.241836 |
2020-04-24 12:05:19,404 - root - INFO - | Epoch: 005/150 | Train Time: 0.970s | Train Loss: 0.498742 |
2020-04-24 12:05:20,506 - root - INFO - | Epoch: 006/150 | Train Time: 1.101s | Train Loss: 0.365008 |
2020-04-24 12:05:21,481 - root - INFO - | Epoch: 007/150 | Train Time: 0.974s | Train Loss: 0.223729 |
2020-04-24 12:05:22,406 - root - INFO - | Epoch: 008/150 | Train Time: 0.925s | Train Loss: 0.202826 |
2020-04-24 12:05:23,454 - root - INFO - | Epoch: 009/150 | Train Time: 1.047s | Train Loss: 0.154197 |
2020-04-24 12:05:24,483 - root - INFO - | Epoch: 010/150 | Train Time: 1.028s | Train Loss: 0.130489 |
2020-04-24 12:05:25,531 - root - INFO - | Epoch: 011/150 | Train Time: 1.048s | Train Loss: 0.119333 |
2020-04-24 12:05:26,658 - root - INFO - | Epoch: 012/150 | Train Time: 1.125s | Train Loss: 0.114343 |
2020-04-24 12:05:27,742 - root - INFO - | Epoch: 013/150 | Train Time: 1.083s | Train Loss: 0.108580 |
2020-04-24 12:05:28,782 - root - INFO - | Epoch: 014/150 | Train Time: 1.040s | Train Loss: 0.104788 |
2020-04-24 12:05:29,897 - root - INFO - | Epoch: 015/150 | Train Time: 1.114s | Train Loss: 0.098291 |
2020-04-24 12:05:30,879 - root - INFO - | Epoch: 016/150 | Train Time: 0.981s | Train Loss: 0.095822 |
2020-04-24 12:05:31,801 - root - INFO - | Epoch: 017/150 | Train Time: 0.921s | Train Loss: 0.091685 |
2020-04-24 12:05:32,782 - root - INFO - | Epoch: 018/150 | Train Time: 0.980s | Train Loss: 0.090081 |
2020-04-24 12:05:33,737 - root - INFO - | Epoch: 019/150 | Train Time: 0.953s | Train Loss: 0.085756 |
2020-04-24 12:05:34,711 - root - INFO - | Epoch: 020/150 | Train Time: 0.974s | Train Loss: 0.084202 |
2020-04-24 12:05:35,762 - root - INFO - | Epoch: 021/150 | Train Time: 1.049s | Train Loss: 0.082665 |
2020-04-24 12:05:36,705 - root - INFO - | Epoch: 022/150 | Train Time: 0.942s | Train Loss: 0.080377 |
2020-04-24 12:05:37,641 - root - INFO - | Epoch: 023/150 | Train Time: 0.935s | Train Loss: 0.076753 |
2020-04-24 12:05:38,593 - root - INFO - | Epoch: 024/150 | Train Time: 0.951s | Train Loss: 0.075208 |
2020-04-24 12:05:39,638 - root - INFO - | Epoch: 025/150 | Train Time: 1.044s | Train Loss: 0.074753 |
2020-04-24 12:05:40,644 - root - INFO - | Epoch: 026/150 | Train Time: 1.005s | Train Loss: 0.073160 |
2020-04-24 12:05:41,579 - root - INFO - | Epoch: 027/150 | Train Time: 0.935s | Train Loss: 0.069511 |
2020-04-24 12:05:42,617 - root - INFO - | Epoch: 028/150 | Train Time: 1.037s | Train Loss: 0.069750 |
2020-04-24 12:05:43,517 - root - INFO - | Epoch: 029/150 | Train Time: 0.899s | Train Loss: 0.067938 |
2020-04-24 12:05:44,408 - root - INFO - | Epoch: 030/150 | Train Time: 0.890s | Train Loss: 0.065721 |
2020-04-24 12:05:45,350 - root - INFO - | Epoch: 031/150 | Train Time: 0.941s | Train Loss: 0.064614 |
2020-04-24 12:05:46,271 - root - INFO - | Epoch: 032/150 | Train Time: 0.921s | Train Loss: 0.063607 |
2020-04-24 12:05:47,254 - root - INFO - | Epoch: 033/150 | Train Time: 0.982s | Train Loss: 0.061450 |
2020-04-24 12:05:48,259 - root - INFO - | Epoch: 034/150 | Train Time: 1.004s | Train Loss: 0.060477 |
2020-04-24 12:05:49,292 - root - INFO - | Epoch: 035/150 | Train Time: 1.033s | Train Loss: 0.059238 |
2020-04-24 12:05:50,272 - root - INFO - | Epoch: 036/150 | Train Time: 0.979s | Train Loss: 0.058497 |
2020-04-24 12:05:51,265 - root - INFO - | Epoch: 037/150 | Train Time: 0.992s | Train Loss: 0.057430 |
2020-04-24 12:05:52,340 - root - INFO - | Epoch: 038/150 | Train Time: 1.075s | Train Loss: 0.056541 |
2020-04-24 12:05:53,433 - root - INFO - | Epoch: 039/150 | Train Time: 1.091s | Train Loss: 0.055532 |
2020-04-24 12:05:54,412 - root - INFO - | Epoch: 040/150 | Train Time: 0.978s | Train Loss: 0.054383 |
2020-04-24 12:05:55,529 - root - INFO - | Epoch: 041/150 | Train Time: 1.116s | Train Loss: 0.053231 |
2020-04-24 12:05:56,628 - root - INFO - | Epoch: 042/150 | Train Time: 1.099s | Train Loss: 0.052441 |
2020-04-24 12:05:57,734 - root - INFO - | Epoch: 043/150 | Train Time: 1.105s | Train Loss: 0.051657 |
2020-04-24 12:05:58,667 - root - INFO - | Epoch: 044/150 | Train Time: 0.931s | Train Loss: 0.049664 |
2020-04-24 12:05:59,692 - root - INFO - | Epoch: 045/150 | Train Time: 1.024s | Train Loss: 0.048839 |
2020-04-24 12:06:00,669 - root - INFO - | Epoch: 046/150 | Train Time: 0.976s | Train Loss: 0.048653 |
2020-04-24 12:06:01,656 - root - INFO - | Epoch: 047/150 | Train Time: 0.986s | Train Loss: 0.047887 |
2020-04-24 12:06:02,591 - root - INFO - | Epoch: 048/150 | Train Time: 0.934s | Train Loss: 0.047596 |
2020-04-24 12:06:03,576 - root - INFO - | Epoch: 049/150 | Train Time: 0.984s | Train Loss: 0.046505 |
2020-04-24 12:06:04,541 - root - INFO - | Epoch: 050/150 | Train Time: 0.964s | Train Loss: 0.046089 |
2020-04-24 12:06:04,542 - root - INFO -   LR scheduler: new learning rate is 1e-06
2020-04-24 12:06:05,553 - root - INFO - | Epoch: 051/150 | Train Time: 1.010s | Train Loss: 0.044282 |
2020-04-24 12:06:06,610 - root - INFO - | Epoch: 052/150 | Train Time: 1.056s | Train Loss: 0.044271 |
2020-04-24 12:06:07,579 - root - INFO - | Epoch: 053/150 | Train Time: 0.968s | Train Loss: 0.043025 |
2020-04-24 12:06:08,660 - root - INFO - | Epoch: 054/150 | Train Time: 1.080s | Train Loss: 0.043441 |
2020-04-24 12:06:09,660 - root - INFO - | Epoch: 055/150 | Train Time: 0.998s | Train Loss: 0.043526 |
2020-04-24 12:06:10,606 - root - INFO - | Epoch: 056/150 | Train Time: 0.945s | Train Loss: 0.043204 |
2020-04-24 12:06:11,564 - root - INFO - | Epoch: 057/150 | Train Time: 0.957s | Train Loss: 0.043718 |
2020-04-24 12:06:12,534 - root - INFO - | Epoch: 058/150 | Train Time: 0.970s | Train Loss: 0.043806 |
2020-04-24 12:06:13,628 - root - INFO - | Epoch: 059/150 | Train Time: 1.092s | Train Loss: 0.042751 |
2020-04-24 12:06:14,738 - root - INFO - | Epoch: 060/150 | Train Time: 1.109s | Train Loss: 0.042798 |
2020-04-24 12:06:15,764 - root - INFO - | Epoch: 061/150 | Train Time: 1.025s | Train Loss: 0.042410 |
2020-04-24 12:06:16,767 - root - INFO - | Epoch: 062/150 | Train Time: 1.002s | Train Loss: 0.042790 |
2020-04-24 12:06:17,739 - root - INFO - | Epoch: 063/150 | Train Time: 0.971s | Train Loss: 0.042765 |
2020-04-24 12:06:18,750 - root - INFO - | Epoch: 064/150 | Train Time: 1.010s | Train Loss: 0.043315 |
2020-04-24 12:06:19,696 - root - INFO - | Epoch: 065/150 | Train Time: 0.945s | Train Loss: 0.042508 |
2020-04-24 12:06:20,662 - root - INFO - | Epoch: 066/150 | Train Time: 0.965s | Train Loss: 0.042659 |
2020-04-24 12:06:21,678 - root - INFO - | Epoch: 067/150 | Train Time: 1.015s | Train Loss: 0.041949 |
2020-04-24 12:06:22,632 - root - INFO - | Epoch: 068/150 | Train Time: 0.953s | Train Loss: 0.042218 |
2020-04-24 12:06:23,594 - root - INFO - | Epoch: 069/150 | Train Time: 0.961s | Train Loss: 0.041686 |
2020-04-24 12:06:24,617 - root - INFO - | Epoch: 070/150 | Train Time: 1.021s | Train Loss: 0.042045 |
2020-04-24 12:06:25,650 - root - INFO - | Epoch: 071/150 | Train Time: 1.033s | Train Loss: 0.041661 |
2020-04-24 12:06:26,593 - root - INFO - | Epoch: 072/150 | Train Time: 0.942s | Train Loss: 0.041731 |
2020-04-24 12:06:27,667 - root - INFO - | Epoch: 073/150 | Train Time: 1.073s | Train Loss: 0.042070 |
2020-04-24 12:06:28,653 - root - INFO - | Epoch: 074/150 | Train Time: 0.985s | Train Loss: 0.041669 |
2020-04-24 12:06:29,730 - root - INFO - | Epoch: 075/150 | Train Time: 1.076s | Train Loss: 0.041800 |
2020-04-24 12:06:30,728 - root - INFO - | Epoch: 076/150 | Train Time: 0.997s | Train Loss: 0.041089 |
2020-04-24 12:06:31,691 - root - INFO - | Epoch: 077/150 | Train Time: 0.962s | Train Loss: 0.041149 |
2020-04-24 12:06:32,608 - root - INFO - | Epoch: 078/150 | Train Time: 0.916s | Train Loss: 0.040862 |
2020-04-24 12:06:33,695 - root - INFO - | Epoch: 079/150 | Train Time: 1.085s | Train Loss: 0.040413 |
2020-04-24 12:06:34,681 - root - INFO - | Epoch: 080/150 | Train Time: 0.985s | Train Loss: 0.040662 |
2020-04-24 12:06:35,617 - root - INFO - | Epoch: 081/150 | Train Time: 0.935s | Train Loss: 0.039893 |
2020-04-24 12:06:36,647 - root - INFO - | Epoch: 082/150 | Train Time: 1.029s | Train Loss: 0.040653 |
2020-04-24 12:06:37,573 - root - INFO - | Epoch: 083/150 | Train Time: 0.924s | Train Loss: 0.040659 |
2020-04-24 12:06:38,621 - root - INFO - | Epoch: 084/150 | Train Time: 1.047s | Train Loss: 0.039963 |
2020-04-24 12:06:39,529 - root - INFO - | Epoch: 085/150 | Train Time: 0.907s | Train Loss: 0.040647 |
2020-04-24 12:06:40,445 - root - INFO - | Epoch: 086/150 | Train Time: 0.915s | Train Loss: 0.039634 |
2020-04-24 12:06:41,382 - root - INFO - | Epoch: 087/150 | Train Time: 0.936s | Train Loss: 0.040028 |
2020-04-24 12:06:42,295 - root - INFO - | Epoch: 088/150 | Train Time: 0.912s | Train Loss: 0.040771 |
2020-04-24 12:06:43,329 - root - INFO - | Epoch: 089/150 | Train Time: 1.033s | Train Loss: 0.039419 |
2020-04-24 12:06:44,252 - root - INFO - | Epoch: 090/150 | Train Time: 0.922s | Train Loss: 0.039215 |
2020-04-24 12:06:45,239 - root - INFO - | Epoch: 091/150 | Train Time: 0.986s | Train Loss: 0.040751 |
2020-04-24 12:06:46,230 - root - INFO - | Epoch: 092/150 | Train Time: 0.991s | Train Loss: 0.039507 |
2020-04-24 12:06:47,349 - root - INFO - | Epoch: 093/150 | Train Time: 1.118s | Train Loss: 0.038936 |
2020-04-24 12:06:48,414 - root - INFO - | Epoch: 094/150 | Train Time: 1.064s | Train Loss: 0.038942 |
2020-04-24 12:06:49,406 - root - INFO - | Epoch: 095/150 | Train Time: 0.991s | Train Loss: 0.039483 |
2020-04-24 12:06:50,338 - root - INFO - | Epoch: 096/150 | Train Time: 0.930s | Train Loss: 0.039290 |
2020-04-24 12:06:51,424 - root - INFO - | Epoch: 097/150 | Train Time: 1.086s | Train Loss: 0.038982 |
2020-04-24 12:06:52,310 - root - INFO - | Epoch: 098/150 | Train Time: 0.885s | Train Loss: 0.038627 |
2020-04-24 12:06:53,240 - root - INFO - | Epoch: 099/150 | Train Time: 0.930s | Train Loss: 0.038463 |
2020-04-24 12:06:54,143 - root - INFO - | Epoch: 100/150 | Train Time: 0.901s | Train Loss: 0.038367 |
2020-04-24 12:06:54,144 - root - INFO -   LR scheduler: new learning rate is 1e-07
2020-04-24 12:06:55,121 - root - INFO - | Epoch: 101/150 | Train Time: 0.977s | Train Loss: 0.037283 |
2020-04-24 12:06:56,078 - root - INFO - | Epoch: 102/150 | Train Time: 0.956s | Train Loss: 0.037949 |
2020-04-24 12:06:56,936 - root - INFO - | Epoch: 103/150 | Train Time: 0.857s | Train Loss: 0.037669 |
2020-04-24 12:06:57,946 - root - INFO - | Epoch: 104/150 | Train Time: 1.010s | Train Loss: 0.037861 |
2020-04-24 12:06:58,834 - root - INFO - | Epoch: 105/150 | Train Time: 0.887s | Train Loss: 0.037543 |
2020-04-24 12:06:59,770 - root - INFO - | Epoch: 106/150 | Train Time: 0.936s | Train Loss: 0.037338 |
2020-04-24 12:07:00,736 - root - INFO - | Epoch: 107/150 | Train Time: 0.964s | Train Loss: 0.037582 |
2020-04-24 12:07:01,692 - root - INFO - | Epoch: 108/150 | Train Time: 0.956s | Train Loss: 0.037863 |
2020-04-24 12:07:02,609 - root - INFO - | Epoch: 109/150 | Train Time: 0.915s | Train Loss: 0.037981 |
2020-04-24 12:07:03,540 - root - INFO - | Epoch: 110/150 | Train Time: 0.931s | Train Loss: 0.037655 |
2020-04-24 12:07:04,497 - root - INFO - | Epoch: 111/150 | Train Time: 0.956s | Train Loss: 0.037623 |
2020-04-24 12:07:05,380 - root - INFO - | Epoch: 112/150 | Train Time: 0.881s | Train Loss: 0.038122 |
2020-04-24 12:07:06,247 - root - INFO - | Epoch: 113/150 | Train Time: 0.867s | Train Loss: 0.037667 |
2020-04-24 12:07:07,114 - root - INFO - | Epoch: 114/150 | Train Time: 0.867s | Train Loss: 0.038039 |
2020-04-24 12:07:08,082 - root - INFO - | Epoch: 115/150 | Train Time: 0.967s | Train Loss: 0.037940 |
2020-04-24 12:07:09,013 - root - INFO - | Epoch: 116/150 | Train Time: 0.930s | Train Loss: 0.037416 |
2020-04-24 12:07:09,913 - root - INFO - | Epoch: 117/150 | Train Time: 0.899s | Train Loss: 0.037588 |
2020-04-24 12:07:10,877 - root - INFO - | Epoch: 118/150 | Train Time: 0.964s | Train Loss: 0.037805 |
2020-04-24 12:07:11,745 - root - INFO - | Epoch: 119/150 | Train Time: 0.867s | Train Loss: 0.037626 |
2020-04-24 12:07:12,788 - root - INFO - | Epoch: 120/150 | Train Time: 1.042s | Train Loss: 0.037802 |
2020-04-24 12:07:13,716 - root - INFO - | Epoch: 121/150 | Train Time: 0.927s | Train Loss: 0.036872 |
2020-04-24 12:07:14,644 - root - INFO - | Epoch: 122/150 | Train Time: 0.927s | Train Loss: 0.038055 |
2020-04-24 12:07:15,617 - root - INFO - | Epoch: 123/150 | Train Time: 0.971s | Train Loss: 0.037315 |
2020-04-24 12:07:16,494 - root - INFO - | Epoch: 124/150 | Train Time: 0.876s | Train Loss: 0.037127 |
2020-04-24 12:07:17,381 - root - INFO - | Epoch: 125/150 | Train Time: 0.887s | Train Loss: 0.037689 |
2020-04-24 12:07:18,302 - root - INFO - | Epoch: 126/150 | Train Time: 0.920s | Train Loss: 0.037455 |
2020-04-24 12:07:19,277 - root - INFO - | Epoch: 127/150 | Train Time: 0.974s | Train Loss: 0.037193 |
2020-04-24 12:07:20,162 - root - INFO - | Epoch: 128/150 | Train Time: 0.884s | Train Loss: 0.037283 |
2020-04-24 12:07:21,020 - root - INFO - | Epoch: 129/150 | Train Time: 0.857s | Train Loss: 0.037867 |
2020-04-24 12:07:21,959 - root - INFO - | Epoch: 130/150 | Train Time: 0.938s | Train Loss: 0.037331 |
2020-04-24 12:07:22,814 - root - INFO - | Epoch: 131/150 | Train Time: 0.855s | Train Loss: 0.037512 |
2020-04-24 12:07:23,735 - root - INFO - | Epoch: 132/150 | Train Time: 0.919s | Train Loss: 0.037038 |
2020-04-24 12:07:24,669 - root - INFO - | Epoch: 133/150 | Train Time: 0.933s | Train Loss: 0.036740 |
2020-04-24 12:07:25,591 - root - INFO - | Epoch: 134/150 | Train Time: 0.921s | Train Loss: 0.037423 |
2020-04-24 12:07:26,452 - root - INFO - | Epoch: 135/150 | Train Time: 0.861s | Train Loss: 0.037012 |
2020-04-24 12:07:27,302 - root - INFO - | Epoch: 136/150 | Train Time: 0.849s | Train Loss: 0.037103 |
2020-04-24 12:07:28,266 - root - INFO - | Epoch: 137/150 | Train Time: 0.963s | Train Loss: 0.037271 |
2020-04-24 12:07:29,167 - root - INFO - | Epoch: 138/150 | Train Time: 0.901s | Train Loss: 0.036764 |
2020-04-24 12:07:30,068 - root - INFO - | Epoch: 139/150 | Train Time: 0.900s | Train Loss: 0.037419 |
2020-04-24 12:07:30,905 - root - INFO - | Epoch: 140/150 | Train Time: 0.836s | Train Loss: 0.037625 |
2020-04-24 12:07:31,771 - root - INFO - | Epoch: 141/150 | Train Time: 0.865s | Train Loss: 0.036454 |
2020-04-24 12:07:32,631 - root - INFO - | Epoch: 142/150 | Train Time: 0.859s | Train Loss: 0.036837 |
2020-04-24 12:07:33,543 - root - INFO - | Epoch: 143/150 | Train Time: 0.911s | Train Loss: 0.036758 |
2020-04-24 12:07:34,406 - root - INFO - | Epoch: 144/150 | Train Time: 0.862s | Train Loss: 0.037118 |
2020-04-24 12:07:35,263 - root - INFO - | Epoch: 145/150 | Train Time: 0.856s | Train Loss: 0.036807 |
2020-04-24 12:07:36,174 - root - INFO - | Epoch: 146/150 | Train Time: 0.909s | Train Loss: 0.036946 |
2020-04-24 12:07:37,051 - root - INFO - | Epoch: 147/150 | Train Time: 0.877s | Train Loss: 0.036843 |
2020-04-24 12:07:37,911 - root - INFO - | Epoch: 148/150 | Train Time: 0.859s | Train Loss: 0.036492 |
2020-04-24 12:07:38,764 - root - INFO - | Epoch: 149/150 | Train Time: 0.852s | Train Loss: 0.036823 |
2020-04-24 12:07:39,672 - root - INFO - | Epoch: 150/150 | Train Time: 0.907s | Train Loss: 0.036902 |
2020-04-24 12:07:39,673 - root - INFO - Training Time: 145.321s
2020-04-24 12:07:39,674 - root - INFO - Finished training.
2020-04-24 12:07:39,679 - root - INFO - Starting testing...
2020-04-24 12:07:39,892 - root - INFO - Test Loss: 1.934047
2020-04-24 12:07:39,893 - root - INFO - Test AUC: 88.98%
2020-04-24 12:07:39,894 - root - INFO - Test Time: 0.211s
2020-04-24 12:07:39,894 - root - INFO - Finished testing.
2020-04-24 12:20:01,961 - root - INFO - Starting testing...
2020-04-24 12:20:02,239 - root - INFO - Test Loss: 1.934047
2020-04-24 12:20:02,240 - root - INFO - Test AUC: 88.98%
2020-04-24 12:20:02,241 - root - INFO - Test Time: 0.276s
2020-04-24 12:20:02,242 - root - INFO - Finished testing.
