2020-04-23 21:36:49,403 - root - INFO - I am pre-training for you.
2020-04-23 21:36:50,394 - root - INFO - | Epoch: 001/150 | Train Time: 0.979s | Train Loss: 0.057445 |
2020-04-23 21:36:51,384 - root - INFO - | Epoch: 002/150 | Train Time: 0.989s | Train Loss: 0.033141 |
2020-04-23 21:36:52,335 - root - INFO - | Epoch: 003/150 | Train Time: 0.950s | Train Loss: 0.031027 |
2020-04-23 21:36:53,331 - root - INFO - | Epoch: 004/150 | Train Time: 0.995s | Train Loss: 0.030207 |
2020-04-23 21:36:54,413 - root - INFO - | Epoch: 005/150 | Train Time: 1.081s | Train Loss: 0.029672 |
2020-04-23 21:36:55,384 - root - INFO - | Epoch: 006/150 | Train Time: 0.969s | Train Loss: 0.029080 |
2020-04-23 21:36:56,442 - root - INFO - | Epoch: 007/150 | Train Time: 1.058s | Train Loss: 0.028472 |
2020-04-23 21:36:57,487 - root - INFO - | Epoch: 008/150 | Train Time: 1.044s | Train Loss: 0.028698 |
2020-04-23 21:36:58,551 - root - INFO - | Epoch: 009/150 | Train Time: 1.062s | Train Loss: 0.028495 |
2020-04-23 21:36:59,569 - root - INFO - | Epoch: 010/150 | Train Time: 1.017s | Train Loss: 0.028509 |
2020-04-23 21:37:00,552 - root - INFO - | Epoch: 011/150 | Train Time: 0.982s | Train Loss: 0.028396 |
2020-04-23 21:37:01,558 - root - INFO - | Epoch: 012/150 | Train Time: 1.004s | Train Loss: 0.028111 |
2020-04-23 21:37:02,619 - root - INFO - | Epoch: 013/150 | Train Time: 1.059s | Train Loss: 0.027954 |
2020-04-23 21:37:03,645 - root - INFO - | Epoch: 014/150 | Train Time: 1.024s | Train Loss: 0.027998 |
2020-04-23 21:37:04,619 - root - INFO - | Epoch: 015/150 | Train Time: 0.973s | Train Loss: 0.028028 |
2020-04-23 21:37:05,580 - root - INFO - | Epoch: 016/150 | Train Time: 0.960s | Train Loss: 0.027776 |
2020-04-23 21:37:06,626 - root - INFO - | Epoch: 017/150 | Train Time: 1.044s | Train Loss: 0.027754 |
2020-04-23 21:37:07,610 - root - INFO - | Epoch: 018/150 | Train Time: 0.983s | Train Loss: 0.027698 |
2020-04-23 21:37:08,599 - root - INFO - | Epoch: 019/150 | Train Time: 0.988s | Train Loss: 0.027666 |
2020-04-23 21:37:09,581 - root - INFO - | Epoch: 020/150 | Train Time: 0.981s | Train Loss: 0.027890 |
2020-04-23 21:37:10,562 - root - INFO - | Epoch: 021/150 | Train Time: 0.980s | Train Loss: 0.027592 |
2020-04-23 21:37:11,566 - root - INFO - | Epoch: 022/150 | Train Time: 1.003s | Train Loss: 0.027512 |
2020-04-23 21:37:12,552 - root - INFO - | Epoch: 023/150 | Train Time: 0.984s | Train Loss: 0.027688 |
2020-04-23 21:37:13,563 - root - INFO - | Epoch: 024/150 | Train Time: 1.010s | Train Loss: 0.027905 |
2020-04-23 21:37:14,481 - root - INFO - | Epoch: 025/150 | Train Time: 0.917s | Train Loss: 0.027493 |
2020-04-23 21:37:15,507 - root - INFO - | Epoch: 026/150 | Train Time: 1.025s | Train Loss: 0.027797 |
2020-04-23 21:37:16,611 - root - INFO - | Epoch: 027/150 | Train Time: 1.102s | Train Loss: 0.027671 |
2020-04-23 21:37:17,586 - root - INFO - | Epoch: 028/150 | Train Time: 0.974s | Train Loss: 0.027654 |
2020-04-23 21:37:18,614 - root - INFO - | Epoch: 029/150 | Train Time: 1.028s | Train Loss: 0.027379 |
2020-04-23 21:37:19,734 - root - INFO - | Epoch: 030/150 | Train Time: 1.118s | Train Loss: 0.027480 |
2020-04-23 21:37:20,696 - root - INFO - | Epoch: 031/150 | Train Time: 0.961s | Train Loss: 0.027110 |
2020-04-23 21:37:21,684 - root - INFO - | Epoch: 032/150 | Train Time: 0.987s | Train Loss: 0.026726 |
2020-04-23 21:37:22,768 - root - INFO - | Epoch: 033/150 | Train Time: 1.083s | Train Loss: 0.027208 |
2020-04-23 21:37:23,780 - root - INFO - | Epoch: 034/150 | Train Time: 1.010s | Train Loss: 0.027392 |
2020-04-23 21:37:24,752 - root - INFO - | Epoch: 035/150 | Train Time: 0.971s | Train Loss: 0.027116 |
2020-04-23 21:37:25,694 - root - INFO - | Epoch: 036/150 | Train Time: 0.941s | Train Loss: 0.026749 |
2020-04-23 21:37:26,656 - root - INFO - | Epoch: 037/150 | Train Time: 0.961s | Train Loss: 0.027063 |
2020-04-23 21:37:27,654 - root - INFO - | Epoch: 038/150 | Train Time: 0.996s | Train Loss: 0.026816 |
2020-04-23 21:37:28,665 - root - INFO - | Epoch: 039/150 | Train Time: 1.010s | Train Loss: 0.026908 |
2020-04-23 21:37:29,660 - root - INFO - | Epoch: 040/150 | Train Time: 0.994s | Train Loss: 0.026940 |
2020-04-23 21:37:30,686 - root - INFO - | Epoch: 041/150 | Train Time: 1.025s | Train Loss: 0.026602 |
2020-04-23 21:37:31,659 - root - INFO - | Epoch: 042/150 | Train Time: 0.972s | Train Loss: 0.026621 |
2020-04-23 21:37:32,627 - root - INFO - | Epoch: 043/150 | Train Time: 0.967s | Train Loss: 0.026922 |
2020-04-23 21:37:33,675 - root - INFO - | Epoch: 044/150 | Train Time: 1.046s | Train Loss: 0.027119 |
2020-04-23 21:37:34,635 - root - INFO - | Epoch: 045/150 | Train Time: 0.960s | Train Loss: 0.026402 |
2020-04-23 21:37:35,654 - root - INFO - | Epoch: 046/150 | Train Time: 1.017s | Train Loss: 0.026938 |
2020-04-23 21:37:36,627 - root - INFO - | Epoch: 047/150 | Train Time: 0.972s | Train Loss: 0.026773 |
2020-04-23 21:37:37,553 - root - INFO - | Epoch: 048/150 | Train Time: 0.925s | Train Loss: 0.027269 |
2020-04-23 21:37:38,505 - root - INFO - | Epoch: 049/150 | Train Time: 0.951s | Train Loss: 0.026907 |
2020-04-23 21:37:39,432 - root - INFO - | Epoch: 050/150 | Train Time: 0.925s | Train Loss: 0.025752 |
2020-04-23 21:37:39,433 - root - INFO -   LR scheduler: new learning rate is 0.0001
2020-04-23 21:37:40,460 - root - INFO - | Epoch: 051/150 | Train Time: 1.027s | Train Loss: 0.025446 |
2020-04-23 21:37:41,421 - root - INFO - | Epoch: 052/150 | Train Time: 0.960s | Train Loss: 0.025220 |
2020-04-23 21:37:42,450 - root - INFO - | Epoch: 053/150 | Train Time: 1.028s | Train Loss: 0.025197 |
2020-04-23 21:37:43,570 - root - INFO - | Epoch: 054/150 | Train Time: 1.118s | Train Loss: 0.025092 |
2020-04-23 21:37:44,546 - root - INFO - | Epoch: 055/150 | Train Time: 0.975s | Train Loss: 0.025134 |
2020-04-23 21:37:45,522 - root - INFO - | Epoch: 056/150 | Train Time: 0.975s | Train Loss: 0.024959 |
2020-04-23 21:37:46,533 - root - INFO - | Epoch: 057/150 | Train Time: 1.009s | Train Loss: 0.024810 |
2020-04-23 21:37:47,513 - root - INFO - | Epoch: 058/150 | Train Time: 0.979s | Train Loss: 0.024939 |
2020-04-23 21:37:48,543 - root - INFO - | Epoch: 059/150 | Train Time: 1.029s | Train Loss: 0.024795 |
2020-04-23 21:37:49,600 - root - INFO - | Epoch: 060/150 | Train Time: 1.055s | Train Loss: 0.024990 |
2020-04-23 21:37:50,660 - root - INFO - | Epoch: 061/150 | Train Time: 1.059s | Train Loss: 0.024905 |
2020-04-23 21:37:51,869 - root - INFO - | Epoch: 062/150 | Train Time: 1.208s | Train Loss: 0.024850 |
2020-04-23 21:37:52,943 - root - INFO - | Epoch: 063/150 | Train Time: 1.072s | Train Loss: 0.024741 |
2020-04-23 21:37:54,033 - root - INFO - | Epoch: 064/150 | Train Time: 1.089s | Train Loss: 0.024757 |
2020-04-23 21:37:55,187 - root - INFO - | Epoch: 065/150 | Train Time: 1.153s | Train Loss: 0.024789 |
2020-04-23 21:37:56,240 - root - INFO - | Epoch: 066/150 | Train Time: 1.052s | Train Loss: 0.024753 |
2020-04-23 21:37:57,331 - root - INFO - | Epoch: 067/150 | Train Time: 1.089s | Train Loss: 0.024648 |
2020-04-23 21:37:58,295 - root - INFO - | Epoch: 068/150 | Train Time: 0.963s | Train Loss: 0.024761 |
2020-04-23 21:37:59,374 - root - INFO - | Epoch: 069/150 | Train Time: 1.078s | Train Loss: 0.024541 |
2020-04-23 21:38:00,476 - root - INFO - | Epoch: 070/150 | Train Time: 1.100s | Train Loss: 0.024379 |
2020-04-23 21:38:01,512 - root - INFO - | Epoch: 071/150 | Train Time: 1.035s | Train Loss: 0.024462 |
2020-04-23 21:38:02,632 - root - INFO - | Epoch: 072/150 | Train Time: 1.119s | Train Loss: 0.024617 |
2020-04-23 21:38:03,723 - root - INFO - | Epoch: 073/150 | Train Time: 1.090s | Train Loss: 0.024557 |
2020-04-23 21:38:04,815 - root - INFO - | Epoch: 074/150 | Train Time: 1.091s | Train Loss: 0.024800 |
2020-04-23 21:38:05,922 - root - INFO - | Epoch: 075/150 | Train Time: 1.106s | Train Loss: 0.024551 |
2020-04-23 21:38:07,044 - root - INFO - | Epoch: 076/150 | Train Time: 1.121s | Train Loss: 0.024451 |
2020-04-23 21:38:08,112 - root - INFO - | Epoch: 077/150 | Train Time: 1.067s | Train Loss: 0.024364 |
2020-04-23 21:38:09,221 - root - INFO - | Epoch: 078/150 | Train Time: 1.107s | Train Loss: 0.024484 |
2020-04-23 21:38:10,304 - root - INFO - | Epoch: 079/150 | Train Time: 1.082s | Train Loss: 0.024518 |
2020-04-23 21:38:11,329 - root - INFO - | Epoch: 080/150 | Train Time: 1.023s | Train Loss: 0.024610 |
2020-04-23 21:38:12,428 - root - INFO - | Epoch: 081/150 | Train Time: 1.098s | Train Loss: 0.024329 |
2020-04-23 21:38:13,519 - root - INFO - | Epoch: 082/150 | Train Time: 1.090s | Train Loss: 0.024558 |
2020-04-23 21:38:14,651 - root - INFO - | Epoch: 083/150 | Train Time: 1.130s | Train Loss: 0.024453 |
2020-04-23 21:38:15,961 - root - INFO - | Epoch: 084/150 | Train Time: 1.309s | Train Loss: 0.024463 |
2020-04-23 21:38:16,988 - root - INFO - | Epoch: 085/150 | Train Time: 1.026s | Train Loss: 0.024515 |
2020-04-23 21:38:18,092 - root - INFO - | Epoch: 086/150 | Train Time: 1.103s | Train Loss: 0.024321 |
2020-04-23 21:38:19,241 - root - INFO - | Epoch: 087/150 | Train Time: 1.146s | Train Loss: 0.024420 |
2020-04-23 21:38:20,327 - root - INFO - | Epoch: 088/150 | Train Time: 1.084s | Train Loss: 0.024480 |
2020-04-23 21:38:21,406 - root - INFO - | Epoch: 089/150 | Train Time: 1.077s | Train Loss: 0.024141 |
2020-04-23 21:38:22,482 - root - INFO - | Epoch: 090/150 | Train Time: 1.076s | Train Loss: 0.024210 |
2020-04-23 21:38:23,535 - root - INFO - | Epoch: 091/150 | Train Time: 1.051s | Train Loss: 0.024157 |
2020-04-23 21:38:24,576 - root - INFO - | Epoch: 092/150 | Train Time: 1.040s | Train Loss: 0.024370 |
2020-04-23 21:38:25,583 - root - INFO - | Epoch: 093/150 | Train Time: 1.005s | Train Loss: 0.024328 |
2020-04-23 21:38:26,656 - root - INFO - | Epoch: 094/150 | Train Time: 1.072s | Train Loss: 0.024052 |
2020-04-23 21:38:27,760 - root - INFO - | Epoch: 095/150 | Train Time: 1.102s | Train Loss: 0.024246 |
2020-04-23 21:38:28,797 - root - INFO - | Epoch: 096/150 | Train Time: 1.037s | Train Loss: 0.024083 |
2020-04-23 21:38:29,851 - root - INFO - | Epoch: 097/150 | Train Time: 1.052s | Train Loss: 0.024136 |
2020-04-23 21:38:30,997 - root - INFO - | Epoch: 098/150 | Train Time: 1.145s | Train Loss: 0.024185 |
2020-04-23 21:38:32,078 - root - INFO - | Epoch: 099/150 | Train Time: 1.079s | Train Loss: 0.024101 |
2020-04-23 21:38:33,196 - root - INFO - | Epoch: 100/150 | Train Time: 1.117s | Train Loss: 0.023700 |
2020-04-23 21:38:33,198 - root - INFO -   LR scheduler: new learning rate is 1e-05
2020-04-23 21:38:34,262 - root - INFO - | Epoch: 101/150 | Train Time: 1.064s | Train Loss: 0.023553 |
2020-04-23 21:38:35,418 - root - INFO - | Epoch: 102/150 | Train Time: 1.155s | Train Loss: 0.023574 |
2020-04-23 21:38:36,537 - root - INFO - | Epoch: 103/150 | Train Time: 1.117s | Train Loss: 0.023876 |
2020-04-23 21:38:37,699 - root - INFO - | Epoch: 104/150 | Train Time: 1.161s | Train Loss: 0.023499 |
2020-04-23 21:38:38,824 - root - INFO - | Epoch: 105/150 | Train Time: 1.124s | Train Loss: 0.023568 |
2020-04-23 21:38:39,883 - root - INFO - | Epoch: 106/150 | Train Time: 1.057s | Train Loss: 0.023548 |
2020-04-23 21:38:40,969 - root - INFO - | Epoch: 107/150 | Train Time: 1.086s | Train Loss: 0.023628 |
2020-04-23 21:38:42,083 - root - INFO - | Epoch: 108/150 | Train Time: 1.112s | Train Loss: 0.023638 |
2020-04-23 21:38:43,145 - root - INFO - | Epoch: 109/150 | Train Time: 1.061s | Train Loss: 0.023566 |
2020-04-23 21:38:44,146 - root - INFO - | Epoch: 110/150 | Train Time: 1.000s | Train Loss: 0.023464 |
2020-04-23 21:38:45,345 - root - INFO - | Epoch: 111/150 | Train Time: 1.198s | Train Loss: 0.023588 |
2020-04-23 21:38:46,526 - root - INFO - | Epoch: 112/150 | Train Time: 1.179s | Train Loss: 0.023790 |
2020-04-23 21:38:47,622 - root - INFO - | Epoch: 113/150 | Train Time: 1.094s | Train Loss: 0.023727 |
2020-04-23 21:38:48,676 - root - INFO - | Epoch: 114/150 | Train Time: 1.053s | Train Loss: 0.023331 |
2020-04-23 21:38:49,730 - root - INFO - | Epoch: 115/150 | Train Time: 1.053s | Train Loss: 0.023609 |
2020-04-23 21:38:50,824 - root - INFO - | Epoch: 116/150 | Train Time: 1.093s | Train Loss: 0.023613 |
2020-04-23 21:38:51,827 - root - INFO - | Epoch: 117/150 | Train Time: 1.002s | Train Loss: 0.023443 |
2020-04-23 21:38:52,888 - root - INFO - | Epoch: 118/150 | Train Time: 1.060s | Train Loss: 0.023430 |
2020-04-23 21:38:54,014 - root - INFO - | Epoch: 119/150 | Train Time: 1.124s | Train Loss: 0.023328 |
2020-04-23 21:38:55,073 - root - INFO - | Epoch: 120/150 | Train Time: 1.058s | Train Loss: 0.023472 |
2020-04-23 21:38:56,199 - root - INFO - | Epoch: 121/150 | Train Time: 1.125s | Train Loss: 0.023770 |
2020-04-23 21:38:57,352 - root - INFO - | Epoch: 122/150 | Train Time: 1.151s | Train Loss: 0.023499 |
2020-04-23 21:38:58,493 - root - INFO - | Epoch: 123/150 | Train Time: 1.139s | Train Loss: 0.023591 |
2020-04-23 21:38:59,615 - root - INFO - | Epoch: 124/150 | Train Time: 1.121s | Train Loss: 0.023536 |
2020-04-23 21:39:00,623 - root - INFO - | Epoch: 125/150 | Train Time: 1.007s | Train Loss: 0.023438 |
2020-04-23 21:39:01,649 - root - INFO - | Epoch: 126/150 | Train Time: 1.025s | Train Loss: 0.023512 |
2020-04-23 21:39:02,774 - root - INFO - | Epoch: 127/150 | Train Time: 1.124s | Train Loss: 0.023306 |
2020-04-23 21:39:03,844 - root - INFO - | Epoch: 128/150 | Train Time: 1.069s | Train Loss: 0.023563 |
2020-04-23 21:39:04,900 - root - INFO - | Epoch: 129/150 | Train Time: 1.053s | Train Loss: 0.023475 |
2020-04-23 21:39:06,073 - root - INFO - | Epoch: 130/150 | Train Time: 1.172s | Train Loss: 0.023418 |
2020-04-23 21:39:07,243 - root - INFO - | Epoch: 131/150 | Train Time: 1.169s | Train Loss: 0.023363 |
2020-04-23 21:39:08,481 - root - INFO - | Epoch: 132/150 | Train Time: 1.237s | Train Loss: 0.023550 |
2020-04-23 21:39:09,589 - root - INFO - | Epoch: 133/150 | Train Time: 1.107s | Train Loss: 0.023487 |
2020-04-23 21:39:10,726 - root - INFO - | Epoch: 134/150 | Train Time: 1.136s | Train Loss: 0.023433 |
2020-04-23 21:39:11,846 - root - INFO - | Epoch: 135/150 | Train Time: 1.118s | Train Loss: 0.023421 |
2020-04-23 21:39:12,968 - root - INFO - | Epoch: 136/150 | Train Time: 1.121s | Train Loss: 0.023308 |
2020-04-23 21:39:14,110 - root - INFO - | Epoch: 137/150 | Train Time: 1.141s | Train Loss: 0.023258 |
2020-04-23 21:39:15,306 - root - INFO - | Epoch: 138/150 | Train Time: 1.194s | Train Loss: 0.023387 |
2020-04-23 21:39:16,411 - root - INFO - | Epoch: 139/150 | Train Time: 1.105s | Train Loss: 0.023567 |
2020-04-23 21:39:17,530 - root - INFO - | Epoch: 140/150 | Train Time: 1.117s | Train Loss: 0.023347 |
2020-04-23 21:39:18,659 - root - INFO - | Epoch: 141/150 | Train Time: 1.127s | Train Loss: 0.023439 |
2020-04-23 21:39:19,707 - root - INFO - | Epoch: 142/150 | Train Time: 1.047s | Train Loss: 0.023386 |
2020-04-23 21:39:20,875 - root - INFO - | Epoch: 143/150 | Train Time: 1.167s | Train Loss: 0.023318 |
2020-04-23 21:39:22,013 - root - INFO - | Epoch: 144/150 | Train Time: 1.137s | Train Loss: 0.023401 |
2020-04-23 21:39:23,174 - root - INFO - | Epoch: 145/150 | Train Time: 1.160s | Train Loss: 0.023458 |
2020-04-23 21:39:24,381 - root - INFO - | Epoch: 146/150 | Train Time: 1.205s | Train Loss: 0.023257 |
2020-04-23 21:39:25,524 - root - INFO - | Epoch: 147/150 | Train Time: 1.142s | Train Loss: 0.023376 |
2020-04-23 21:39:26,730 - root - INFO - | Epoch: 148/150 | Train Time: 1.205s | Train Loss: 0.023344 |
2020-04-23 21:39:27,922 - root - INFO - | Epoch: 149/150 | Train Time: 1.190s | Train Loss: 0.023324 |
2020-04-23 21:39:29,084 - root - INFO - | Epoch: 150/150 | Train Time: 1.161s | Train Loss: 0.023150 |
2020-04-23 21:39:29,085 - root - INFO - Pretraining Time: 159.671s
2020-04-23 21:39:29,085 - root - INFO - Finished pretraining.
2020-04-23 21:39:29,087 - root - INFO - Testing autoencoder...
2020-04-23 21:39:29,239 - root - INFO - Test Loss: 0.025372
2020-04-23 21:39:29,240 - root - INFO - Test Time: 0.151s
2020-04-23 21:39:29,241 - root - INFO - Finished testing autoencoder.
2020-04-23 21:39:29,250 - root - INFO - Hey I am loading net for you!
2020-04-23 21:39:29,252 - root - INFO - Setting hyper-parameters!
2020-04-23 21:39:29,253 - root - INFO - Initializing center c...
2020-04-23 21:39:29,976 - root - INFO - Center c initialized.
2020-04-23 21:39:29,977 - root - INFO - Starting training...
2020-04-23 21:39:31,030 - root - INFO - | Epoch: 001/150 | Train Time: 1.051s | Train Loss: 0.156672 |
2020-04-23 21:39:32,016 - root - INFO - | Epoch: 002/150 | Train Time: 0.985s | Train Loss: 0.027595 |
2020-04-23 21:39:33,071 - root - INFO - | Epoch: 003/150 | Train Time: 1.054s | Train Loss: 0.011886 |
2020-04-23 21:39:34,009 - root - INFO - | Epoch: 004/150 | Train Time: 0.937s | Train Loss: 0.007841 |
2020-04-23 21:39:34,957 - root - INFO - | Epoch: 005/150 | Train Time: 0.947s | Train Loss: 0.005868 |
2020-04-23 21:39:35,887 - root - INFO - | Epoch: 006/150 | Train Time: 0.928s | Train Loss: 0.004587 |
2020-04-23 21:39:36,887 - root - INFO - | Epoch: 007/150 | Train Time: 0.999s | Train Loss: 0.003688 |
2020-04-23 21:39:37,822 - root - INFO - | Epoch: 008/150 | Train Time: 0.933s | Train Loss: 0.003142 |
2020-04-23 21:39:38,745 - root - INFO - | Epoch: 009/150 | Train Time: 0.923s | Train Loss: 0.002633 |
2020-04-23 21:39:39,669 - root - INFO - | Epoch: 010/150 | Train Time: 0.922s | Train Loss: 0.002238 |
2020-04-23 21:39:40,645 - root - INFO - | Epoch: 011/150 | Train Time: 0.975s | Train Loss: 0.001984 |
2020-04-23 21:39:41,627 - root - INFO - | Epoch: 012/150 | Train Time: 0.981s | Train Loss: 0.001828 |
2020-04-23 21:39:42,624 - root - INFO - | Epoch: 013/150 | Train Time: 0.996s | Train Loss: 0.001614 |
2020-04-23 21:39:43,524 - root - INFO - | Epoch: 014/150 | Train Time: 0.899s | Train Loss: 0.001446 |
2020-04-23 21:39:44,532 - root - INFO - | Epoch: 015/150 | Train Time: 1.006s | Train Loss: 0.001288 |
2020-04-23 21:39:45,510 - root - INFO - | Epoch: 016/150 | Train Time: 0.977s | Train Loss: 0.001197 |
2020-04-23 21:39:46,412 - root - INFO - | Epoch: 017/150 | Train Time: 0.901s | Train Loss: 0.001056 |
2020-04-23 21:39:47,299 - root - INFO - | Epoch: 018/150 | Train Time: 0.886s | Train Loss: 0.000980 |
2020-04-23 21:39:48,243 - root - INFO - | Epoch: 019/150 | Train Time: 0.943s | Train Loss: 0.000894 |
2020-04-23 21:39:49,171 - root - INFO - | Epoch: 020/150 | Train Time: 0.926s | Train Loss: 0.000834 |
2020-04-23 21:39:50,148 - root - INFO - | Epoch: 021/150 | Train Time: 0.976s | Train Loss: 0.000772 |
2020-04-23 21:39:51,130 - root - INFO - | Epoch: 022/150 | Train Time: 0.982s | Train Loss: 0.000714 |
2020-04-23 21:39:52,139 - root - INFO - | Epoch: 023/150 | Train Time: 1.007s | Train Loss: 0.000668 |
2020-04-23 21:39:53,133 - root - INFO - | Epoch: 024/150 | Train Time: 0.992s | Train Loss: 0.000620 |
2020-04-23 21:39:54,053 - root - INFO - | Epoch: 025/150 | Train Time: 0.919s | Train Loss: 0.000594 |
2020-04-23 21:39:55,033 - root - INFO - | Epoch: 026/150 | Train Time: 0.980s | Train Loss: 0.000590 |
2020-04-23 21:39:56,024 - root - INFO - | Epoch: 027/150 | Train Time: 0.989s | Train Loss: 0.000539 |
2020-04-23 21:39:57,012 - root - INFO - | Epoch: 028/150 | Train Time: 0.987s | Train Loss: 0.000504 |
2020-04-23 21:39:57,951 - root - INFO - | Epoch: 029/150 | Train Time: 0.936s | Train Loss: 0.000486 |
2020-04-23 21:39:58,908 - root - INFO - | Epoch: 030/150 | Train Time: 0.956s | Train Loss: 0.000441 |
2020-04-23 21:39:59,793 - root - INFO - | Epoch: 031/150 | Train Time: 0.884s | Train Loss: 0.000440 |
2020-04-23 21:40:00,828 - root - INFO - | Epoch: 032/150 | Train Time: 1.033s | Train Loss: 0.000393 |
2020-04-23 21:40:01,725 - root - INFO - | Epoch: 033/150 | Train Time: 0.896s | Train Loss: 0.000397 |
2020-04-23 21:40:02,660 - root - INFO - | Epoch: 034/150 | Train Time: 0.933s | Train Loss: 0.000388 |
2020-04-23 21:40:03,596 - root - INFO - | Epoch: 035/150 | Train Time: 0.935s | Train Loss: 0.000366 |
2020-04-23 21:40:04,522 - root - INFO - | Epoch: 036/150 | Train Time: 0.925s | Train Loss: 0.000352 |
2020-04-23 21:40:05,471 - root - INFO - | Epoch: 037/150 | Train Time: 0.948s | Train Loss: 0.000320 |
2020-04-23 21:40:06,411 - root - INFO - | Epoch: 038/150 | Train Time: 0.939s | Train Loss: 0.000318 |
2020-04-23 21:40:07,410 - root - INFO - | Epoch: 039/150 | Train Time: 0.998s | Train Loss: 0.000301 |
2020-04-23 21:40:08,409 - root - INFO - | Epoch: 040/150 | Train Time: 0.998s | Train Loss: 0.000286 |
2020-04-23 21:40:09,384 - root - INFO - | Epoch: 041/150 | Train Time: 0.973s | Train Loss: 0.000272 |
2020-04-23 21:40:10,443 - root - INFO - | Epoch: 042/150 | Train Time: 1.058s | Train Loss: 0.000279 |
2020-04-23 21:40:11,425 - root - INFO - | Epoch: 043/150 | Train Time: 0.981s | Train Loss: 0.000281 |
2020-04-23 21:40:12,401 - root - INFO - | Epoch: 044/150 | Train Time: 0.974s | Train Loss: 0.000257 |
2020-04-23 21:40:13,345 - root - INFO - | Epoch: 045/150 | Train Time: 0.943s | Train Loss: 0.000254 |
2020-04-23 21:40:14,318 - root - INFO - | Epoch: 046/150 | Train Time: 0.971s | Train Loss: 0.000245 |
2020-04-23 21:40:15,319 - root - INFO - | Epoch: 047/150 | Train Time: 1.000s | Train Loss: 0.000224 |
2020-04-23 21:40:16,340 - root - INFO - | Epoch: 048/150 | Train Time: 1.019s | Train Loss: 0.000234 |
2020-04-23 21:40:17,273 - root - INFO - | Epoch: 049/150 | Train Time: 0.932s | Train Loss: 0.000222 |
2020-04-23 21:40:18,208 - root - INFO - | Epoch: 050/150 | Train Time: 0.933s | Train Loss: 0.000209 |
2020-04-23 21:40:18,209 - root - INFO -   LR scheduler: new learning rate is 1e-06
2020-04-23 21:40:19,230 - root - INFO - | Epoch: 051/150 | Train Time: 1.021s | Train Loss: 0.000196 |
2020-04-23 21:40:20,218 - root - INFO - | Epoch: 052/150 | Train Time: 0.988s | Train Loss: 0.000203 |
2020-04-23 21:40:21,222 - root - INFO - | Epoch: 053/150 | Train Time: 1.003s | Train Loss: 0.000192 |
2020-04-23 21:40:22,140 - root - INFO - | Epoch: 054/150 | Train Time: 0.916s | Train Loss: 0.000188 |
2020-04-23 21:40:23,214 - root - INFO - | Epoch: 055/150 | Train Time: 1.072s | Train Loss: 0.000195 |
2020-04-23 21:40:24,115 - root - INFO - | Epoch: 056/150 | Train Time: 0.900s | Train Loss: 0.000195 |
2020-04-23 21:40:25,087 - root - INFO - | Epoch: 057/150 | Train Time: 0.970s | Train Loss: 0.000182 |
2020-04-23 21:40:26,120 - root - INFO - | Epoch: 058/150 | Train Time: 1.033s | Train Loss: 0.000187 |
2020-04-23 21:40:27,035 - root - INFO - | Epoch: 059/150 | Train Time: 0.913s | Train Loss: 0.000183 |
2020-04-23 21:40:27,934 - root - INFO - | Epoch: 060/150 | Train Time: 0.898s | Train Loss: 0.000181 |
2020-04-23 21:40:28,866 - root - INFO - | Epoch: 061/150 | Train Time: 0.931s | Train Loss: 0.000174 |
2020-04-23 21:40:29,802 - root - INFO - | Epoch: 062/150 | Train Time: 0.935s | Train Loss: 0.000167 |
2020-04-23 21:40:30,753 - root - INFO - | Epoch: 063/150 | Train Time: 0.949s | Train Loss: 0.000188 |
2020-04-23 21:40:31,724 - root - INFO - | Epoch: 064/150 | Train Time: 0.971s | Train Loss: 0.000183 |
2020-04-23 21:40:32,655 - root - INFO - | Epoch: 065/150 | Train Time: 0.929s | Train Loss: 0.000182 |
2020-04-23 21:40:33,617 - root - INFO - | Epoch: 066/150 | Train Time: 0.961s | Train Loss: 0.000174 |
2020-04-23 21:40:34,526 - root - INFO - | Epoch: 067/150 | Train Time: 0.907s | Train Loss: 0.000192 |
2020-04-23 21:40:35,416 - root - INFO - | Epoch: 068/150 | Train Time: 0.890s | Train Loss: 0.000176 |
2020-04-23 21:40:36,416 - root - INFO - | Epoch: 069/150 | Train Time: 0.999s | Train Loss: 0.000170 |
2020-04-23 21:40:37,351 - root - INFO - | Epoch: 070/150 | Train Time: 0.934s | Train Loss: 0.000176 |
2020-04-23 21:40:38,322 - root - INFO - | Epoch: 071/150 | Train Time: 0.969s | Train Loss: 0.000179 |
2020-04-23 21:40:39,257 - root - INFO - | Epoch: 072/150 | Train Time: 0.934s | Train Loss: 0.000170 |
2020-04-23 21:40:40,182 - root - INFO - | Epoch: 073/150 | Train Time: 0.923s | Train Loss: 0.000192 |
2020-04-23 21:40:41,147 - root - INFO - | Epoch: 074/150 | Train Time: 0.964s | Train Loss: 0.000185 |
2020-04-23 21:40:42,026 - root - INFO - | Epoch: 075/150 | Train Time: 0.878s | Train Loss: 0.000168 |
2020-04-23 21:40:42,958 - root - INFO - | Epoch: 076/150 | Train Time: 0.931s | Train Loss: 0.000186 |
2020-04-23 21:40:43,967 - root - INFO - | Epoch: 077/150 | Train Time: 1.008s | Train Loss: 0.000169 |
2020-04-23 21:40:44,930 - root - INFO - | Epoch: 078/150 | Train Time: 0.962s | Train Loss: 0.000166 |
2020-04-23 21:40:45,833 - root - INFO - | Epoch: 079/150 | Train Time: 0.902s | Train Loss: 0.000186 |
2020-04-23 21:40:46,824 - root - INFO - | Epoch: 080/150 | Train Time: 0.989s | Train Loss: 0.000175 |
2020-04-23 21:40:47,848 - root - INFO - | Epoch: 081/150 | Train Time: 1.022s | Train Loss: 0.000166 |
2020-04-23 21:40:48,812 - root - INFO - | Epoch: 082/150 | Train Time: 0.963s | Train Loss: 0.000172 |
2020-04-23 21:40:49,836 - root - INFO - | Epoch: 083/150 | Train Time: 1.022s | Train Loss: 0.000166 |
2020-04-23 21:40:50,827 - root - INFO - | Epoch: 084/150 | Train Time: 0.990s | Train Loss: 0.000156 |
2020-04-23 21:40:51,803 - root - INFO - | Epoch: 085/150 | Train Time: 0.975s | Train Loss: 0.000159 |
2020-04-23 21:40:52,745 - root - INFO - | Epoch: 086/150 | Train Time: 0.941s | Train Loss: 0.000161 |
2020-04-23 21:40:53,667 - root - INFO - | Epoch: 087/150 | Train Time: 0.921s | Train Loss: 0.000156 |
2020-04-23 21:40:54,655 - root - INFO - | Epoch: 088/150 | Train Time: 0.987s | Train Loss: 0.000156 |
2020-04-23 21:40:55,651 - root - INFO - | Epoch: 089/150 | Train Time: 0.995s | Train Loss: 0.000160 |
2020-04-23 21:40:56,605 - root - INFO - | Epoch: 090/150 | Train Time: 0.953s | Train Loss: 0.000163 |
2020-04-23 21:40:57,554 - root - INFO - | Epoch: 091/150 | Train Time: 0.948s | Train Loss: 0.000159 |
2020-04-23 21:40:58,551 - root - INFO - | Epoch: 092/150 | Train Time: 0.995s | Train Loss: 0.000167 |
2020-04-23 21:40:59,560 - root - INFO - | Epoch: 093/150 | Train Time: 1.009s | Train Loss: 0.000161 |
2020-04-23 21:41:00,510 - root - INFO - | Epoch: 094/150 | Train Time: 0.948s | Train Loss: 0.000146 |
2020-04-23 21:41:01,512 - root - INFO - | Epoch: 095/150 | Train Time: 1.001s | Train Loss: 0.000161 |
2020-04-23 21:41:02,481 - root - INFO - | Epoch: 096/150 | Train Time: 0.969s | Train Loss: 0.000148 |
2020-04-23 21:41:03,433 - root - INFO - | Epoch: 097/150 | Train Time: 0.951s | Train Loss: 0.000156 |
2020-04-23 21:41:04,381 - root - INFO - | Epoch: 098/150 | Train Time: 0.947s | Train Loss: 0.000149 |
2020-04-23 21:41:05,403 - root - INFO - | Epoch: 099/150 | Train Time: 1.019s | Train Loss: 0.000150 |
2020-04-23 21:41:06,306 - root - INFO - | Epoch: 100/150 | Train Time: 0.901s | Train Loss: 0.000149 |
2020-04-23 21:41:06,307 - root - INFO -   LR scheduler: new learning rate is 1e-07
2020-04-23 21:41:07,279 - root - INFO - | Epoch: 101/150 | Train Time: 0.971s | Train Loss: 0.000156 |
2020-04-23 21:41:08,207 - root - INFO - | Epoch: 102/150 | Train Time: 0.926s | Train Loss: 0.000143 |
2020-04-23 21:41:09,210 - root - INFO - | Epoch: 103/150 | Train Time: 1.002s | Train Loss: 0.000152 |
2020-04-23 21:41:10,139 - root - INFO - | Epoch: 104/150 | Train Time: 0.929s | Train Loss: 0.000152 |
2020-04-23 21:41:11,158 - root - INFO - | Epoch: 105/150 | Train Time: 1.018s | Train Loss: 0.000161 |
2020-04-23 21:41:12,173 - root - INFO - | Epoch: 106/150 | Train Time: 1.013s | Train Loss: 0.000156 |
2020-04-23 21:41:13,184 - root - INFO - | Epoch: 107/150 | Train Time: 1.010s | Train Loss: 0.000150 |
2020-04-23 21:41:14,132 - root - INFO - | Epoch: 108/150 | Train Time: 0.947s | Train Loss: 0.000159 |
2020-04-23 21:41:15,082 - root - INFO - | Epoch: 109/150 | Train Time: 0.949s | Train Loss: 0.000153 |
2020-04-23 21:41:16,105 - root - INFO - | Epoch: 110/150 | Train Time: 1.021s | Train Loss: 0.000154 |
2020-04-23 21:41:17,111 - root - INFO - | Epoch: 111/150 | Train Time: 1.005s | Train Loss: 0.000153 |
2020-04-23 21:41:18,106 - root - INFO - | Epoch: 112/150 | Train Time: 0.994s | Train Loss: 0.000139 |
2020-04-23 21:41:19,033 - root - INFO - | Epoch: 113/150 | Train Time: 0.925s | Train Loss: 0.000143 |
2020-04-23 21:41:20,011 - root - INFO - | Epoch: 114/150 | Train Time: 0.977s | Train Loss: 0.000143 |
2020-04-23 21:41:21,010 - root - INFO - | Epoch: 115/150 | Train Time: 0.998s | Train Loss: 0.000148 |
2020-04-23 21:41:21,927 - root - INFO - | Epoch: 116/150 | Train Time: 0.916s | Train Loss: 0.000147 |
2020-04-23 21:41:22,950 - root - INFO - | Epoch: 117/150 | Train Time: 1.022s | Train Loss: 0.000142 |
2020-04-23 21:41:23,907 - root - INFO - | Epoch: 118/150 | Train Time: 0.956s | Train Loss: 0.000149 |
2020-04-23 21:41:24,881 - root - INFO - | Epoch: 119/150 | Train Time: 0.972s | Train Loss: 0.000138 |
2020-04-23 21:41:25,793 - root - INFO - | Epoch: 120/150 | Train Time: 0.911s | Train Loss: 0.000139 |
2020-04-23 21:41:26,782 - root - INFO - | Epoch: 121/150 | Train Time: 0.988s | Train Loss: 0.000153 |
2020-04-23 21:41:27,819 - root - INFO - | Epoch: 122/150 | Train Time: 1.035s | Train Loss: 0.000148 |
2020-04-23 21:41:28,752 - root - INFO - | Epoch: 123/150 | Train Time: 0.932s | Train Loss: 0.000154 |
2020-04-23 21:41:29,703 - root - INFO - | Epoch: 124/150 | Train Time: 0.950s | Train Loss: 0.000153 |
2020-04-23 21:41:30,707 - root - INFO - | Epoch: 125/150 | Train Time: 1.002s | Train Loss: 0.000149 |
2020-04-23 21:41:31,644 - root - INFO - | Epoch: 126/150 | Train Time: 0.937s | Train Loss: 0.000142 |
2020-04-23 21:41:32,651 - root - INFO - | Epoch: 127/150 | Train Time: 1.006s | Train Loss: 0.000149 |
2020-04-23 21:41:33,588 - root - INFO - | Epoch: 128/150 | Train Time: 0.936s | Train Loss: 0.000154 |
2020-04-23 21:41:34,502 - root - INFO - | Epoch: 129/150 | Train Time: 0.912s | Train Loss: 0.000135 |
2020-04-23 21:41:35,487 - root - INFO - | Epoch: 130/150 | Train Time: 0.983s | Train Loss: 0.000138 |
2020-04-23 21:41:36,398 - root - INFO - | Epoch: 131/150 | Train Time: 0.910s | Train Loss: 0.000143 |
2020-04-23 21:41:37,282 - root - INFO - | Epoch: 132/150 | Train Time: 0.883s | Train Loss: 0.000137 |
2020-04-23 21:41:38,427 - root - INFO - | Epoch: 133/150 | Train Time: 1.143s | Train Loss: 0.000151 |
2020-04-23 21:41:39,439 - root - INFO - | Epoch: 134/150 | Train Time: 1.011s | Train Loss: 0.000150 |
2020-04-23 21:41:40,362 - root - INFO - | Epoch: 135/150 | Train Time: 0.922s | Train Loss: 0.000151 |
2020-04-23 21:41:41,244 - root - INFO - | Epoch: 136/150 | Train Time: 0.882s | Train Loss: 0.000139 |
2020-04-23 21:41:42,247 - root - INFO - | Epoch: 137/150 | Train Time: 1.001s | Train Loss: 0.000141 |
2020-04-23 21:41:43,250 - root - INFO - | Epoch: 138/150 | Train Time: 1.002s | Train Loss: 0.000146 |
2020-04-23 21:41:44,193 - root - INFO - | Epoch: 139/150 | Train Time: 0.940s | Train Loss: 0.000138 |
2020-04-23 21:41:45,161 - root - INFO - | Epoch: 140/150 | Train Time: 0.967s | Train Loss: 0.000145 |
2020-04-23 21:41:46,114 - root - INFO - | Epoch: 141/150 | Train Time: 0.952s | Train Loss: 0.000152 |
2020-04-23 21:41:47,120 - root - INFO - | Epoch: 142/150 | Train Time: 1.005s | Train Loss: 0.000149 |
2020-04-23 21:41:48,066 - root - INFO - | Epoch: 143/150 | Train Time: 0.945s | Train Loss: 0.000138 |
2020-04-23 21:41:49,041 - root - INFO - | Epoch: 144/150 | Train Time: 0.974s | Train Loss: 0.000140 |
2020-04-23 21:41:49,956 - root - INFO - | Epoch: 145/150 | Train Time: 0.913s | Train Loss: 0.000134 |
2020-04-23 21:41:50,915 - root - INFO - | Epoch: 146/150 | Train Time: 0.958s | Train Loss: 0.000144 |
2020-04-23 21:41:51,824 - root - INFO - | Epoch: 147/150 | Train Time: 0.908s | Train Loss: 0.000134 |
2020-04-23 21:41:52,805 - root - INFO - | Epoch: 148/150 | Train Time: 0.978s | Train Loss: 0.000146 |
2020-04-23 21:41:53,827 - root - INFO - | Epoch: 149/150 | Train Time: 1.021s | Train Loss: 0.000139 |
2020-04-23 21:41:54,797 - root - INFO - | Epoch: 150/150 | Train Time: 0.969s | Train Loss: 0.000138 |
2020-04-23 21:41:54,798 - root - INFO - Training Time: 144.820s
2020-04-23 21:41:54,800 - root - INFO - Finished training.
2020-04-23 21:43:01,316 - root - INFO - Starting testing...
2020-04-23 21:43:01,447 - root - INFO - Test Loss: 0.000447
2020-04-23 21:43:01,448 - root - INFO - Test Time: 0.129s
2020-04-23 21:43:01,449 - root - INFO - Finished testing.
2020-04-23 22:07:57,010 - root - INFO - Starting testing...
2020-04-23 22:07:57,140 - root - INFO - Test Loss: 0.000447
2020-04-23 22:07:57,141 - root - INFO - Test Time: 0.129s
2020-04-23 22:07:57,142 - root - INFO - Finished testing.
