2020-04-23 21:37:48,477 - root - INFO - I am pre-training for you.
2020-04-23 21:37:52,110 - root - INFO - | Epoch: 001/150 | Train Time: 1.067s | Train Loss: 0.050217 |
2020-04-23 21:37:53,195 - root - INFO - | Epoch: 002/150 | Train Time: 1.083s | Train Loss: 0.031042 |
2020-04-23 21:37:54,195 - root - INFO - | Epoch: 003/150 | Train Time: 1.000s | Train Loss: 0.029219 |
2020-04-23 21:37:55,303 - root - INFO - | Epoch: 004/150 | Train Time: 1.107s | Train Loss: 0.028711 |
2020-04-23 21:37:56,412 - root - INFO - | Epoch: 005/150 | Train Time: 1.108s | Train Loss: 0.028286 |
2020-04-23 21:37:57,482 - root - INFO - | Epoch: 006/150 | Train Time: 1.069s | Train Loss: 0.028114 |
2020-04-23 21:37:58,470 - root - INFO - | Epoch: 007/150 | Train Time: 0.987s | Train Loss: 0.028083 |
2020-04-23 21:37:59,535 - root - INFO - | Epoch: 008/150 | Train Time: 1.063s | Train Loss: 0.027679 |
2020-04-23 21:38:00,639 - root - INFO - | Epoch: 009/150 | Train Time: 1.103s | Train Loss: 0.027716 |
2020-04-23 21:38:01,699 - root - INFO - | Epoch: 010/150 | Train Time: 1.059s | Train Loss: 0.027096 |
2020-04-23 21:38:02,645 - root - INFO - | Epoch: 011/150 | Train Time: 0.945s | Train Loss: 0.027082 |
2020-04-23 21:38:03,676 - root - INFO - | Epoch: 012/150 | Train Time: 1.030s | Train Loss: 0.027201 |
2020-04-23 21:38:04,823 - root - INFO - | Epoch: 013/150 | Train Time: 1.147s | Train Loss: 0.026983 |
2020-04-23 21:38:05,830 - root - INFO - | Epoch: 014/150 | Train Time: 1.006s | Train Loss: 0.026705 |
2020-04-23 21:38:06,812 - root - INFO - | Epoch: 015/150 | Train Time: 0.981s | Train Loss: 0.026643 |
2020-04-23 21:38:07,881 - root - INFO - | Epoch: 016/150 | Train Time: 1.068s | Train Loss: 0.026603 |
2020-04-23 21:38:08,919 - root - INFO - | Epoch: 017/150 | Train Time: 1.036s | Train Loss: 0.026628 |
2020-04-23 21:38:09,964 - root - INFO - | Epoch: 018/150 | Train Time: 1.045s | Train Loss: 0.026332 |
2020-04-23 21:38:11,052 - root - INFO - | Epoch: 019/150 | Train Time: 1.087s | Train Loss: 0.026381 |
2020-04-23 21:38:12,184 - root - INFO - | Epoch: 020/150 | Train Time: 1.131s | Train Loss: 0.026363 |
2020-04-23 21:38:13,250 - root - INFO - | Epoch: 021/150 | Train Time: 1.064s | Train Loss: 0.026407 |
2020-04-23 21:38:14,248 - root - INFO - | Epoch: 022/150 | Train Time: 0.997s | Train Loss: 0.026790 |
2020-04-23 21:38:15,272 - root - INFO - | Epoch: 023/150 | Train Time: 1.024s | Train Loss: 0.026530 |
2020-04-23 21:38:16,304 - root - INFO - | Epoch: 024/150 | Train Time: 1.030s | Train Loss: 0.026311 |
2020-04-23 21:38:17,331 - root - INFO - | Epoch: 025/150 | Train Time: 1.026s | Train Loss: 0.026442 |
2020-04-23 21:38:18,370 - root - INFO - | Epoch: 026/150 | Train Time: 1.038s | Train Loss: 0.026106 |
2020-04-23 21:38:19,426 - root - INFO - | Epoch: 027/150 | Train Time: 1.056s | Train Loss: 0.026289 |
2020-04-23 21:38:20,483 - root - INFO - | Epoch: 028/150 | Train Time: 1.056s | Train Loss: 0.025959 |
2020-04-23 21:38:21,429 - root - INFO - | Epoch: 029/150 | Train Time: 0.945s | Train Loss: 0.026369 |
2020-04-23 21:38:22,461 - root - INFO - | Epoch: 030/150 | Train Time: 1.031s | Train Loss: 0.025804 |
2020-04-23 21:38:23,527 - root - INFO - | Epoch: 031/150 | Train Time: 1.065s | Train Loss: 0.026045 |
2020-04-23 21:38:24,507 - root - INFO - | Epoch: 032/150 | Train Time: 0.980s | Train Loss: 0.026254 |
2020-04-23 21:38:25,558 - root - INFO - | Epoch: 033/150 | Train Time: 1.049s | Train Loss: 0.026159 |
2020-04-23 21:38:26,602 - root - INFO - | Epoch: 034/150 | Train Time: 1.044s | Train Loss: 0.026027 |
2020-04-23 21:38:27,693 - root - INFO - | Epoch: 035/150 | Train Time: 1.089s | Train Loss: 0.026184 |
2020-04-23 21:38:28,797 - root - INFO - | Epoch: 036/150 | Train Time: 1.103s | Train Loss: 0.025895 |
2020-04-23 21:38:29,850 - root - INFO - | Epoch: 037/150 | Train Time: 1.053s | Train Loss: 0.026193 |
2020-04-23 21:38:30,830 - root - INFO - | Epoch: 038/150 | Train Time: 0.979s | Train Loss: 0.026184 |
2020-04-23 21:38:31,924 - root - INFO - | Epoch: 039/150 | Train Time: 1.093s | Train Loss: 0.026184 |
2020-04-23 21:38:32,945 - root - INFO - | Epoch: 040/150 | Train Time: 1.020s | Train Loss: 0.025882 |
2020-04-23 21:38:34,003 - root - INFO - | Epoch: 041/150 | Train Time: 1.058s | Train Loss: 0.025928 |
2020-04-23 21:38:35,025 - root - INFO - | Epoch: 042/150 | Train Time: 1.020s | Train Loss: 0.026016 |
2020-04-23 21:38:36,089 - root - INFO - | Epoch: 043/150 | Train Time: 1.063s | Train Loss: 0.026104 |
2020-04-23 21:38:37,143 - root - INFO - | Epoch: 044/150 | Train Time: 1.053s | Train Loss: 0.025964 |
2020-04-23 21:38:38,196 - root - INFO - | Epoch: 045/150 | Train Time: 1.052s | Train Loss: 0.025920 |
2020-04-23 21:38:39,374 - root - INFO - | Epoch: 046/150 | Train Time: 1.177s | Train Loss: 0.025945 |
2020-04-23 21:38:40,428 - root - INFO - | Epoch: 047/150 | Train Time: 1.053s | Train Loss: 0.025955 |
2020-04-23 21:38:41,427 - root - INFO - | Epoch: 048/150 | Train Time: 0.998s | Train Loss: 0.025744 |
2020-04-23 21:38:42,464 - root - INFO - | Epoch: 049/150 | Train Time: 1.036s | Train Loss: 0.026217 |
2020-04-23 21:38:43,612 - root - INFO - | Epoch: 050/150 | Train Time: 1.147s | Train Loss: 0.025249 |
2020-04-23 21:38:43,613 - root - INFO -   LR scheduler: new learning rate is 0.0001
2020-04-23 21:38:44,709 - root - INFO - | Epoch: 051/150 | Train Time: 1.095s | Train Loss: 0.024576 |
2020-04-23 21:38:45,810 - root - INFO - | Epoch: 052/150 | Train Time: 1.101s | Train Loss: 0.024444 |
2020-04-23 21:38:46,877 - root - INFO - | Epoch: 053/150 | Train Time: 1.066s | Train Loss: 0.024450 |
2020-04-23 21:38:47,966 - root - INFO - | Epoch: 054/150 | Train Time: 1.089s | Train Loss: 0.024317 |
2020-04-23 21:38:48,972 - root - INFO - | Epoch: 055/150 | Train Time: 1.005s | Train Loss: 0.024210 |
2020-04-23 21:38:49,991 - root - INFO - | Epoch: 056/150 | Train Time: 1.018s | Train Loss: 0.024265 |
2020-04-23 21:38:51,043 - root - INFO - | Epoch: 057/150 | Train Time: 1.051s | Train Loss: 0.024146 |
2020-04-23 21:38:52,131 - root - INFO - | Epoch: 058/150 | Train Time: 1.087s | Train Loss: 0.024263 |
2020-04-23 21:38:53,140 - root - INFO - | Epoch: 059/150 | Train Time: 1.008s | Train Loss: 0.024261 |
2020-04-23 21:38:54,256 - root - INFO - | Epoch: 060/150 | Train Time: 1.115s | Train Loss: 0.024272 |
2020-04-23 21:38:55,319 - root - INFO - | Epoch: 061/150 | Train Time: 1.063s | Train Loss: 0.024035 |
2020-04-23 21:38:56,416 - root - INFO - | Epoch: 062/150 | Train Time: 1.096s | Train Loss: 0.023961 |
2020-04-23 21:38:57,536 - root - INFO - | Epoch: 063/150 | Train Time: 1.118s | Train Loss: 0.023946 |
2020-04-23 21:38:58,573 - root - INFO - | Epoch: 064/150 | Train Time: 1.036s | Train Loss: 0.024009 |
2020-04-23 21:38:59,643 - root - INFO - | Epoch: 065/150 | Train Time: 1.069s | Train Loss: 0.024059 |
2020-04-23 21:39:00,799 - root - INFO - | Epoch: 066/150 | Train Time: 1.155s | Train Loss: 0.024126 |
2020-04-23 21:39:01,820 - root - INFO - | Epoch: 067/150 | Train Time: 1.020s | Train Loss: 0.023973 |
2020-04-23 21:39:02,870 - root - INFO - | Epoch: 068/150 | Train Time: 1.048s | Train Loss: 0.024219 |
2020-04-23 21:39:03,922 - root - INFO - | Epoch: 069/150 | Train Time: 1.051s | Train Loss: 0.023842 |
2020-04-23 21:39:05,002 - root - INFO - | Epoch: 070/150 | Train Time: 1.079s | Train Loss: 0.024016 |
2020-04-23 21:39:06,142 - root - INFO - | Epoch: 071/150 | Train Time: 1.139s | Train Loss: 0.023962 |
2020-04-23 21:39:07,229 - root - INFO - | Epoch: 072/150 | Train Time: 1.086s | Train Loss: 0.023901 |
2020-04-23 21:39:08,472 - root - INFO - | Epoch: 073/150 | Train Time: 1.242s | Train Loss: 0.024125 |
2020-04-23 21:39:09,536 - root - INFO - | Epoch: 074/150 | Train Time: 1.063s | Train Loss: 0.023832 |
2020-04-23 21:39:10,594 - root - INFO - | Epoch: 075/150 | Train Time: 1.057s | Train Loss: 0.023810 |
2020-04-23 21:39:11,730 - root - INFO - | Epoch: 076/150 | Train Time: 1.135s | Train Loss: 0.023802 |
2020-04-23 21:39:12,871 - root - INFO - | Epoch: 077/150 | Train Time: 1.140s | Train Loss: 0.023778 |
2020-04-23 21:39:14,035 - root - INFO - | Epoch: 078/150 | Train Time: 1.163s | Train Loss: 0.023908 |
2020-04-23 21:39:15,105 - root - INFO - | Epoch: 079/150 | Train Time: 1.069s | Train Loss: 0.023845 |
2020-04-23 21:39:16,274 - root - INFO - | Epoch: 080/150 | Train Time: 1.168s | Train Loss: 0.023794 |
2020-04-23 21:39:17,363 - root - INFO - | Epoch: 081/150 | Train Time: 1.088s | Train Loss: 0.023748 |
2020-04-23 21:39:18,470 - root - INFO - | Epoch: 082/150 | Train Time: 1.106s | Train Loss: 0.023846 |
2020-04-23 21:39:19,624 - root - INFO - | Epoch: 083/150 | Train Time: 1.153s | Train Loss: 0.023749 |
2020-04-23 21:39:20,676 - root - INFO - | Epoch: 084/150 | Train Time: 1.052s | Train Loss: 0.023746 |
2020-04-23 21:39:21,805 - root - INFO - | Epoch: 085/150 | Train Time: 1.129s | Train Loss: 0.023502 |
2020-04-23 21:39:22,868 - root - INFO - | Epoch: 086/150 | Train Time: 1.062s | Train Loss: 0.023433 |
2020-04-23 21:39:24,009 - root - INFO - | Epoch: 087/150 | Train Time: 1.140s | Train Loss: 0.023673 |
2020-04-23 21:39:25,119 - root - INFO - | Epoch: 088/150 | Train Time: 1.109s | Train Loss: 0.023656 |
2020-04-23 21:39:26,236 - root - INFO - | Epoch: 089/150 | Train Time: 1.116s | Train Loss: 0.023521 |
2020-04-23 21:39:27,503 - root - INFO - | Epoch: 090/150 | Train Time: 1.266s | Train Loss: 0.023727 |
2020-04-23 21:39:28,654 - root - INFO - | Epoch: 091/150 | Train Time: 1.150s | Train Loss: 0.023690 |
2020-04-23 21:39:29,752 - root - INFO - | Epoch: 092/150 | Train Time: 1.098s | Train Loss: 0.023656 |
2020-04-23 21:39:30,892 - root - INFO - | Epoch: 093/150 | Train Time: 1.138s | Train Loss: 0.023620 |
2020-04-23 21:39:32,047 - root - INFO - | Epoch: 094/150 | Train Time: 1.154s | Train Loss: 0.023519 |
2020-04-23 21:39:33,109 - root - INFO - | Epoch: 095/150 | Train Time: 1.061s | Train Loss: 0.023588 |
2020-04-23 21:39:34,190 - root - INFO - | Epoch: 096/150 | Train Time: 1.080s | Train Loss: 0.023416 |
2020-04-23 21:39:35,352 - root - INFO - | Epoch: 097/150 | Train Time: 1.161s | Train Loss: 0.023503 |
2020-04-23 21:39:36,371 - root - INFO - | Epoch: 098/150 | Train Time: 1.019s | Train Loss: 0.023704 |
2020-04-23 21:39:37,392 - root - INFO - | Epoch: 099/150 | Train Time: 1.019s | Train Loss: 0.023444 |
2020-04-23 21:39:38,390 - root - INFO - | Epoch: 100/150 | Train Time: 0.998s | Train Loss: 0.023372 |
2020-04-23 21:39:38,391 - root - INFO -   LR scheduler: new learning rate is 1e-05
2020-04-23 21:39:39,431 - root - INFO - | Epoch: 101/150 | Train Time: 1.039s | Train Loss: 0.023203 |
2020-04-23 21:39:40,413 - root - INFO - | Epoch: 102/150 | Train Time: 0.981s | Train Loss: 0.023071 |
2020-04-23 21:39:41,500 - root - INFO - | Epoch: 103/150 | Train Time: 1.086s | Train Loss: 0.023234 |
2020-04-23 21:39:42,577 - root - INFO - | Epoch: 104/150 | Train Time: 1.076s | Train Loss: 0.023026 |
2020-04-23 21:39:43,679 - root - INFO - | Epoch: 105/150 | Train Time: 1.101s | Train Loss: 0.023158 |
2020-04-23 21:39:44,730 - root - INFO - | Epoch: 106/150 | Train Time: 1.050s | Train Loss: 0.023021 |
2020-04-23 21:39:45,826 - root - INFO - | Epoch: 107/150 | Train Time: 1.095s | Train Loss: 0.023003 |
2020-04-23 21:39:46,882 - root - INFO - | Epoch: 108/150 | Train Time: 1.055s | Train Loss: 0.023036 |
2020-04-23 21:39:47,878 - root - INFO - | Epoch: 109/150 | Train Time: 0.994s | Train Loss: 0.023112 |
2020-04-23 21:39:48,946 - root - INFO - | Epoch: 110/150 | Train Time: 1.068s | Train Loss: 0.022973 |
2020-04-23 21:39:50,051 - root - INFO - | Epoch: 111/150 | Train Time: 1.104s | Train Loss: 0.023005 |
2020-04-23 21:39:51,121 - root - INFO - | Epoch: 112/150 | Train Time: 1.070s | Train Loss: 0.022924 |
2020-04-23 21:39:52,167 - root - INFO - | Epoch: 113/150 | Train Time: 1.044s | Train Loss: 0.023067 |
2020-04-23 21:39:53,212 - root - INFO - | Epoch: 114/150 | Train Time: 1.044s | Train Loss: 0.023167 |
2020-04-23 21:39:54,358 - root - INFO - | Epoch: 115/150 | Train Time: 1.145s | Train Loss: 0.023015 |
2020-04-23 21:39:55,442 - root - INFO - | Epoch: 116/150 | Train Time: 1.083s | Train Loss: 0.023151 |
2020-04-23 21:39:56,590 - root - INFO - | Epoch: 117/150 | Train Time: 1.148s | Train Loss: 0.022892 |
2020-04-23 21:39:57,699 - root - INFO - | Epoch: 118/150 | Train Time: 1.108s | Train Loss: 0.023010 |
2020-04-23 21:39:58,825 - root - INFO - | Epoch: 119/150 | Train Time: 1.125s | Train Loss: 0.023028 |
2020-04-23 21:39:59,864 - root - INFO - | Epoch: 120/150 | Train Time: 1.038s | Train Loss: 0.023059 |
2020-04-23 21:40:00,888 - root - INFO - | Epoch: 121/150 | Train Time: 1.022s | Train Loss: 0.022890 |
2020-04-23 21:40:01,942 - root - INFO - | Epoch: 122/150 | Train Time: 1.054s | Train Loss: 0.023087 |
2020-04-23 21:40:02,976 - root - INFO - | Epoch: 123/150 | Train Time: 1.032s | Train Loss: 0.022918 |
2020-04-23 21:40:04,038 - root - INFO - | Epoch: 124/150 | Train Time: 1.062s | Train Loss: 0.022935 |
2020-04-23 21:40:05,068 - root - INFO - | Epoch: 125/150 | Train Time: 1.028s | Train Loss: 0.022843 |
2020-04-23 21:40:06,192 - root - INFO - | Epoch: 126/150 | Train Time: 1.124s | Train Loss: 0.022897 |
2020-04-23 21:40:07,252 - root - INFO - | Epoch: 127/150 | Train Time: 1.059s | Train Loss: 0.023236 |
2020-04-23 21:40:08,317 - root - INFO - | Epoch: 128/150 | Train Time: 1.064s | Train Loss: 0.022845 |
2020-04-23 21:40:09,404 - root - INFO - | Epoch: 129/150 | Train Time: 1.085s | Train Loss: 0.022953 |
2020-04-23 21:40:10,524 - root - INFO - | Epoch: 130/150 | Train Time: 1.120s | Train Loss: 0.022912 |
2020-04-23 21:40:11,582 - root - INFO - | Epoch: 131/150 | Train Time: 1.057s | Train Loss: 0.022936 |
2020-04-23 21:40:12,653 - root - INFO - | Epoch: 132/150 | Train Time: 1.070s | Train Loss: 0.023036 |
2020-04-23 21:40:13,747 - root - INFO - | Epoch: 133/150 | Train Time: 1.093s | Train Loss: 0.022910 |
2020-04-23 21:40:14,792 - root - INFO - | Epoch: 134/150 | Train Time: 1.044s | Train Loss: 0.022935 |
2020-04-23 21:40:15,846 - root - INFO - | Epoch: 135/150 | Train Time: 1.053s | Train Loss: 0.023049 |
2020-04-23 21:40:16,926 - root - INFO - | Epoch: 136/150 | Train Time: 1.079s | Train Loss: 0.022908 |
2020-04-23 21:40:18,048 - root - INFO - | Epoch: 137/150 | Train Time: 1.121s | Train Loss: 0.023105 |
2020-04-23 21:40:19,069 - root - INFO - | Epoch: 138/150 | Train Time: 1.020s | Train Loss: 0.022819 |
2020-04-23 21:40:20,180 - root - INFO - | Epoch: 139/150 | Train Time: 1.109s | Train Loss: 0.022920 |
2020-04-23 21:40:21,197 - root - INFO - | Epoch: 140/150 | Train Time: 1.017s | Train Loss: 0.022896 |
2020-04-23 21:40:22,237 - root - INFO - | Epoch: 141/150 | Train Time: 1.039s | Train Loss: 0.022885 |
2020-04-23 21:40:23,325 - root - INFO - | Epoch: 142/150 | Train Time: 1.088s | Train Loss: 0.022912 |
2020-04-23 21:40:24,334 - root - INFO - | Epoch: 143/150 | Train Time: 1.008s | Train Loss: 0.022835 |
2020-04-23 21:40:25,388 - root - INFO - | Epoch: 144/150 | Train Time: 1.053s | Train Loss: 0.022761 |
2020-04-23 21:40:26,476 - root - INFO - | Epoch: 145/150 | Train Time: 1.087s | Train Loss: 0.022831 |
2020-04-23 21:40:27,521 - root - INFO - | Epoch: 146/150 | Train Time: 1.043s | Train Loss: 0.022721 |
2020-04-23 21:40:28,577 - root - INFO - | Epoch: 147/150 | Train Time: 1.056s | Train Loss: 0.022860 |
2020-04-23 21:40:29,659 - root - INFO - | Epoch: 148/150 | Train Time: 1.081s | Train Loss: 0.022873 |
2020-04-23 21:40:30,678 - root - INFO - | Epoch: 149/150 | Train Time: 1.018s | Train Loss: 0.022813 |
2020-04-23 21:40:31,719 - root - INFO - | Epoch: 150/150 | Train Time: 1.041s | Train Loss: 0.022829 |
2020-04-23 21:40:31,720 - root - INFO - Pretraining Time: 160.680s
2020-04-23 21:40:31,721 - root - INFO - Finished pretraining.
2020-04-23 21:40:31,723 - root - INFO - Testing autoencoder...
2020-04-23 21:40:31,975 - root - INFO - Test Loss: 0.025775
2020-04-23 21:40:31,976 - root - INFO - Test Time: 0.251s
2020-04-23 21:40:31,977 - root - INFO - Finished testing autoencoder.
2020-04-23 21:40:31,988 - root - INFO - Hey I am loading net for you!
2020-04-23 21:40:31,990 - root - INFO - Setting hyper-parameters!
2020-04-23 21:40:31,991 - root - INFO - Initializing center c...
2020-04-23 21:40:32,695 - root - INFO - Center c initialized.
2020-04-23 21:40:32,696 - root - INFO - Starting training...
2020-04-23 21:40:33,674 - root - INFO - | Epoch: 001/150 | Train Time: 0.977s | Train Loss: 0.096170 |
2020-04-23 21:40:34,605 - root - INFO - | Epoch: 002/150 | Train Time: 0.930s | Train Loss: 0.019043 |
2020-04-23 21:40:35,656 - root - INFO - | Epoch: 003/150 | Train Time: 1.050s | Train Loss: 0.010215 |
2020-04-23 21:40:36,645 - root - INFO - | Epoch: 004/150 | Train Time: 0.988s | Train Loss: 0.007066 |
2020-04-23 21:40:37,594 - root - INFO - | Epoch: 005/150 | Train Time: 0.948s | Train Loss: 0.005066 |
2020-04-23 21:40:38,624 - root - INFO - | Epoch: 006/150 | Train Time: 1.029s | Train Loss: 0.003948 |
2020-04-23 21:40:39,527 - root - INFO - | Epoch: 007/150 | Train Time: 0.903s | Train Loss: 0.003146 |
2020-04-23 21:40:40,512 - root - INFO - | Epoch: 008/150 | Train Time: 0.983s | Train Loss: 0.002627 |
2020-04-23 21:40:41,536 - root - INFO - | Epoch: 009/150 | Train Time: 1.023s | Train Loss: 0.002185 |
2020-04-23 21:40:42,493 - root - INFO - | Epoch: 010/150 | Train Time: 0.956s | Train Loss: 0.001901 |
2020-04-23 21:40:43,443 - root - INFO - | Epoch: 011/150 | Train Time: 0.949s | Train Loss: 0.001635 |
2020-04-23 21:40:44,424 - root - INFO - | Epoch: 012/150 | Train Time: 0.980s | Train Loss: 0.001438 |
2020-04-23 21:40:45,369 - root - INFO - | Epoch: 013/150 | Train Time: 0.944s | Train Loss: 0.001305 |
2020-04-23 21:40:46,332 - root - INFO - | Epoch: 014/150 | Train Time: 0.962s | Train Loss: 0.001189 |
2020-04-23 21:40:47,330 - root - INFO - | Epoch: 015/150 | Train Time: 0.997s | Train Loss: 0.001046 |
2020-04-23 21:40:48,237 - root - INFO - | Epoch: 016/150 | Train Time: 0.907s | Train Loss: 0.000939 |
2020-04-23 21:40:49,247 - root - INFO - | Epoch: 017/150 | Train Time: 1.008s | Train Loss: 0.000914 |
2020-04-23 21:40:50,190 - root - INFO - | Epoch: 018/150 | Train Time: 0.942s | Train Loss: 0.000811 |
2020-04-23 21:40:51,142 - root - INFO - | Epoch: 019/150 | Train Time: 0.952s | Train Loss: 0.000757 |
2020-04-23 21:40:52,126 - root - INFO - | Epoch: 020/150 | Train Time: 0.983s | Train Loss: 0.000698 |
2020-04-23 21:40:53,081 - root - INFO - | Epoch: 021/150 | Train Time: 0.954s | Train Loss: 0.000647 |
2020-04-23 21:40:54,095 - root - INFO - | Epoch: 022/150 | Train Time: 1.013s | Train Loss: 0.000605 |
2020-04-23 21:40:55,046 - root - INFO - | Epoch: 023/150 | Train Time: 0.950s | Train Loss: 0.000576 |
2020-04-23 21:40:55,944 - root - INFO - | Epoch: 024/150 | Train Time: 0.897s | Train Loss: 0.000517 |
2020-04-23 21:40:56,896 - root - INFO - | Epoch: 025/150 | Train Time: 0.952s | Train Loss: 0.000516 |
2020-04-23 21:40:57,934 - root - INFO - | Epoch: 026/150 | Train Time: 1.037s | Train Loss: 0.000475 |
2020-04-23 21:40:58,908 - root - INFO - | Epoch: 027/150 | Train Time: 0.973s | Train Loss: 0.000463 |
2020-04-23 21:40:59,879 - root - INFO - | Epoch: 028/150 | Train Time: 0.970s | Train Loss: 0.000433 |
2020-04-23 21:41:00,767 - root - INFO - | Epoch: 029/150 | Train Time: 0.887s | Train Loss: 0.000382 |
2020-04-23 21:41:01,672 - root - INFO - | Epoch: 030/150 | Train Time: 0.904s | Train Loss: 0.000391 |
2020-04-23 21:41:02,586 - root - INFO - | Epoch: 031/150 | Train Time: 0.913s | Train Loss: 0.000361 |
2020-04-23 21:41:03,536 - root - INFO - | Epoch: 032/150 | Train Time: 0.949s | Train Loss: 0.000342 |
2020-04-23 21:41:04,538 - root - INFO - | Epoch: 033/150 | Train Time: 1.002s | Train Loss: 0.000316 |
2020-04-23 21:41:05,405 - root - INFO - | Epoch: 034/150 | Train Time: 0.866s | Train Loss: 0.000336 |
2020-04-23 21:41:06,336 - root - INFO - | Epoch: 035/150 | Train Time: 0.930s | Train Loss: 0.000314 |
2020-04-23 21:41:07,323 - root - INFO - | Epoch: 036/150 | Train Time: 0.986s | Train Loss: 0.000318 |
2020-04-23 21:41:08,319 - root - INFO - | Epoch: 037/150 | Train Time: 0.996s | Train Loss: 0.000314 |
2020-04-23 21:41:09,263 - root - INFO - | Epoch: 038/150 | Train Time: 0.943s | Train Loss: 0.000259 |
2020-04-23 21:41:10,221 - root - INFO - | Epoch: 039/150 | Train Time: 0.957s | Train Loss: 0.000269 |
2020-04-23 21:41:11,228 - root - INFO - | Epoch: 040/150 | Train Time: 1.006s | Train Loss: 0.000264 |
2020-04-23 21:41:12,188 - root - INFO - | Epoch: 041/150 | Train Time: 0.959s | Train Loss: 0.000247 |
2020-04-23 21:41:13,159 - root - INFO - | Epoch: 042/150 | Train Time: 0.970s | Train Loss: 0.000242 |
2020-04-23 21:41:14,106 - root - INFO - | Epoch: 043/150 | Train Time: 0.946s | Train Loss: 0.000236 |
2020-04-23 21:41:15,002 - root - INFO - | Epoch: 044/150 | Train Time: 0.895s | Train Loss: 0.000266 |
2020-04-23 21:41:15,936 - root - INFO - | Epoch: 045/150 | Train Time: 0.933s | Train Loss: 0.000224 |
2020-04-23 21:41:16,902 - root - INFO - | Epoch: 046/150 | Train Time: 0.965s | Train Loss: 0.000218 |
2020-04-23 21:41:17,858 - root - INFO - | Epoch: 047/150 | Train Time: 0.955s | Train Loss: 0.000213 |
2020-04-23 21:41:18,830 - root - INFO - | Epoch: 048/150 | Train Time: 0.971s | Train Loss: 0.000196 |
2020-04-23 21:41:19,792 - root - INFO - | Epoch: 049/150 | Train Time: 0.961s | Train Loss: 0.000183 |
2020-04-23 21:41:20,764 - root - INFO - | Epoch: 050/150 | Train Time: 0.971s | Train Loss: 0.000200 |
2020-04-23 21:41:20,765 - root - INFO -   LR scheduler: new learning rate is 1e-06
2020-04-23 21:41:21,696 - root - INFO - | Epoch: 051/150 | Train Time: 0.930s | Train Loss: 0.000183 |
2020-04-23 21:41:22,575 - root - INFO - | Epoch: 052/150 | Train Time: 0.878s | Train Loss: 0.000161 |
2020-04-23 21:41:23,489 - root - INFO - | Epoch: 053/150 | Train Time: 0.914s | Train Loss: 0.000172 |
2020-04-23 21:41:24,524 - root - INFO - | Epoch: 054/150 | Train Time: 1.034s | Train Loss: 0.000174 |
2020-04-23 21:41:25,460 - root - INFO - | Epoch: 055/150 | Train Time: 0.935s | Train Loss: 0.000177 |
2020-04-23 21:41:26,411 - root - INFO - | Epoch: 056/150 | Train Time: 0.950s | Train Loss: 0.000170 |
2020-04-23 21:41:27,407 - root - INFO - | Epoch: 057/150 | Train Time: 0.996s | Train Loss: 0.000171 |
2020-04-23 21:41:28,408 - root - INFO - | Epoch: 058/150 | Train Time: 1.000s | Train Loss: 0.000157 |
2020-04-23 21:41:29,353 - root - INFO - | Epoch: 059/150 | Train Time: 0.944s | Train Loss: 0.000166 |
2020-04-23 21:41:30,288 - root - INFO - | Epoch: 060/150 | Train Time: 0.935s | Train Loss: 0.000169 |
2020-04-23 21:41:31,373 - root - INFO - | Epoch: 061/150 | Train Time: 1.084s | Train Loss: 0.000154 |
2020-04-23 21:41:32,347 - root - INFO - | Epoch: 062/150 | Train Time: 0.974s | Train Loss: 0.000153 |
2020-04-23 21:41:33,273 - root - INFO - | Epoch: 063/150 | Train Time: 0.925s | Train Loss: 0.000160 |
2020-04-23 21:41:34,168 - root - INFO - | Epoch: 064/150 | Train Time: 0.894s | Train Loss: 0.000160 |
2020-04-23 21:41:35,169 - root - INFO - | Epoch: 065/150 | Train Time: 1.000s | Train Loss: 0.000153 |
2020-04-23 21:41:36,083 - root - INFO - | Epoch: 066/150 | Train Time: 0.913s | Train Loss: 0.000164 |
2020-04-23 21:41:37,059 - root - INFO - | Epoch: 067/150 | Train Time: 0.976s | Train Loss: 0.000155 |
2020-04-23 21:41:38,084 - root - INFO - | Epoch: 068/150 | Train Time: 1.024s | Train Loss: 0.000168 |
2020-04-23 21:41:39,082 - root - INFO - | Epoch: 069/150 | Train Time: 0.997s | Train Loss: 0.000157 |
2020-04-23 21:41:40,035 - root - INFO - | Epoch: 070/150 | Train Time: 0.952s | Train Loss: 0.000153 |
2020-04-23 21:41:40,926 - root - INFO - | Epoch: 071/150 | Train Time: 0.891s | Train Loss: 0.000160 |
2020-04-23 21:41:41,991 - root - INFO - | Epoch: 072/150 | Train Time: 1.063s | Train Loss: 0.000150 |
2020-04-23 21:41:42,954 - root - INFO - | Epoch: 073/150 | Train Time: 0.963s | Train Loss: 0.000152 |
2020-04-23 21:41:43,959 - root - INFO - | Epoch: 074/150 | Train Time: 1.004s | Train Loss: 0.000145 |
2020-04-23 21:41:44,931 - root - INFO - | Epoch: 075/150 | Train Time: 0.971s | Train Loss: 0.000156 |
2020-04-23 21:41:45,853 - root - INFO - | Epoch: 076/150 | Train Time: 0.921s | Train Loss: 0.000165 |
2020-04-23 21:41:46,878 - root - INFO - | Epoch: 077/150 | Train Time: 1.024s | Train Loss: 0.000155 |
2020-04-23 21:41:47,864 - root - INFO - | Epoch: 078/150 | Train Time: 0.986s | Train Loss: 0.000161 |
2020-04-23 21:41:48,820 - root - INFO - | Epoch: 079/150 | Train Time: 0.951s | Train Loss: 0.000153 |
2020-04-23 21:41:49,852 - root - INFO - | Epoch: 080/150 | Train Time: 1.031s | Train Loss: 0.000151 |
2020-04-23 21:41:50,805 - root - INFO - | Epoch: 081/150 | Train Time: 0.952s | Train Loss: 0.000160 |
2020-04-23 21:41:51,702 - root - INFO - | Epoch: 082/150 | Train Time: 0.897s | Train Loss: 0.000145 |
2020-04-23 21:41:52,662 - root - INFO - | Epoch: 083/150 | Train Time: 0.959s | Train Loss: 0.000154 |
2020-04-23 21:41:53,571 - root - INFO - | Epoch: 084/150 | Train Time: 0.908s | Train Loss: 0.000140 |
2020-04-23 21:41:54,591 - root - INFO - | Epoch: 085/150 | Train Time: 1.019s | Train Loss: 0.000141 |
2020-04-23 21:41:55,567 - root - INFO - | Epoch: 086/150 | Train Time: 0.976s | Train Loss: 0.000143 |
2020-04-23 21:41:56,435 - root - INFO - | Epoch: 087/150 | Train Time: 0.866s | Train Loss: 0.000149 |
2020-04-23 21:41:57,238 - root - INFO - | Epoch: 088/150 | Train Time: 0.802s | Train Loss: 0.000149 |
2020-04-23 21:41:58,190 - root - INFO - | Epoch: 089/150 | Train Time: 0.951s | Train Loss: 0.000157 |
2020-04-23 21:41:59,049 - root - INFO - | Epoch: 090/150 | Train Time: 0.858s | Train Loss: 0.000157 |
2020-04-23 21:41:59,999 - root - INFO - | Epoch: 091/150 | Train Time: 0.949s | Train Loss: 0.000141 |
2020-04-23 21:42:00,849 - root - INFO - | Epoch: 092/150 | Train Time: 0.849s | Train Loss: 0.000157 |
2020-04-23 21:42:01,781 - root - INFO - | Epoch: 093/150 | Train Time: 0.931s | Train Loss: 0.000141 |
2020-04-23 21:42:02,697 - root - INFO - | Epoch: 094/150 | Train Time: 0.915s | Train Loss: 0.000135 |
2020-04-23 21:42:03,564 - root - INFO - | Epoch: 095/150 | Train Time: 0.866s | Train Loss: 0.000136 |
2020-04-23 21:42:04,433 - root - INFO - | Epoch: 096/150 | Train Time: 0.868s | Train Loss: 0.000139 |
2020-04-23 21:42:05,305 - root - INFO - | Epoch: 097/150 | Train Time: 0.871s | Train Loss: 0.000147 |
2020-04-23 21:42:06,206 - root - INFO - | Epoch: 098/150 | Train Time: 0.900s | Train Loss: 0.000142 |
2020-04-23 21:42:07,097 - root - INFO - | Epoch: 099/150 | Train Time: 0.891s | Train Loss: 0.000127 |
2020-04-23 21:42:07,974 - root - INFO - | Epoch: 100/150 | Train Time: 0.876s | Train Loss: 0.000143 |
2020-04-23 21:42:07,976 - root - INFO -   LR scheduler: new learning rate is 1e-07
2020-04-23 21:42:08,929 - root - INFO - | Epoch: 101/150 | Train Time: 0.953s | Train Loss: 0.000132 |
2020-04-23 21:42:09,844 - root - INFO - | Epoch: 102/150 | Train Time: 0.914s | Train Loss: 0.000124 |
2020-04-23 21:42:10,881 - root - INFO - | Epoch: 103/150 | Train Time: 1.036s | Train Loss: 0.000133 |
2020-04-23 21:42:11,800 - root - INFO - | Epoch: 104/150 | Train Time: 0.918s | Train Loss: 0.000121 |
2020-04-23 21:42:12,776 - root - INFO - | Epoch: 105/150 | Train Time: 0.975s | Train Loss: 0.000141 |
2020-04-23 21:42:13,713 - root - INFO - | Epoch: 106/150 | Train Time: 0.937s | Train Loss: 0.000132 |
2020-04-23 21:42:14,684 - root - INFO - | Epoch: 107/150 | Train Time: 0.970s | Train Loss: 0.000131 |
2020-04-23 21:42:15,651 - root - INFO - | Epoch: 108/150 | Train Time: 0.966s | Train Loss: 0.000127 |
2020-04-23 21:42:16,596 - root - INFO - | Epoch: 109/150 | Train Time: 0.944s | Train Loss: 0.000128 |
2020-04-23 21:42:17,426 - root - INFO - | Epoch: 110/150 | Train Time: 0.829s | Train Loss: 0.000127 |
2020-04-23 21:42:18,286 - root - INFO - | Epoch: 111/150 | Train Time: 0.858s | Train Loss: 0.000134 |
2020-04-23 21:42:19,299 - root - INFO - | Epoch: 112/150 | Train Time: 1.012s | Train Loss: 0.000118 |
2020-04-23 21:42:20,191 - root - INFO - | Epoch: 113/150 | Train Time: 0.891s | Train Loss: 0.000132 |
2020-04-23 21:42:21,041 - root - INFO - | Epoch: 114/150 | Train Time: 0.849s | Train Loss: 0.000132 |
2020-04-23 21:42:21,919 - root - INFO - | Epoch: 115/150 | Train Time: 0.877s | Train Loss: 0.000122 |
2020-04-23 21:42:22,839 - root - INFO - | Epoch: 116/150 | Train Time: 0.919s | Train Loss: 0.000133 |
2020-04-23 21:42:23,701 - root - INFO - | Epoch: 117/150 | Train Time: 0.861s | Train Loss: 0.000124 |
2020-04-23 21:42:24,645 - root - INFO - | Epoch: 118/150 | Train Time: 0.943s | Train Loss: 0.000137 |
2020-04-23 21:42:25,520 - root - INFO - | Epoch: 119/150 | Train Time: 0.875s | Train Loss: 0.000125 |
2020-04-23 21:42:26,394 - root - INFO - | Epoch: 120/150 | Train Time: 0.873s | Train Loss: 0.000130 |
2020-04-23 21:42:27,278 - root - INFO - | Epoch: 121/150 | Train Time: 0.883s | Train Loss: 0.000140 |
2020-04-23 21:42:28,130 - root - INFO - | Epoch: 122/150 | Train Time: 0.851s | Train Loss: 0.000127 |
2020-04-23 21:42:28,970 - root - INFO - | Epoch: 123/150 | Train Time: 0.840s | Train Loss: 0.000126 |
2020-04-23 21:42:29,803 - root - INFO - | Epoch: 124/150 | Train Time: 0.832s | Train Loss: 0.000127 |
2020-04-23 21:42:30,785 - root - INFO - | Epoch: 125/150 | Train Time: 0.981s | Train Loss: 0.000137 |
2020-04-23 21:42:31,724 - root - INFO - | Epoch: 126/150 | Train Time: 0.938s | Train Loss: 0.000129 |
2020-04-23 21:42:32,659 - root - INFO - | Epoch: 127/150 | Train Time: 0.934s | Train Loss: 0.000118 |
2020-04-23 21:42:33,626 - root - INFO - | Epoch: 128/150 | Train Time: 0.966s | Train Loss: 0.000131 |
2020-04-23 21:42:34,525 - root - INFO - | Epoch: 129/150 | Train Time: 0.898s | Train Loss: 0.000132 |
2020-04-23 21:42:35,499 - root - INFO - | Epoch: 130/150 | Train Time: 0.973s | Train Loss: 0.000128 |
2020-04-23 21:42:36,502 - root - INFO - | Epoch: 131/150 | Train Time: 1.001s | Train Loss: 0.000123 |
2020-04-23 21:42:37,409 - root - INFO - | Epoch: 132/150 | Train Time: 0.906s | Train Loss: 0.000131 |
2020-04-23 21:42:38,228 - root - INFO - | Epoch: 133/150 | Train Time: 0.818s | Train Loss: 0.000125 |
2020-04-23 21:42:39,153 - root - INFO - | Epoch: 134/150 | Train Time: 0.925s | Train Loss: 0.000134 |
2020-04-23 21:42:40,157 - root - INFO - | Epoch: 135/150 | Train Time: 1.003s | Train Loss: 0.000121 |
2020-04-23 21:42:41,024 - root - INFO - | Epoch: 136/150 | Train Time: 0.866s | Train Loss: 0.000131 |
2020-04-23 21:42:41,950 - root - INFO - | Epoch: 137/150 | Train Time: 0.925s | Train Loss: 0.000135 |
2020-04-23 21:42:42,894 - root - INFO - | Epoch: 138/150 | Train Time: 0.943s | Train Loss: 0.000142 |
2020-04-23 21:42:43,952 - root - INFO - | Epoch: 139/150 | Train Time: 1.057s | Train Loss: 0.000137 |
2020-04-23 21:42:44,861 - root - INFO - | Epoch: 140/150 | Train Time: 0.908s | Train Loss: 0.000126 |
2020-04-23 21:42:45,699 - root - INFO - | Epoch: 141/150 | Train Time: 0.838s | Train Loss: 0.000134 |
2020-04-23 21:42:46,625 - root - INFO - | Epoch: 142/150 | Train Time: 0.925s | Train Loss: 0.000117 |
2020-04-23 21:42:47,581 - root - INFO - | Epoch: 143/150 | Train Time: 0.955s | Train Loss: 0.000110 |
2020-04-23 21:42:48,468 - root - INFO - | Epoch: 144/150 | Train Time: 0.886s | Train Loss: 0.000124 |
2020-04-23 21:42:49,350 - root - INFO - | Epoch: 145/150 | Train Time: 0.881s | Train Loss: 0.000140 |
2020-04-23 21:42:50,300 - root - INFO - | Epoch: 146/150 | Train Time: 0.949s | Train Loss: 0.000135 |
2020-04-23 21:42:51,121 - root - INFO - | Epoch: 147/150 | Train Time: 0.820s | Train Loss: 0.000122 |
2020-04-23 21:42:52,038 - root - INFO - | Epoch: 148/150 | Train Time: 0.916s | Train Loss: 0.000124 |
2020-04-23 21:42:53,094 - root - INFO - | Epoch: 149/150 | Train Time: 1.055s | Train Loss: 0.000127 |
2020-04-23 21:42:53,988 - root - INFO - | Epoch: 150/150 | Train Time: 0.893s | Train Loss: 0.000128 |
2020-04-23 21:42:53,989 - root - INFO - Training Time: 141.291s
2020-04-23 21:42:53,989 - root - INFO - Finished training.
2020-04-23 22:09:06,755 - root - INFO - Starting testing...
2020-04-23 22:09:07,003 - root - INFO - Test Loss: 779.086224
2020-04-23 22:09:07,004 - root - INFO - Test AUC: 57.00%
2020-04-23 22:09:07,004 - root - INFO - Test Time: 0.244s
2020-04-23 22:09:07,005 - root - INFO - Finished testing.
