2020-04-23 21:55:24,832 - root - INFO - Hey I am loading net for you!
2020-04-23 21:55:27,099 - root - INFO - Setting hyper-parameters!
2020-04-23 21:55:27,100 - root - INFO - Starting training...
2020-04-23 21:55:28,219 - root - INFO - | Epoch: 001/150 | Train Time: 1.117s | Train Loss: 0.155141 |
2020-04-23 21:55:29,230 - root - INFO - | Epoch: 002/150 | Train Time: 1.011s | Train Loss: 0.072487 |
2020-04-23 21:55:30,257 - root - INFO - | Epoch: 003/150 | Train Time: 1.026s | Train Loss: 0.050505 |
2020-04-23 21:55:31,371 - root - INFO - | Epoch: 004/150 | Train Time: 1.113s | Train Loss: 0.042539 |
2020-04-23 21:55:32,399 - root - INFO - | Epoch: 005/150 | Train Time: 1.027s | Train Loss: 0.039035 |
2020-04-23 21:55:33,442 - root - INFO - | Epoch: 006/150 | Train Time: 1.042s | Train Loss: 0.035933 |
2020-04-23 21:55:34,502 - root - INFO - | Epoch: 007/150 | Train Time: 1.059s | Train Loss: 0.034399 |
2020-04-23 21:55:35,592 - root - INFO - | Epoch: 008/150 | Train Time: 1.089s | Train Loss: 0.032960 |
2020-04-23 21:55:36,671 - root - INFO - | Epoch: 009/150 | Train Time: 1.079s | Train Loss: 0.032175 |
2020-04-23 21:55:37,814 - root - INFO - | Epoch: 010/150 | Train Time: 1.141s | Train Loss: 0.031490 |
2020-04-23 21:55:38,896 - root - INFO - | Epoch: 011/150 | Train Time: 1.081s | Train Loss: 0.030890 |
2020-04-23 21:55:39,965 - root - INFO - | Epoch: 012/150 | Train Time: 1.069s | Train Loss: 0.030265 |
2020-04-23 21:55:41,157 - root - INFO - | Epoch: 013/150 | Train Time: 1.191s | Train Loss: 0.029660 |
2020-04-23 21:55:42,220 - root - INFO - | Epoch: 014/150 | Train Time: 1.059s | Train Loss: 0.029271 |
2020-04-23 21:55:43,275 - root - INFO - | Epoch: 015/150 | Train Time: 1.053s | Train Loss: 0.028499 |
2020-04-23 21:55:44,295 - root - INFO - | Epoch: 016/150 | Train Time: 1.019s | Train Loss: 0.028333 |
2020-04-23 21:55:45,372 - root - INFO - | Epoch: 017/150 | Train Time: 1.075s | Train Loss: 0.028027 |
2020-04-23 21:55:46,362 - root - INFO - | Epoch: 018/150 | Train Time: 0.990s | Train Loss: 0.027478 |
2020-04-23 21:55:47,444 - root - INFO - | Epoch: 019/150 | Train Time: 1.081s | Train Loss: 0.027391 |
2020-04-23 21:55:48,508 - root - INFO - | Epoch: 020/150 | Train Time: 1.063s | Train Loss: 0.027068 |
2020-04-23 21:55:49,587 - root - INFO - | Epoch: 021/150 | Train Time: 1.077s | Train Loss: 0.027005 |
2020-04-23 21:55:50,654 - root - INFO - | Epoch: 022/150 | Train Time: 1.066s | Train Loss: 0.026711 |
2020-04-23 21:55:51,703 - root - INFO - | Epoch: 023/150 | Train Time: 1.048s | Train Loss: 0.026545 |
2020-04-23 21:55:52,698 - root - INFO - | Epoch: 024/150 | Train Time: 0.994s | Train Loss: 0.026164 |
2020-04-23 21:55:53,749 - root - INFO - | Epoch: 025/150 | Train Time: 1.050s | Train Loss: 0.026226 |
2020-04-23 21:55:54,922 - root - INFO - | Epoch: 026/150 | Train Time: 1.171s | Train Loss: 0.025927 |
2020-04-23 21:55:55,980 - root - INFO - | Epoch: 027/150 | Train Time: 1.057s | Train Loss: 0.026050 |
2020-04-23 21:55:56,983 - root - INFO - | Epoch: 028/150 | Train Time: 1.003s | Train Loss: 0.025756 |
2020-04-23 21:55:58,012 - root - INFO - | Epoch: 029/150 | Train Time: 1.028s | Train Loss: 0.025661 |
2020-04-23 21:55:59,067 - root - INFO - | Epoch: 030/150 | Train Time: 1.054s | Train Loss: 0.025340 |
2020-04-23 21:56:00,125 - root - INFO - | Epoch: 031/150 | Train Time: 1.057s | Train Loss: 0.025283 |
2020-04-23 21:56:01,142 - root - INFO - | Epoch: 032/150 | Train Time: 1.016s | Train Loss: 0.025316 |
2020-04-23 21:56:02,205 - root - INFO - | Epoch: 033/150 | Train Time: 1.062s | Train Loss: 0.025150 |
2020-04-23 21:56:03,178 - root - INFO - | Epoch: 034/150 | Train Time: 0.972s | Train Loss: 0.025253 |
2020-04-23 21:56:04,240 - root - INFO - | Epoch: 035/150 | Train Time: 1.061s | Train Loss: 0.024901 |
2020-04-23 21:56:05,246 - root - INFO - | Epoch: 036/150 | Train Time: 1.005s | Train Loss: 0.024786 |
2020-04-23 21:56:06,272 - root - INFO - | Epoch: 037/150 | Train Time: 1.025s | Train Loss: 0.024747 |
2020-04-23 21:56:07,357 - root - INFO - | Epoch: 038/150 | Train Time: 1.084s | Train Loss: 0.024516 |
2020-04-23 21:56:08,373 - root - INFO - | Epoch: 039/150 | Train Time: 1.015s | Train Loss: 0.024698 |
2020-04-23 21:56:09,370 - root - INFO - | Epoch: 040/150 | Train Time: 0.997s | Train Loss: 0.024649 |
2020-04-23 21:56:10,388 - root - INFO - | Epoch: 041/150 | Train Time: 1.017s | Train Loss: 0.024630 |
2020-04-23 21:56:11,424 - root - INFO - | Epoch: 042/150 | Train Time: 1.036s | Train Loss: 0.024340 |
2020-04-23 21:56:12,469 - root - INFO - | Epoch: 043/150 | Train Time: 1.044s | Train Loss: 0.024485 |
2020-04-23 21:56:13,545 - root - INFO - | Epoch: 044/150 | Train Time: 1.075s | Train Loss: 0.024507 |
2020-04-23 21:56:14,599 - root - INFO - | Epoch: 045/150 | Train Time: 1.053s | Train Loss: 0.024297 |
2020-04-23 21:56:15,617 - root - INFO - | Epoch: 046/150 | Train Time: 1.018s | Train Loss: 0.024336 |
2020-04-23 21:56:16,639 - root - INFO - | Epoch: 047/150 | Train Time: 1.021s | Train Loss: 0.024112 |
2020-04-23 21:56:17,629 - root - INFO - | Epoch: 048/150 | Train Time: 0.988s | Train Loss: 0.024201 |
2020-04-23 21:56:18,764 - root - INFO - | Epoch: 049/150 | Train Time: 1.134s | Train Loss: 0.024060 |
2020-04-23 21:56:19,772 - root - INFO - | Epoch: 050/150 | Train Time: 1.007s | Train Loss: 0.023833 |
2020-04-23 21:56:19,772 - root - INFO -   LR scheduler: new learning rate is 1e-06
2020-04-23 21:56:20,895 - root - INFO - | Epoch: 051/150 | Train Time: 1.122s | Train Loss: 0.023906 |
2020-04-23 21:56:22,018 - root - INFO - | Epoch: 052/150 | Train Time: 1.121s | Train Loss: 0.023736 |
2020-04-23 21:56:23,131 - root - INFO - | Epoch: 053/150 | Train Time: 1.112s | Train Loss: 0.023701 |
2020-04-23 21:56:24,258 - root - INFO - | Epoch: 054/150 | Train Time: 1.126s | Train Loss: 0.023858 |
2020-04-23 21:56:25,261 - root - INFO - | Epoch: 055/150 | Train Time: 1.002s | Train Loss: 0.023814 |
2020-04-23 21:56:26,359 - root - INFO - | Epoch: 056/150 | Train Time: 1.097s | Train Loss: 0.023662 |
2020-04-23 21:56:27,481 - root - INFO - | Epoch: 057/150 | Train Time: 1.121s | Train Loss: 0.023796 |
2020-04-23 21:56:28,688 - root - INFO - | Epoch: 058/150 | Train Time: 1.206s | Train Loss: 0.023640 |
2020-04-23 21:56:29,979 - root - INFO - | Epoch: 059/150 | Train Time: 1.290s | Train Loss: 0.023688 |
2020-04-23 21:56:31,097 - root - INFO - | Epoch: 060/150 | Train Time: 1.117s | Train Loss: 0.023797 |
2020-04-23 21:56:32,179 - root - INFO - | Epoch: 061/150 | Train Time: 1.081s | Train Loss: 0.023780 |
2020-04-23 21:56:33,237 - root - INFO - | Epoch: 062/150 | Train Time: 1.057s | Train Loss: 0.023678 |
2020-04-23 21:56:34,256 - root - INFO - | Epoch: 063/150 | Train Time: 1.019s | Train Loss: 0.023788 |
2020-04-23 21:56:35,314 - root - INFO - | Epoch: 064/150 | Train Time: 1.057s | Train Loss: 0.023696 |
2020-04-23 21:56:36,451 - root - INFO - | Epoch: 065/150 | Train Time: 1.136s | Train Loss: 0.023651 |
2020-04-23 21:56:37,550 - root - INFO - | Epoch: 066/150 | Train Time: 1.098s | Train Loss: 0.023737 |
2020-04-23 21:56:38,666 - root - INFO - | Epoch: 067/150 | Train Time: 1.114s | Train Loss: 0.023797 |
2020-04-23 21:56:39,720 - root - INFO - | Epoch: 068/150 | Train Time: 1.053s | Train Loss: 0.023659 |
2020-04-23 21:56:40,737 - root - INFO - | Epoch: 069/150 | Train Time: 1.016s | Train Loss: 0.023567 |
2020-04-23 21:56:41,905 - root - INFO - | Epoch: 070/150 | Train Time: 1.167s | Train Loss: 0.023536 |
2020-04-23 21:56:42,964 - root - INFO - | Epoch: 071/150 | Train Time: 1.057s | Train Loss: 0.023785 |
2020-04-23 21:56:44,087 - root - INFO - | Epoch: 072/150 | Train Time: 1.122s | Train Loss: 0.023547 |
2020-04-23 21:56:45,200 - root - INFO - | Epoch: 073/150 | Train Time: 1.112s | Train Loss: 0.023558 |
2020-04-23 21:56:46,400 - root - INFO - | Epoch: 074/150 | Train Time: 1.199s | Train Loss: 0.023614 |
2020-04-23 21:56:47,478 - root - INFO - | Epoch: 075/150 | Train Time: 1.077s | Train Loss: 0.023701 |
2020-04-23 21:56:48,515 - root - INFO - | Epoch: 076/150 | Train Time: 1.036s | Train Loss: 0.023617 |
2020-04-23 21:56:49,541 - root - INFO - | Epoch: 077/150 | Train Time: 1.025s | Train Loss: 0.023497 |
2020-04-23 21:56:50,577 - root - INFO - | Epoch: 078/150 | Train Time: 1.035s | Train Loss: 0.023487 |
2020-04-23 21:56:51,722 - root - INFO - | Epoch: 079/150 | Train Time: 1.144s | Train Loss: 0.023528 |
2020-04-23 21:56:52,793 - root - INFO - | Epoch: 080/150 | Train Time: 1.070s | Train Loss: 0.023696 |
2020-04-23 21:56:53,901 - root - INFO - | Epoch: 081/150 | Train Time: 1.107s | Train Loss: 0.023551 |
2020-04-23 21:56:54,933 - root - INFO - | Epoch: 082/150 | Train Time: 1.032s | Train Loss: 0.023518 |
2020-04-23 21:56:55,976 - root - INFO - | Epoch: 083/150 | Train Time: 1.042s | Train Loss: 0.023574 |
2020-04-23 21:56:57,061 - root - INFO - | Epoch: 084/150 | Train Time: 1.084s | Train Loss: 0.023578 |
2020-04-23 21:56:58,242 - root - INFO - | Epoch: 085/150 | Train Time: 1.180s | Train Loss: 0.023604 |
2020-04-23 21:56:59,308 - root - INFO - | Epoch: 086/150 | Train Time: 1.065s | Train Loss: 0.023611 |
2020-04-23 21:57:00,439 - root - INFO - | Epoch: 087/150 | Train Time: 1.130s | Train Loss: 0.023708 |
2020-04-23 21:57:01,517 - root - INFO - | Epoch: 088/150 | Train Time: 1.077s | Train Loss: 0.023639 |
2020-04-23 21:57:02,638 - root - INFO - | Epoch: 089/150 | Train Time: 1.120s | Train Loss: 0.023735 |
2020-04-23 21:57:03,706 - root - INFO - | Epoch: 090/150 | Train Time: 1.067s | Train Loss: 0.023616 |
2020-04-23 21:57:04,750 - root - INFO - | Epoch: 091/150 | Train Time: 1.042s | Train Loss: 0.023537 |
2020-04-23 21:57:05,898 - root - INFO - | Epoch: 092/150 | Train Time: 1.147s | Train Loss: 0.023467 |
2020-04-23 21:57:07,036 - root - INFO - | Epoch: 093/150 | Train Time: 1.137s | Train Loss: 0.023556 |
2020-04-23 21:57:08,155 - root - INFO - | Epoch: 094/150 | Train Time: 1.119s | Train Loss: 0.023532 |
2020-04-23 21:57:09,208 - root - INFO - | Epoch: 095/150 | Train Time: 1.052s | Train Loss: 0.023547 |
2020-04-23 21:57:10,237 - root - INFO - | Epoch: 096/150 | Train Time: 1.028s | Train Loss: 0.023406 |
2020-04-23 21:57:11,275 - root - INFO - | Epoch: 097/150 | Train Time: 1.037s | Train Loss: 0.023513 |
2020-04-23 21:57:12,322 - root - INFO - | Epoch: 098/150 | Train Time: 1.046s | Train Loss: 0.023463 |
2020-04-23 21:57:13,482 - root - INFO - | Epoch: 099/150 | Train Time: 1.159s | Train Loss: 0.023512 |
2020-04-23 21:57:14,608 - root - INFO - | Epoch: 100/150 | Train Time: 1.125s | Train Loss: 0.023488 |
2020-04-23 21:57:14,609 - root - INFO -   LR scheduler: new learning rate is 1e-07
2020-04-23 21:57:15,750 - root - INFO - | Epoch: 101/150 | Train Time: 1.140s | Train Loss: 0.023398 |
2020-04-23 21:57:16,803 - root - INFO - | Epoch: 102/150 | Train Time: 1.052s | Train Loss: 0.023423 |
2020-04-23 21:57:17,871 - root - INFO - | Epoch: 103/150 | Train Time: 1.067s | Train Loss: 0.023323 |
2020-04-23 21:57:19,032 - root - INFO - | Epoch: 104/150 | Train Time: 1.160s | Train Loss: 0.023520 |
2020-04-23 21:57:20,134 - root - INFO - | Epoch: 105/150 | Train Time: 1.102s | Train Loss: 0.023340 |
2020-04-23 21:57:21,204 - root - INFO - | Epoch: 106/150 | Train Time: 1.068s | Train Loss: 0.023297 |
2020-04-23 21:57:22,234 - root - INFO - | Epoch: 107/150 | Train Time: 1.029s | Train Loss: 0.023451 |
2020-04-23 21:57:23,385 - root - INFO - | Epoch: 108/150 | Train Time: 1.150s | Train Loss: 0.023464 |
2020-04-23 21:57:24,480 - root - INFO - | Epoch: 109/150 | Train Time: 1.093s | Train Loss: 0.023362 |
2020-04-23 21:57:25,528 - root - INFO - | Epoch: 110/150 | Train Time: 1.047s | Train Loss: 0.023363 |
2020-04-23 21:57:26,667 - root - INFO - | Epoch: 111/150 | Train Time: 1.138s | Train Loss: 0.023390 |
2020-04-23 21:57:27,709 - root - INFO - | Epoch: 112/150 | Train Time: 1.041s | Train Loss: 0.023422 |
2020-04-23 21:57:28,817 - root - INFO - | Epoch: 113/150 | Train Time: 1.107s | Train Loss: 0.023309 |
2020-04-23 21:57:29,898 - root - INFO - | Epoch: 114/150 | Train Time: 1.080s | Train Loss: 0.023442 |
2020-04-23 21:57:31,024 - root - INFO - | Epoch: 115/150 | Train Time: 1.125s | Train Loss: 0.023434 |
2020-04-23 21:57:32,130 - root - INFO - | Epoch: 116/150 | Train Time: 1.105s | Train Loss: 0.023380 |
2020-04-23 21:57:33,174 - root - INFO - | Epoch: 117/150 | Train Time: 1.043s | Train Loss: 0.023558 |
2020-04-23 21:57:34,173 - root - INFO - | Epoch: 118/150 | Train Time: 0.998s | Train Loss: 0.023434 |
2020-04-23 21:57:35,209 - root - INFO - | Epoch: 119/150 | Train Time: 1.035s | Train Loss: 0.023315 |
2020-04-23 21:57:36,298 - root - INFO - | Epoch: 120/150 | Train Time: 1.089s | Train Loss: 0.023326 |
2020-04-23 21:57:37,404 - root - INFO - | Epoch: 121/150 | Train Time: 1.104s | Train Loss: 0.023412 |
2020-04-23 21:57:38,523 - root - INFO - | Epoch: 122/150 | Train Time: 1.118s | Train Loss: 0.023440 |
2020-04-23 21:57:39,636 - root - INFO - | Epoch: 123/150 | Train Time: 1.112s | Train Loss: 0.023247 |
2020-04-23 21:57:40,743 - root - INFO - | Epoch: 124/150 | Train Time: 1.106s | Train Loss: 0.023473 |
2020-04-23 21:57:41,941 - root - INFO - | Epoch: 125/150 | Train Time: 1.197s | Train Loss: 0.023409 |
2020-04-23 21:57:43,062 - root - INFO - | Epoch: 126/150 | Train Time: 1.120s | Train Loss: 0.023367 |
2020-04-23 21:57:44,135 - root - INFO - | Epoch: 127/150 | Train Time: 1.072s | Train Loss: 0.023286 |
2020-04-23 21:57:45,137 - root - INFO - | Epoch: 128/150 | Train Time: 1.001s | Train Loss: 0.023501 |
2020-04-23 21:57:46,180 - root - INFO - | Epoch: 129/150 | Train Time: 1.042s | Train Loss: 0.023421 |
2020-04-23 21:57:47,265 - root - INFO - | Epoch: 130/150 | Train Time: 1.085s | Train Loss: 0.023341 |
2020-04-23 21:57:48,348 - root - INFO - | Epoch: 131/150 | Train Time: 1.081s | Train Loss: 0.023416 |
2020-04-23 21:57:49,483 - root - INFO - | Epoch: 132/150 | Train Time: 1.134s | Train Loss: 0.023409 |
2020-04-23 21:57:50,551 - root - INFO - | Epoch: 133/150 | Train Time: 1.067s | Train Loss: 0.023465 |
2020-04-23 21:57:51,563 - root - INFO - | Epoch: 134/150 | Train Time: 1.012s | Train Loss: 0.023413 |
2020-04-23 21:57:52,603 - root - INFO - | Epoch: 135/150 | Train Time: 1.039s | Train Loss: 0.023428 |
2020-04-23 21:57:53,714 - root - INFO - | Epoch: 136/150 | Train Time: 1.110s | Train Loss: 0.023351 |
2020-04-23 21:57:54,786 - root - INFO - | Epoch: 137/150 | Train Time: 1.071s | Train Loss: 0.023425 |
2020-04-23 21:57:55,859 - root - INFO - | Epoch: 138/150 | Train Time: 1.073s | Train Loss: 0.023473 |
2020-04-23 21:57:57,056 - root - INFO - | Epoch: 139/150 | Train Time: 1.195s | Train Loss: 0.023395 |
2020-04-23 21:57:58,140 - root - INFO - | Epoch: 140/150 | Train Time: 1.083s | Train Loss: 0.023392 |
2020-04-23 21:57:59,192 - root - INFO - | Epoch: 141/150 | Train Time: 1.052s | Train Loss: 0.023527 |
2020-04-23 21:58:00,245 - root - INFO - | Epoch: 142/150 | Train Time: 1.052s | Train Loss: 0.023284 |
2020-04-23 21:58:01,326 - root - INFO - | Epoch: 143/150 | Train Time: 1.080s | Train Loss: 0.023288 |
2020-04-23 21:58:02,378 - root - INFO - | Epoch: 144/150 | Train Time: 1.051s | Train Loss: 0.023394 |
2020-04-23 21:58:03,453 - root - INFO - | Epoch: 145/150 | Train Time: 1.074s | Train Loss: 0.023290 |
2020-04-23 21:58:04,562 - root - INFO - | Epoch: 146/150 | Train Time: 1.108s | Train Loss: 0.023405 |
2020-04-23 21:58:05,677 - root - INFO - | Epoch: 147/150 | Train Time: 1.115s | Train Loss: 0.023260 |
2020-04-23 21:58:06,783 - root - INFO - | Epoch: 148/150 | Train Time: 1.105s | Train Loss: 0.023249 |
2020-04-23 21:58:07,859 - root - INFO - | Epoch: 149/150 | Train Time: 1.074s | Train Loss: 0.023492 |
2020-04-23 21:58:08,852 - root - INFO - | Epoch: 150/150 | Train Time: 0.992s | Train Loss: 0.023165 |
2020-04-23 21:58:08,853 - root - INFO - Training Time: 161.751s
2020-04-23 21:58:08,853 - root - INFO - Finished training.
2020-04-23 22:00:21,694 - root - INFO - Starting testing...
2020-04-23 22:00:22,086 - root - INFO - Test AUC: 74.10%
2020-04-23 22:00:22,087 - root - INFO - Test Time: 0.388s
2020-04-23 22:00:22,088 - root - INFO - Finished testing.
2020-04-24 12:04:15,426 - root - INFO - Hey I am loading net for you!
2020-04-24 12:04:17,551 - root - INFO - Setting hyper-parameters!
2020-04-24 12:04:17,552 - root - INFO - Starting training...
2020-04-24 12:04:18,807 - root - INFO - | Epoch: 001/150 | Train Time: 1.254s | Train Loss: 0.146589 |
2020-04-24 12:04:19,932 - root - INFO - | Epoch: 002/150 | Train Time: 1.123s | Train Loss: 0.111603 |
2020-04-24 12:04:21,185 - root - INFO - | Epoch: 003/150 | Train Time: 1.252s | Train Loss: 0.097172 |
2020-04-24 12:04:22,454 - root - INFO - | Epoch: 004/150 | Train Time: 1.269s | Train Loss: 0.088123 |
2020-04-24 12:04:23,617 - root - INFO - | Epoch: 005/150 | Train Time: 1.162s | Train Loss: 0.083461 |
2020-04-24 12:04:24,797 - root - INFO - | Epoch: 006/150 | Train Time: 1.179s | Train Loss: 0.078038 |
2020-04-24 12:04:25,961 - root - INFO - | Epoch: 007/150 | Train Time: 1.163s | Train Loss: 0.072340 |
2020-04-24 12:04:27,202 - root - INFO - | Epoch: 008/150 | Train Time: 1.240s | Train Loss: 0.067072 |
2020-04-24 12:04:28,331 - root - INFO - | Epoch: 009/150 | Train Time: 1.128s | Train Loss: 0.062951 |
2020-04-24 12:04:29,617 - root - INFO - | Epoch: 010/150 | Train Time: 1.285s | Train Loss: 0.060453 |
2020-04-24 12:04:30,771 - root - INFO - | Epoch: 011/150 | Train Time: 1.153s | Train Loss: 0.058462 |
2020-04-24 12:04:31,953 - root - INFO - | Epoch: 012/150 | Train Time: 1.181s | Train Loss: 0.055834 |
2020-04-24 12:04:33,136 - root - INFO - | Epoch: 013/150 | Train Time: 1.182s | Train Loss: 0.055214 |
2020-04-24 12:04:34,333 - root - INFO - | Epoch: 014/150 | Train Time: 1.196s | Train Loss: 0.052727 |
2020-04-24 12:04:35,484 - root - INFO - | Epoch: 015/150 | Train Time: 1.149s | Train Loss: 0.051581 |
2020-04-24 12:04:36,659 - root - INFO - | Epoch: 016/150 | Train Time: 1.175s | Train Loss: 0.050883 |
2020-04-24 12:04:37,803 - root - INFO - | Epoch: 017/150 | Train Time: 1.143s | Train Loss: 0.050353 |
2020-04-24 12:04:38,968 - root - INFO - | Epoch: 018/150 | Train Time: 1.164s | Train Loss: 0.052621 |
2020-04-24 12:04:40,098 - root - INFO - | Epoch: 019/150 | Train Time: 1.128s | Train Loss: 0.049558 |
2020-04-24 12:04:41,202 - root - INFO - | Epoch: 020/150 | Train Time: 1.103s | Train Loss: 0.054110 |
2020-04-24 12:04:42,433 - root - INFO - | Epoch: 021/150 | Train Time: 1.229s | Train Loss: 0.050763 |
2020-04-24 12:04:43,694 - root - INFO - | Epoch: 022/150 | Train Time: 1.260s | Train Loss: 0.047932 |
2020-04-24 12:04:44,867 - root - INFO - | Epoch: 023/150 | Train Time: 1.172s | Train Loss: 0.045821 |
2020-04-24 12:04:46,071 - root - INFO - | Epoch: 024/150 | Train Time: 1.203s | Train Loss: 0.045380 |
2020-04-24 12:04:47,259 - root - INFO - | Epoch: 025/150 | Train Time: 1.188s | Train Loss: 0.045001 |
2020-04-24 12:04:48,459 - root - INFO - | Epoch: 026/150 | Train Time: 1.198s | Train Loss: 0.044340 |
2020-04-24 12:04:49,606 - root - INFO - | Epoch: 027/150 | Train Time: 1.146s | Train Loss: 0.044340 |
2020-04-24 12:04:50,738 - root - INFO - | Epoch: 028/150 | Train Time: 1.131s | Train Loss: 0.042902 |
2020-04-24 12:04:51,927 - root - INFO - | Epoch: 029/150 | Train Time: 1.188s | Train Loss: 0.043135 |
2020-04-24 12:04:53,109 - root - INFO - | Epoch: 030/150 | Train Time: 1.182s | Train Loss: 0.043128 |
2020-04-24 12:04:54,249 - root - INFO - | Epoch: 031/150 | Train Time: 1.138s | Train Loss: 0.043352 |
2020-04-24 12:04:55,425 - root - INFO - | Epoch: 032/150 | Train Time: 1.176s | Train Loss: 0.042155 |
2020-04-24 12:04:56,644 - root - INFO - | Epoch: 033/150 | Train Time: 1.217s | Train Loss: 0.042029 |
2020-04-24 12:04:57,851 - root - INFO - | Epoch: 034/150 | Train Time: 1.207s | Train Loss: 0.041879 |
2020-04-24 12:04:59,091 - root - INFO - | Epoch: 035/150 | Train Time: 1.239s | Train Loss: 0.041644 |
2020-04-24 12:05:00,294 - root - INFO - | Epoch: 036/150 | Train Time: 1.201s | Train Loss: 0.041718 |
2020-04-24 12:05:01,535 - root - INFO - | Epoch: 037/150 | Train Time: 1.241s | Train Loss: 0.042196 |
2020-04-24 12:05:02,726 - root - INFO - | Epoch: 038/150 | Train Time: 1.190s | Train Loss: 0.042330 |
2020-04-24 12:05:03,846 - root - INFO - | Epoch: 039/150 | Train Time: 1.119s | Train Loss: 0.041380 |
2020-04-24 12:05:05,012 - root - INFO - | Epoch: 040/150 | Train Time: 1.165s | Train Loss: 0.040718 |
2020-04-24 12:05:06,074 - root - INFO - | Epoch: 041/150 | Train Time: 1.061s | Train Loss: 0.040504 |
2020-04-24 12:05:07,245 - root - INFO - | Epoch: 042/150 | Train Time: 1.170s | Train Loss: 0.040997 |
2020-04-24 12:05:08,431 - root - INFO - | Epoch: 043/150 | Train Time: 1.186s | Train Loss: 0.040522 |
2020-04-24 12:05:09,619 - root - INFO - | Epoch: 044/150 | Train Time: 1.187s | Train Loss: 0.040425 |
2020-04-24 12:05:10,820 - root - INFO - | Epoch: 045/150 | Train Time: 1.199s | Train Loss: 0.040284 |
2020-04-24 12:05:12,042 - root - INFO - | Epoch: 046/150 | Train Time: 1.221s | Train Loss: 0.040296 |
2020-04-24 12:05:13,276 - root - INFO - | Epoch: 047/150 | Train Time: 1.234s | Train Loss: 0.040209 |
2020-04-24 12:05:14,430 - root - INFO - | Epoch: 048/150 | Train Time: 1.152s | Train Loss: 0.040040 |
2020-04-24 12:05:15,477 - root - INFO - | Epoch: 049/150 | Train Time: 1.046s | Train Loss: 0.039818 |
2020-04-24 12:05:16,584 - root - INFO - | Epoch: 050/150 | Train Time: 1.106s | Train Loss: 0.039771 |
2020-04-24 12:05:16,585 - root - INFO -   LR scheduler: new learning rate is 1e-06
2020-04-24 12:05:17,789 - root - INFO - | Epoch: 051/150 | Train Time: 1.202s | Train Loss: 0.039297 |
2020-04-24 12:05:18,969 - root - INFO - | Epoch: 052/150 | Train Time: 1.179s | Train Loss: 0.038902 |
2020-04-24 12:05:20,160 - root - INFO - | Epoch: 053/150 | Train Time: 1.190s | Train Loss: 0.038820 |
2020-04-24 12:05:21,264 - root - INFO - | Epoch: 054/150 | Train Time: 1.103s | Train Loss: 0.038823 |
2020-04-24 12:05:22,448 - root - INFO - | Epoch: 055/150 | Train Time: 1.184s | Train Loss: 0.038919 |
2020-04-24 12:05:23,630 - root - INFO - | Epoch: 056/150 | Train Time: 1.181s | Train Loss: 0.038428 |
2020-04-24 12:05:24,753 - root - INFO - | Epoch: 057/150 | Train Time: 1.122s | Train Loss: 0.038809 |
2020-04-24 12:05:25,938 - root - INFO - | Epoch: 058/150 | Train Time: 1.184s | Train Loss: 0.038536 |
2020-04-24 12:05:27,065 - root - INFO - | Epoch: 059/150 | Train Time: 1.126s | Train Loss: 0.038837 |
2020-04-24 12:05:28,248 - root - INFO - | Epoch: 060/150 | Train Time: 1.182s | Train Loss: 0.038609 |
2020-04-24 12:05:29,361 - root - INFO - | Epoch: 061/150 | Train Time: 1.113s | Train Loss: 0.038605 |
2020-04-24 12:05:30,598 - root - INFO - | Epoch: 062/150 | Train Time: 1.236s | Train Loss: 0.038658 |
2020-04-24 12:05:31,793 - root - INFO - | Epoch: 063/150 | Train Time: 1.194s | Train Loss: 0.038576 |
2020-04-24 12:05:33,101 - root - INFO - | Epoch: 064/150 | Train Time: 1.307s | Train Loss: 0.038399 |
2020-04-24 12:05:34,222 - root - INFO - | Epoch: 065/150 | Train Time: 1.120s | Train Loss: 0.038274 |
2020-04-24 12:05:35,454 - root - INFO - | Epoch: 066/150 | Train Time: 1.231s | Train Loss: 0.038610 |
2020-04-24 12:05:36,638 - root - INFO - | Epoch: 067/150 | Train Time: 1.183s | Train Loss: 0.038080 |
2020-04-24 12:05:37,849 - root - INFO - | Epoch: 068/150 | Train Time: 1.210s | Train Loss: 0.038335 |
2020-04-24 12:05:38,904 - root - INFO - | Epoch: 069/150 | Train Time: 1.055s | Train Loss: 0.038393 |
2020-04-24 12:05:40,038 - root - INFO - | Epoch: 070/150 | Train Time: 1.133s | Train Loss: 0.038376 |
2020-04-24 12:05:41,197 - root - INFO - | Epoch: 071/150 | Train Time: 1.159s | Train Loss: 0.038495 |
2020-04-24 12:05:42,309 - root - INFO - | Epoch: 072/150 | Train Time: 1.110s | Train Loss: 0.038096 |
2020-04-24 12:05:43,618 - root - INFO - | Epoch: 073/150 | Train Time: 1.308s | Train Loss: 0.038554 |
2020-04-24 12:05:44,753 - root - INFO - | Epoch: 074/150 | Train Time: 1.135s | Train Loss: 0.038195 |
2020-04-24 12:05:45,960 - root - INFO - | Epoch: 075/150 | Train Time: 1.206s | Train Loss: 0.038074 |
2020-04-24 12:05:47,098 - root - INFO - | Epoch: 076/150 | Train Time: 1.137s | Train Loss: 0.038117 |
2020-04-24 12:05:48,232 - root - INFO - | Epoch: 077/150 | Train Time: 1.133s | Train Loss: 0.038151 |
2020-04-24 12:05:49,433 - root - INFO - | Epoch: 078/150 | Train Time: 1.200s | Train Loss: 0.038176 |
2020-04-24 12:05:50,689 - root - INFO - | Epoch: 079/150 | Train Time: 1.255s | Train Loss: 0.037964 |
2020-04-24 12:05:51,755 - root - INFO - | Epoch: 080/150 | Train Time: 1.065s | Train Loss: 0.038109 |
2020-04-24 12:05:52,872 - root - INFO - | Epoch: 081/150 | Train Time: 1.116s | Train Loss: 0.038424 |
2020-04-24 12:05:54,065 - root - INFO - | Epoch: 082/150 | Train Time: 1.192s | Train Loss: 0.038235 |
2020-04-24 12:05:55,329 - root - INFO - | Epoch: 083/150 | Train Time: 1.264s | Train Loss: 0.038357 |
2020-04-24 12:05:56,594 - root - INFO - | Epoch: 084/150 | Train Time: 1.264s | Train Loss: 0.038030 |
2020-04-24 12:05:57,715 - root - INFO - | Epoch: 085/150 | Train Time: 1.120s | Train Loss: 0.037894 |
2020-04-24 12:05:58,877 - root - INFO - | Epoch: 086/150 | Train Time: 1.161s | Train Loss: 0.038026 |
2020-04-24 12:05:59,967 - root - INFO - | Epoch: 087/150 | Train Time: 1.089s | Train Loss: 0.037855 |
2020-04-24 12:06:01,130 - root - INFO - | Epoch: 088/150 | Train Time: 1.162s | Train Loss: 0.038115 |
2020-04-24 12:06:02,453 - root - INFO - | Epoch: 089/150 | Train Time: 1.323s | Train Loss: 0.037811 |
2020-04-24 12:06:03,698 - root - INFO - | Epoch: 090/150 | Train Time: 1.243s | Train Loss: 0.037840 |
2020-04-24 12:06:04,919 - root - INFO - | Epoch: 091/150 | Train Time: 1.221s | Train Loss: 0.038134 |
2020-04-24 12:06:06,180 - root - INFO - | Epoch: 092/150 | Train Time: 1.260s | Train Loss: 0.037935 |
2020-04-24 12:06:07,257 - root - INFO - | Epoch: 093/150 | Train Time: 1.076s | Train Loss: 0.037894 |
2020-04-24 12:06:08,371 - root - INFO - | Epoch: 094/150 | Train Time: 1.113s | Train Loss: 0.037921 |
2020-04-24 12:06:09,513 - root - INFO - | Epoch: 095/150 | Train Time: 1.141s | Train Loss: 0.038080 |
2020-04-24 12:06:10,687 - root - INFO - | Epoch: 096/150 | Train Time: 1.173s | Train Loss: 0.037859 |
2020-04-24 12:06:11,820 - root - INFO - | Epoch: 097/150 | Train Time: 1.132s | Train Loss: 0.037715 |
2020-04-24 12:06:13,010 - root - INFO - | Epoch: 098/150 | Train Time: 1.189s | Train Loss: 0.037882 |
2020-04-24 12:06:14,107 - root - INFO - | Epoch: 099/150 | Train Time: 1.096s | Train Loss: 0.037838 |
2020-04-24 12:06:15,385 - root - INFO - | Epoch: 100/150 | Train Time: 1.278s | Train Loss: 0.037589 |
2020-04-24 12:06:15,387 - root - INFO -   LR scheduler: new learning rate is 1e-07
2020-04-24 12:06:16,559 - root - INFO - | Epoch: 101/150 | Train Time: 1.171s | Train Loss: 0.037727 |
2020-04-24 12:06:17,742 - root - INFO - | Epoch: 102/150 | Train Time: 1.183s | Train Loss: 0.037561 |
2020-04-24 12:06:18,872 - root - INFO - | Epoch: 103/150 | Train Time: 1.129s | Train Loss: 0.037853 |
2020-04-24 12:06:19,984 - root - INFO - | Epoch: 104/150 | Train Time: 1.111s | Train Loss: 0.037691 |
2020-04-24 12:06:21,111 - root - INFO - | Epoch: 105/150 | Train Time: 1.125s | Train Loss: 0.037940 |
2020-04-24 12:06:22,340 - root - INFO - | Epoch: 106/150 | Train Time: 1.228s | Train Loss: 0.037673 |
2020-04-24 12:06:23,535 - root - INFO - | Epoch: 107/150 | Train Time: 1.194s | Train Loss: 0.037721 |
2020-04-24 12:06:24,761 - root - INFO - | Epoch: 108/150 | Train Time: 1.225s | Train Loss: 0.037774 |
2020-04-24 12:06:25,921 - root - INFO - | Epoch: 109/150 | Train Time: 1.158s | Train Loss: 0.037688 |
2020-04-24 12:06:27,019 - root - INFO - | Epoch: 110/150 | Train Time: 1.098s | Train Loss: 0.037717 |
2020-04-24 12:06:28,166 - root - INFO - | Epoch: 111/150 | Train Time: 1.146s | Train Loss: 0.037928 |
2020-04-24 12:06:29,219 - root - INFO - | Epoch: 112/150 | Train Time: 1.052s | Train Loss: 0.037576 |
2020-04-24 12:06:30,406 - root - INFO - | Epoch: 113/150 | Train Time: 1.186s | Train Loss: 0.037827 |
2020-04-24 12:06:31,759 - root - INFO - | Epoch: 114/150 | Train Time: 1.352s | Train Loss: 0.037742 |
2020-04-24 12:06:32,973 - root - INFO - | Epoch: 115/150 | Train Time: 1.212s | Train Loss: 0.037640 |
2020-04-24 12:06:34,108 - root - INFO - | Epoch: 116/150 | Train Time: 1.135s | Train Loss: 0.037765 |
2020-04-24 12:06:35,270 - root - INFO - | Epoch: 117/150 | Train Time: 1.161s | Train Loss: 0.037483 |
2020-04-24 12:06:36,496 - root - INFO - | Epoch: 118/150 | Train Time: 1.225s | Train Loss: 0.037726 |
2020-04-24 12:06:37,602 - root - INFO - | Epoch: 119/150 | Train Time: 1.105s | Train Loss: 0.037810 |
2020-04-24 12:06:38,731 - root - INFO - | Epoch: 120/150 | Train Time: 1.129s | Train Loss: 0.037654 |
2020-04-24 12:06:39,977 - root - INFO - | Epoch: 121/150 | Train Time: 1.245s | Train Loss: 0.037782 |
2020-04-24 12:06:41,229 - root - INFO - | Epoch: 122/150 | Train Time: 1.251s | Train Loss: 0.037472 |
2020-04-24 12:06:42,305 - root - INFO - | Epoch: 123/150 | Train Time: 1.075s | Train Loss: 0.037898 |
2020-04-24 12:06:43,468 - root - INFO - | Epoch: 124/150 | Train Time: 1.162s | Train Loss: 0.037616 |
2020-04-24 12:06:44,643 - root - INFO - | Epoch: 125/150 | Train Time: 1.174s | Train Loss: 0.037638 |
2020-04-24 12:06:45,772 - root - INFO - | Epoch: 126/150 | Train Time: 1.128s | Train Loss: 0.037761 |
2020-04-24 12:06:46,921 - root - INFO - | Epoch: 127/150 | Train Time: 1.149s | Train Loss: 0.037738 |
2020-04-24 12:06:48,036 - root - INFO - | Epoch: 128/150 | Train Time: 1.113s | Train Loss: 0.037942 |
2020-04-24 12:06:49,169 - root - INFO - | Epoch: 129/150 | Train Time: 1.132s | Train Loss: 0.037730 |
2020-04-24 12:06:50,359 - root - INFO - | Epoch: 130/150 | Train Time: 1.189s | Train Loss: 0.037676 |
2020-04-24 12:06:51,568 - root - INFO - | Epoch: 131/150 | Train Time: 1.208s | Train Loss: 0.037963 |
2020-04-24 12:06:52,637 - root - INFO - | Epoch: 132/150 | Train Time: 1.068s | Train Loss: 0.037519 |
2020-04-24 12:06:53,768 - root - INFO - | Epoch: 133/150 | Train Time: 1.131s | Train Loss: 0.037962 |
2020-04-24 12:06:54,899 - root - INFO - | Epoch: 134/150 | Train Time: 1.130s | Train Loss: 0.037411 |
2020-04-24 12:06:55,997 - root - INFO - | Epoch: 135/150 | Train Time: 1.096s | Train Loss: 0.037748 |
2020-04-24 12:06:57,202 - root - INFO - | Epoch: 136/150 | Train Time: 1.205s | Train Loss: 0.037629 |
2020-04-24 12:06:58,319 - root - INFO - | Epoch: 137/150 | Train Time: 1.115s | Train Loss: 0.037664 |
2020-04-24 12:06:59,426 - root - INFO - | Epoch: 138/150 | Train Time: 1.106s | Train Loss: 0.037668 |
2020-04-24 12:07:00,502 - root - INFO - | Epoch: 139/150 | Train Time: 1.075s | Train Loss: 0.037860 |
2020-04-24 12:07:01,658 - root - INFO - | Epoch: 140/150 | Train Time: 1.155s | Train Loss: 0.037819 |
2020-04-24 12:07:02,809 - root - INFO - | Epoch: 141/150 | Train Time: 1.150s | Train Loss: 0.037638 |
2020-04-24 12:07:03,949 - root - INFO - | Epoch: 142/150 | Train Time: 1.139s | Train Loss: 0.037602 |
2020-04-24 12:07:05,067 - root - INFO - | Epoch: 143/150 | Train Time: 1.117s | Train Loss: 0.037644 |
2020-04-24 12:07:06,221 - root - INFO - | Epoch: 144/150 | Train Time: 1.152s | Train Loss: 0.037651 |
2020-04-24 12:07:07,350 - root - INFO - | Epoch: 145/150 | Train Time: 1.129s | Train Loss: 0.037650 |
2020-04-24 12:07:08,569 - root - INFO - | Epoch: 146/150 | Train Time: 1.218s | Train Loss: 0.037887 |
2020-04-24 12:07:09,758 - root - INFO - | Epoch: 147/150 | Train Time: 1.188s | Train Loss: 0.037780 |
2020-04-24 12:07:10,822 - root - INFO - | Epoch: 148/150 | Train Time: 1.064s | Train Loss: 0.037560 |
2020-04-24 12:07:11,942 - root - INFO - | Epoch: 149/150 | Train Time: 1.119s | Train Loss: 0.037699 |
2020-04-24 12:07:13,079 - root - INFO - | Epoch: 150/150 | Train Time: 1.135s | Train Loss: 0.037744 |
2020-04-24 12:07:13,079 - root - INFO - Training Time: 175.526s
2020-04-24 12:07:13,080 - root - INFO - Finished training.
2020-04-24 12:07:13,086 - root - INFO - Starting testing...
2020-04-24 12:07:13,414 - root - INFO - Test AUC: 89.15%
2020-04-24 12:07:13,415 - root - INFO - Test Time: 0.324s
2020-04-24 12:07:13,416 - root - INFO - Finished testing.
2020-04-24 12:15:56,489 - root - INFO - Starting testing...
2020-04-24 12:15:56,748 - root - INFO - Test AUC: 89.15%
2020-04-24 12:15:56,749 - root - INFO - Test Time: 0.255s
2020-04-24 12:15:56,749 - root - INFO - Finished testing.
