2020-04-23 21:56:19,127 - root - INFO - Hey I am loading net for you!
2020-04-23 21:56:25,286 - root - INFO - Setting hyper-parameters!
2020-04-23 21:56:25,288 - root - INFO - Starting training...
2020-04-23 21:56:27,457 - root - INFO - | Epoch: 001/150 | Train Time: 2.168s | Train Loss: 0.184840 |
2020-04-23 21:56:29,609 - root - INFO - | Epoch: 002/150 | Train Time: 2.151s | Train Loss: 0.084499 |
2020-04-23 21:56:31,715 - root - INFO - | Epoch: 003/150 | Train Time: 2.105s | Train Loss: 0.053877 |
2020-04-23 21:56:33,800 - root - INFO - | Epoch: 004/150 | Train Time: 2.084s | Train Loss: 0.043053 |
2020-04-23 21:56:36,008 - root - INFO - | Epoch: 005/150 | Train Time: 2.208s | Train Loss: 0.038715 |
2020-04-23 21:56:38,249 - root - INFO - | Epoch: 006/150 | Train Time: 2.240s | Train Loss: 0.036097 |
2020-04-23 21:56:40,451 - root - INFO - | Epoch: 007/150 | Train Time: 2.202s | Train Loss: 0.034799 |
2020-04-23 21:56:42,544 - root - INFO - | Epoch: 008/150 | Train Time: 2.091s | Train Loss: 0.033787 |
2020-04-23 21:56:44,658 - root - INFO - | Epoch: 009/150 | Train Time: 2.113s | Train Loss: 0.032587 |
2020-04-23 21:56:46,844 - root - INFO - | Epoch: 010/150 | Train Time: 2.186s | Train Loss: 0.032172 |
2020-04-23 21:56:48,934 - root - INFO - | Epoch: 011/150 | Train Time: 2.089s | Train Loss: 0.031262 |
2020-04-23 21:56:51,053 - root - INFO - | Epoch: 012/150 | Train Time: 2.119s | Train Loss: 0.030901 |
2020-04-23 21:56:53,114 - root - INFO - | Epoch: 013/150 | Train Time: 2.060s | Train Loss: 0.030254 |
2020-04-23 21:56:55,250 - root - INFO - | Epoch: 014/150 | Train Time: 2.136s | Train Loss: 0.030510 |
2020-04-23 21:56:57,446 - root - INFO - | Epoch: 015/150 | Train Time: 2.195s | Train Loss: 0.029703 |
2020-04-23 21:56:59,565 - root - INFO - | Epoch: 016/150 | Train Time: 2.118s | Train Loss: 0.029335 |
2020-04-23 21:57:01,657 - root - INFO - | Epoch: 017/150 | Train Time: 2.092s | Train Loss: 0.029017 |
2020-04-23 21:57:03,838 - root - INFO - | Epoch: 018/150 | Train Time: 2.180s | Train Loss: 0.028759 |
2020-04-23 21:57:05,953 - root - INFO - | Epoch: 019/150 | Train Time: 2.114s | Train Loss: 0.028254 |
2020-04-23 21:57:08,098 - root - INFO - | Epoch: 020/150 | Train Time: 2.144s | Train Loss: 0.028044 |
2020-04-23 21:57:10,211 - root - INFO - | Epoch: 021/150 | Train Time: 2.112s | Train Loss: 0.027614 |
2020-04-23 21:57:12,305 - root - INFO - | Epoch: 022/150 | Train Time: 2.094s | Train Loss: 0.027521 |
2020-04-23 21:57:14,437 - root - INFO - | Epoch: 023/150 | Train Time: 2.131s | Train Loss: 0.027193 |
2020-04-23 21:57:16,602 - root - INFO - | Epoch: 024/150 | Train Time: 2.164s | Train Loss: 0.026781 |
2020-04-23 21:57:18,830 - root - INFO - | Epoch: 025/150 | Train Time: 2.227s | Train Loss: 0.026842 |
2020-04-23 21:57:20,935 - root - INFO - | Epoch: 026/150 | Train Time: 2.104s | Train Loss: 0.026436 |
2020-04-23 21:57:23,038 - root - INFO - | Epoch: 027/150 | Train Time: 2.102s | Train Loss: 0.026576 |
2020-04-23 21:57:25,093 - root - INFO - | Epoch: 028/150 | Train Time: 2.054s | Train Loss: 0.026247 |
2020-04-23 21:57:27,218 - root - INFO - | Epoch: 029/150 | Train Time: 2.124s | Train Loss: 0.026109 |
2020-04-23 21:57:29,465 - root - INFO - | Epoch: 030/150 | Train Time: 2.247s | Train Loss: 0.025928 |
2020-04-23 21:57:31,622 - root - INFO - | Epoch: 031/150 | Train Time: 2.155s | Train Loss: 0.025956 |
2020-04-23 21:57:33,761 - root - INFO - | Epoch: 032/150 | Train Time: 2.139s | Train Loss: 0.025744 |
2020-04-23 21:57:35,954 - root - INFO - | Epoch: 033/150 | Train Time: 2.192s | Train Loss: 0.025702 |
2020-04-23 21:57:38,041 - root - INFO - | Epoch: 034/150 | Train Time: 2.086s | Train Loss: 0.025473 |
2020-04-23 21:57:40,136 - root - INFO - | Epoch: 035/150 | Train Time: 2.095s | Train Loss: 0.025467 |
2020-04-23 21:57:42,271 - root - INFO - | Epoch: 036/150 | Train Time: 2.134s | Train Loss: 0.025470 |
2020-04-23 21:57:44,421 - root - INFO - | Epoch: 037/150 | Train Time: 2.148s | Train Loss: 0.025434 |
2020-04-23 21:57:46,526 - root - INFO - | Epoch: 038/150 | Train Time: 2.104s | Train Loss: 0.025325 |
2020-04-23 21:57:48,643 - root - INFO - | Epoch: 039/150 | Train Time: 2.117s | Train Loss: 0.025288 |
2020-04-23 21:57:50,817 - root - INFO - | Epoch: 040/150 | Train Time: 2.172s | Train Loss: 0.024884 |
2020-04-23 21:57:52,982 - root - INFO - | Epoch: 041/150 | Train Time: 2.164s | Train Loss: 0.025098 |
2020-04-23 21:57:55,173 - root - INFO - | Epoch: 042/150 | Train Time: 2.191s | Train Loss: 0.024993 |
2020-04-23 21:57:57,311 - root - INFO - | Epoch: 043/150 | Train Time: 2.137s | Train Loss: 0.024840 |
2020-04-23 21:57:59,445 - root - INFO - | Epoch: 044/150 | Train Time: 2.132s | Train Loss: 0.024983 |
2020-04-23 21:58:01,528 - root - INFO - | Epoch: 045/150 | Train Time: 2.082s | Train Loss: 0.024788 |
2020-04-23 21:58:03,630 - root - INFO - | Epoch: 046/150 | Train Time: 2.102s | Train Loss: 0.024779 |
2020-04-23 21:58:05,717 - root - INFO - | Epoch: 047/150 | Train Time: 2.085s | Train Loss: 0.024739 |
2020-04-23 21:58:07,899 - root - INFO - | Epoch: 048/150 | Train Time: 2.181s | Train Loss: 0.024616 |
2020-04-23 21:58:10,030 - root - INFO - | Epoch: 049/150 | Train Time: 2.131s | Train Loss: 0.024620 |
2020-04-23 21:58:12,132 - root - INFO - | Epoch: 050/150 | Train Time: 2.100s | Train Loss: 0.024589 |
2020-04-23 21:58:12,135 - root - INFO -   LR scheduler: new learning rate is 1e-06
2020-04-23 21:58:14,202 - root - INFO - | Epoch: 051/150 | Train Time: 2.066s | Train Loss: 0.024269 |
2020-04-23 21:58:16,281 - root - INFO - | Epoch: 052/150 | Train Time: 2.078s | Train Loss: 0.024258 |
2020-04-23 21:58:18,330 - root - INFO - | Epoch: 053/150 | Train Time: 2.048s | Train Loss: 0.024297 |
2020-04-23 21:58:20,399 - root - INFO - | Epoch: 054/150 | Train Time: 2.069s | Train Loss: 0.024258 |
2020-04-23 21:58:22,434 - root - INFO - | Epoch: 055/150 | Train Time: 2.034s | Train Loss: 0.024326 |
2020-04-23 21:58:24,508 - root - INFO - | Epoch: 056/150 | Train Time: 2.072s | Train Loss: 0.024254 |
2020-04-23 21:58:26,567 - root - INFO - | Epoch: 057/150 | Train Time: 2.058s | Train Loss: 0.024223 |
2020-04-23 21:58:28,674 - root - INFO - | Epoch: 058/150 | Train Time: 2.105s | Train Loss: 0.024220 |
2020-04-23 21:58:30,766 - root - INFO - | Epoch: 059/150 | Train Time: 2.091s | Train Loss: 0.024106 |
2020-04-23 21:58:32,849 - root - INFO - | Epoch: 060/150 | Train Time: 2.082s | Train Loss: 0.024181 |
2020-04-23 21:58:34,930 - root - INFO - | Epoch: 061/150 | Train Time: 2.080s | Train Loss: 0.024133 |
2020-04-23 21:58:37,040 - root - INFO - | Epoch: 062/150 | Train Time: 2.108s | Train Loss: 0.024239 |
2020-04-23 21:58:39,171 - root - INFO - | Epoch: 063/150 | Train Time: 2.130s | Train Loss: 0.024266 |
2020-04-23 21:58:41,277 - root - INFO - | Epoch: 064/150 | Train Time: 2.105s | Train Loss: 0.024187 |
2020-04-23 21:58:43,364 - root - INFO - | Epoch: 065/150 | Train Time: 2.086s | Train Loss: 0.024104 |
2020-04-23 21:58:45,425 - root - INFO - | Epoch: 066/150 | Train Time: 2.061s | Train Loss: 0.024266 |
2020-04-23 21:58:47,490 - root - INFO - | Epoch: 067/150 | Train Time: 2.064s | Train Loss: 0.024210 |
2020-04-23 21:58:49,503 - root - INFO - | Epoch: 068/150 | Train Time: 2.012s | Train Loss: 0.024134 |
2020-04-23 21:58:51,642 - root - INFO - | Epoch: 069/150 | Train Time: 2.138s | Train Loss: 0.024167 |
2020-04-23 21:58:53,714 - root - INFO - | Epoch: 070/150 | Train Time: 2.071s | Train Loss: 0.024094 |
2020-04-23 21:58:55,789 - root - INFO - | Epoch: 071/150 | Train Time: 2.075s | Train Loss: 0.024224 |
2020-04-23 21:58:57,893 - root - INFO - | Epoch: 072/150 | Train Time: 2.103s | Train Loss: 0.024136 |
2020-04-23 21:58:59,963 - root - INFO - | Epoch: 073/150 | Train Time: 2.069s | Train Loss: 0.024213 |
2020-04-23 21:59:02,060 - root - INFO - | Epoch: 074/150 | Train Time: 2.096s | Train Loss: 0.024068 |
2020-04-23 21:59:04,094 - root - INFO - | Epoch: 075/150 | Train Time: 2.034s | Train Loss: 0.024110 |
2020-04-23 21:59:06,199 - root - INFO - | Epoch: 076/150 | Train Time: 2.104s | Train Loss: 0.024012 |
2020-04-23 21:59:08,274 - root - INFO - | Epoch: 077/150 | Train Time: 2.074s | Train Loss: 0.024086 |
2020-04-23 21:59:10,389 - root - INFO - | Epoch: 078/150 | Train Time: 2.115s | Train Loss: 0.024138 |
2020-04-23 21:59:12,470 - root - INFO - | Epoch: 079/150 | Train Time: 2.079s | Train Loss: 0.024160 |
2020-04-23 21:59:14,527 - root - INFO - | Epoch: 080/150 | Train Time: 2.057s | Train Loss: 0.024080 |
2020-04-23 21:59:16,649 - root - INFO - | Epoch: 081/150 | Train Time: 2.121s | Train Loss: 0.024094 |
2020-04-23 21:59:18,790 - root - INFO - | Epoch: 082/150 | Train Time: 2.140s | Train Loss: 0.024156 |
2020-04-23 21:59:20,808 - root - INFO - | Epoch: 083/150 | Train Time: 2.018s | Train Loss: 0.024061 |
2020-04-23 21:59:22,847 - root - INFO - | Epoch: 084/150 | Train Time: 2.038s | Train Loss: 0.024153 |
2020-04-23 21:59:24,970 - root - INFO - | Epoch: 085/150 | Train Time: 2.122s | Train Loss: 0.024123 |
2020-04-23 21:59:27,042 - root - INFO - | Epoch: 086/150 | Train Time: 2.070s | Train Loss: 0.024111 |
2020-04-23 21:59:29,118 - root - INFO - | Epoch: 087/150 | Train Time: 2.076s | Train Loss: 0.024020 |
2020-04-23 21:59:31,207 - root - INFO - | Epoch: 088/150 | Train Time: 2.088s | Train Loss: 0.024026 |
2020-04-23 21:59:33,253 - root - INFO - | Epoch: 089/150 | Train Time: 2.045s | Train Loss: 0.024042 |
2020-04-23 21:59:35,340 - root - INFO - | Epoch: 090/150 | Train Time: 2.086s | Train Loss: 0.023980 |
2020-04-23 21:59:37,419 - root - INFO - | Epoch: 091/150 | Train Time: 2.078s | Train Loss: 0.023906 |
2020-04-23 21:59:39,483 - root - INFO - | Epoch: 092/150 | Train Time: 2.063s | Train Loss: 0.023938 |
2020-04-23 21:59:41,602 - root - INFO - | Epoch: 093/150 | Train Time: 2.118s | Train Loss: 0.023982 |
2020-04-23 21:59:43,731 - root - INFO - | Epoch: 094/150 | Train Time: 2.129s | Train Loss: 0.024035 |
2020-04-23 21:59:45,823 - root - INFO - | Epoch: 095/150 | Train Time: 2.091s | Train Loss: 0.023878 |
2020-04-23 21:59:47,880 - root - INFO - | Epoch: 096/150 | Train Time: 2.055s | Train Loss: 0.024041 |
2020-04-23 21:59:49,975 - root - INFO - | Epoch: 097/150 | Train Time: 2.095s | Train Loss: 0.023948 |
2020-04-23 21:59:52,080 - root - INFO - | Epoch: 098/150 | Train Time: 2.104s | Train Loss: 0.024017 |
2020-04-23 21:59:54,196 - root - INFO - | Epoch: 099/150 | Train Time: 2.114s | Train Loss: 0.024062 |
2020-04-23 21:59:56,246 - root - INFO - | Epoch: 100/150 | Train Time: 2.049s | Train Loss: 0.024059 |
2020-04-23 21:59:56,247 - root - INFO -   LR scheduler: new learning rate is 1e-07
2020-04-23 21:59:58,337 - root - INFO - | Epoch: 101/150 | Train Time: 2.090s | Train Loss: 0.023988 |
2020-04-23 22:00:00,488 - root - INFO - | Epoch: 102/150 | Train Time: 2.150s | Train Loss: 0.023923 |
2020-04-23 22:00:02,579 - root - INFO - | Epoch: 103/150 | Train Time: 2.090s | Train Loss: 0.024038 |
2020-04-23 22:00:04,702 - root - INFO - | Epoch: 104/150 | Train Time: 2.121s | Train Loss: 0.024022 |
2020-04-23 22:00:06,755 - root - INFO - | Epoch: 105/150 | Train Time: 2.052s | Train Loss: 0.024003 |
2020-04-23 22:00:08,891 - root - INFO - | Epoch: 106/150 | Train Time: 2.135s | Train Loss: 0.023927 |
2020-04-23 22:00:11,026 - root - INFO - | Epoch: 107/150 | Train Time: 2.133s | Train Loss: 0.023869 |
2020-04-23 22:00:13,098 - root - INFO - | Epoch: 108/150 | Train Time: 2.072s | Train Loss: 0.023799 |
2020-04-23 22:00:15,198 - root - INFO - | Epoch: 109/150 | Train Time: 2.099s | Train Loss: 0.023834 |
2020-04-23 22:00:17,282 - root - INFO - | Epoch: 110/150 | Train Time: 2.083s | Train Loss: 0.023910 |
2020-04-23 22:00:19,354 - root - INFO - | Epoch: 111/150 | Train Time: 2.071s | Train Loss: 0.024101 |
2020-04-23 22:00:21,433 - root - INFO - | Epoch: 112/150 | Train Time: 2.079s | Train Loss: 0.023761 |
2020-04-23 22:00:23,559 - root - INFO - | Epoch: 113/150 | Train Time: 2.125s | Train Loss: 0.023838 |
2020-04-23 22:00:25,664 - root - INFO - | Epoch: 114/150 | Train Time: 2.104s | Train Loss: 0.023919 |
2020-04-23 22:00:27,755 - root - INFO - | Epoch: 115/150 | Train Time: 2.089s | Train Loss: 0.023825 |
2020-04-23 22:00:29,883 - root - INFO - | Epoch: 116/150 | Train Time: 2.127s | Train Loss: 0.023922 |
2020-04-23 22:00:32,089 - root - INFO - | Epoch: 117/150 | Train Time: 2.205s | Train Loss: 0.023993 |
2020-04-23 22:00:34,188 - root - INFO - | Epoch: 118/150 | Train Time: 2.098s | Train Loss: 0.024039 |
2020-04-23 22:00:36,332 - root - INFO - | Epoch: 119/150 | Train Time: 2.143s | Train Loss: 0.023955 |
2020-04-23 22:00:38,490 - root - INFO - | Epoch: 120/150 | Train Time: 2.157s | Train Loss: 0.023991 |
2020-04-23 22:00:40,556 - root - INFO - | Epoch: 121/150 | Train Time: 2.065s | Train Loss: 0.024030 |
2020-04-23 22:00:42,657 - root - INFO - | Epoch: 122/150 | Train Time: 2.100s | Train Loss: 0.023946 |
2020-04-23 22:00:44,755 - root - INFO - | Epoch: 123/150 | Train Time: 2.097s | Train Loss: 0.024018 |
2020-04-23 22:00:46,784 - root - INFO - | Epoch: 124/150 | Train Time: 2.029s | Train Loss: 0.023881 |
2020-04-23 22:00:48,849 - root - INFO - | Epoch: 125/150 | Train Time: 2.064s | Train Loss: 0.023845 |
2020-04-23 22:00:50,992 - root - INFO - | Epoch: 126/150 | Train Time: 2.142s | Train Loss: 0.023886 |
2020-04-23 22:00:53,086 - root - INFO - | Epoch: 127/150 | Train Time: 2.093s | Train Loss: 0.023968 |
2020-04-23 22:00:55,189 - root - INFO - | Epoch: 128/150 | Train Time: 2.102s | Train Loss: 0.024016 |
2020-04-23 22:00:57,303 - root - INFO - | Epoch: 129/150 | Train Time: 2.113s | Train Loss: 0.023815 |
2020-04-23 22:00:59,567 - root - INFO - | Epoch: 130/150 | Train Time: 2.264s | Train Loss: 0.023873 |
2020-04-23 22:01:01,692 - root - INFO - | Epoch: 131/150 | Train Time: 2.124s | Train Loss: 0.024052 |
2020-04-23 22:01:03,927 - root - INFO - | Epoch: 132/150 | Train Time: 2.234s | Train Loss: 0.023892 |
2020-04-23 22:01:06,003 - root - INFO - | Epoch: 133/150 | Train Time: 2.075s | Train Loss: 0.023960 |
2020-04-23 22:01:08,158 - root - INFO - | Epoch: 134/150 | Train Time: 2.153s | Train Loss: 0.023877 |
2020-04-23 22:01:10,269 - root - INFO - | Epoch: 135/150 | Train Time: 2.111s | Train Loss: 0.024018 |
2020-04-23 22:01:12,404 - root - INFO - | Epoch: 136/150 | Train Time: 2.133s | Train Loss: 0.023935 |
2020-04-23 22:01:14,500 - root - INFO - | Epoch: 137/150 | Train Time: 2.095s | Train Loss: 0.023833 |
2020-04-23 22:01:16,605 - root - INFO - | Epoch: 138/150 | Train Time: 2.105s | Train Loss: 0.023888 |
2020-04-23 22:01:18,664 - root - INFO - | Epoch: 139/150 | Train Time: 2.058s | Train Loss: 0.023954 |
2020-04-23 22:01:20,742 - root - INFO - | Epoch: 140/150 | Train Time: 2.078s | Train Loss: 0.023965 |
2020-04-23 22:01:22,803 - root - INFO - | Epoch: 141/150 | Train Time: 2.059s | Train Loss: 0.024021 |
2020-04-23 22:01:24,891 - root - INFO - | Epoch: 142/150 | Train Time: 2.087s | Train Loss: 0.023912 |
2020-04-23 22:01:26,964 - root - INFO - | Epoch: 143/150 | Train Time: 2.072s | Train Loss: 0.024091 |
2020-04-23 22:01:29,060 - root - INFO - | Epoch: 144/150 | Train Time: 2.095s | Train Loss: 0.023907 |
2020-04-23 22:01:31,158 - root - INFO - | Epoch: 145/150 | Train Time: 2.097s | Train Loss: 0.023958 |
2020-04-23 22:01:33,237 - root - INFO - | Epoch: 146/150 | Train Time: 2.079s | Train Loss: 0.024060 |
2020-04-23 22:01:35,300 - root - INFO - | Epoch: 147/150 | Train Time: 2.062s | Train Loss: 0.023912 |
2020-04-23 22:01:37,426 - root - INFO - | Epoch: 148/150 | Train Time: 2.126s | Train Loss: 0.023864 |
2020-04-23 22:01:39,504 - root - INFO - | Epoch: 149/150 | Train Time: 2.077s | Train Loss: 0.023777 |
2020-04-23 22:01:41,612 - root - INFO - | Epoch: 150/150 | Train Time: 2.108s | Train Loss: 0.023921 |
2020-04-23 22:01:41,613 - root - INFO - Training Time: 316.325s
2020-04-23 22:01:41,614 - root - INFO - Finished training.
2020-04-23 22:02:38,076 - root - INFO - Starting testing...
2020-04-23 22:02:38,722 - root - INFO - Test AUC: 96.80%
2020-04-23 22:02:38,723 - root - INFO - Test Time: 0.643s
2020-04-23 22:02:38,723 - root - INFO - Finished testing.
2020-04-24 12:03:53,321 - root - INFO - Hey I am loading net for you!
2020-04-24 12:03:53,338 - root - INFO - Setting hyper-parameters!
2020-04-24 12:03:53,339 - root - INFO - Starting training...
2020-04-24 12:03:54,463 - root - INFO - | Epoch: 001/150 | Train Time: 1.123s | Train Loss: 0.100066 |
2020-04-24 12:03:55,563 - root - INFO - | Epoch: 002/150 | Train Time: 1.099s | Train Loss: 0.052673 |
2020-04-24 12:03:56,717 - root - INFO - | Epoch: 003/150 | Train Time: 1.153s | Train Loss: 0.045484 |
2020-04-24 12:03:57,799 - root - INFO - | Epoch: 004/150 | Train Time: 1.081s | Train Loss: 0.042460 |
2020-04-24 12:03:58,899 - root - INFO - | Epoch: 005/150 | Train Time: 1.099s | Train Loss: 0.040757 |
2020-04-24 12:04:00,024 - root - INFO - | Epoch: 006/150 | Train Time: 1.124s | Train Loss: 0.039611 |
2020-04-24 12:04:01,181 - root - INFO - | Epoch: 007/150 | Train Time: 1.155s | Train Loss: 0.038364 |
2020-04-24 12:04:02,348 - root - INFO - | Epoch: 008/150 | Train Time: 1.166s | Train Loss: 0.037613 |
2020-04-24 12:04:03,474 - root - INFO - | Epoch: 009/150 | Train Time: 1.126s | Train Loss: 0.037107 |
2020-04-24 12:04:04,538 - root - INFO - | Epoch: 010/150 | Train Time: 1.063s | Train Loss: 0.036635 |
2020-04-24 12:04:05,596 - root - INFO - | Epoch: 011/150 | Train Time: 1.056s | Train Loss: 0.036747 |
2020-04-24 12:04:06,691 - root - INFO - | Epoch: 012/150 | Train Time: 1.094s | Train Loss: 0.036013 |
2020-04-24 12:04:07,832 - root - INFO - | Epoch: 013/150 | Train Time: 1.140s | Train Loss: 0.035513 |
2020-04-24 12:04:09,022 - root - INFO - | Epoch: 014/150 | Train Time: 1.190s | Train Loss: 0.035493 |
2020-04-24 12:04:10,170 - root - INFO - | Epoch: 015/150 | Train Time: 1.147s | Train Loss: 0.035546 |
2020-04-24 12:04:11,268 - root - INFO - | Epoch: 016/150 | Train Time: 1.098s | Train Loss: 0.035084 |
2020-04-24 12:04:12,445 - root - INFO - | Epoch: 017/150 | Train Time: 1.176s | Train Loss: 0.034993 |
2020-04-24 12:04:13,543 - root - INFO - | Epoch: 018/150 | Train Time: 1.097s | Train Loss: 0.034900 |
2020-04-24 12:04:14,684 - root - INFO - | Epoch: 019/150 | Train Time: 1.139s | Train Loss: 0.034941 |
2020-04-24 12:04:15,918 - root - INFO - | Epoch: 020/150 | Train Time: 1.234s | Train Loss: 0.034620 |
2020-04-24 12:04:17,050 - root - INFO - | Epoch: 021/150 | Train Time: 1.131s | Train Loss: 0.034859 |
2020-04-24 12:04:18,179 - root - INFO - | Epoch: 022/150 | Train Time: 1.127s | Train Loss: 0.034426 |
2020-04-24 12:04:19,359 - root - INFO - | Epoch: 023/150 | Train Time: 1.179s | Train Loss: 0.034457 |
2020-04-24 12:04:20,556 - root - INFO - | Epoch: 024/150 | Train Time: 1.197s | Train Loss: 0.034177 |
2020-04-24 12:04:21,784 - root - INFO - | Epoch: 025/150 | Train Time: 1.226s | Train Loss: 0.034249 |
2020-04-24 12:04:23,006 - root - INFO - | Epoch: 026/150 | Train Time: 1.221s | Train Loss: 0.034352 |
2020-04-24 12:04:24,198 - root - INFO - | Epoch: 027/150 | Train Time: 1.191s | Train Loss: 0.034070 |
2020-04-24 12:04:25,245 - root - INFO - | Epoch: 028/150 | Train Time: 1.046s | Train Loss: 0.034080 |
2020-04-24 12:04:26,342 - root - INFO - | Epoch: 029/150 | Train Time: 1.097s | Train Loss: 0.033835 |
2020-04-24 12:04:27,523 - root - INFO - | Epoch: 030/150 | Train Time: 1.180s | Train Loss: 0.033704 |
2020-04-24 12:04:28,693 - root - INFO - | Epoch: 031/150 | Train Time: 1.170s | Train Loss: 0.033638 |
2020-04-24 12:04:29,929 - root - INFO - | Epoch: 032/150 | Train Time: 1.235s | Train Loss: 0.033795 |
2020-04-24 12:04:31,097 - root - INFO - | Epoch: 033/150 | Train Time: 1.167s | Train Loss: 0.033758 |
2020-04-24 12:04:32,290 - root - INFO - | Epoch: 034/150 | Train Time: 1.193s | Train Loss: 0.033573 |
2020-04-24 12:04:33,461 - root - INFO - | Epoch: 035/150 | Train Time: 1.170s | Train Loss: 0.033364 |
2020-04-24 12:04:34,569 - root - INFO - | Epoch: 036/150 | Train Time: 1.107s | Train Loss: 0.033457 |
2020-04-24 12:04:35,708 - root - INFO - | Epoch: 037/150 | Train Time: 1.138s | Train Loss: 0.033709 |
2020-04-24 12:04:36,874 - root - INFO - | Epoch: 038/150 | Train Time: 1.166s | Train Loss: 0.033496 |
2020-04-24 12:04:38,034 - root - INFO - | Epoch: 039/150 | Train Time: 1.159s | Train Loss: 0.033436 |
2020-04-24 12:04:39,266 - root - INFO - | Epoch: 040/150 | Train Time: 1.231s | Train Loss: 0.033538 |
2020-04-24 12:04:40,483 - root - INFO - | Epoch: 041/150 | Train Time: 1.216s | Train Loss: 0.033236 |
2020-04-24 12:04:41,609 - root - INFO - | Epoch: 042/150 | Train Time: 1.125s | Train Loss: 0.033267 |
2020-04-24 12:04:42,737 - root - INFO - | Epoch: 043/150 | Train Time: 1.127s | Train Loss: 0.033483 |
2020-04-24 12:04:44,020 - root - INFO - | Epoch: 044/150 | Train Time: 1.283s | Train Loss: 0.033293 |
2020-04-24 12:04:45,324 - root - INFO - | Epoch: 045/150 | Train Time: 1.303s | Train Loss: 0.033142 |
2020-04-24 12:04:46,601 - root - INFO - | Epoch: 046/150 | Train Time: 1.276s | Train Loss: 0.033319 |
2020-04-24 12:04:47,757 - root - INFO - | Epoch: 047/150 | Train Time: 1.155s | Train Loss: 0.033017 |
2020-04-24 12:04:48,978 - root - INFO - | Epoch: 048/150 | Train Time: 1.220s | Train Loss: 0.033193 |
2020-04-24 12:04:50,137 - root - INFO - | Epoch: 049/150 | Train Time: 1.157s | Train Loss: 0.032994 |
2020-04-24 12:04:51,363 - root - INFO - | Epoch: 050/150 | Train Time: 1.226s | Train Loss: 0.033103 |
2020-04-24 12:04:51,364 - root - INFO -   LR scheduler: new learning rate is 1e-06
2020-04-24 12:04:52,619 - root - INFO - | Epoch: 051/150 | Train Time: 1.255s | Train Loss: 0.032776 |
2020-04-24 12:04:53,741 - root - INFO - | Epoch: 052/150 | Train Time: 1.121s | Train Loss: 0.032892 |
2020-04-24 12:04:54,935 - root - INFO - | Epoch: 053/150 | Train Time: 1.193s | Train Loss: 0.032774 |
2020-04-24 12:04:56,137 - root - INFO - | Epoch: 054/150 | Train Time: 1.202s | Train Loss: 0.032700 |
2020-04-24 12:04:57,346 - root - INFO - | Epoch: 055/150 | Train Time: 1.208s | Train Loss: 0.032587 |
2020-04-24 12:04:58,641 - root - INFO - | Epoch: 056/150 | Train Time: 1.294s | Train Loss: 0.032657 |
2020-04-24 12:04:59,817 - root - INFO - | Epoch: 057/150 | Train Time: 1.174s | Train Loss: 0.032499 |
2020-04-24 12:05:00,996 - root - INFO - | Epoch: 058/150 | Train Time: 1.179s | Train Loss: 0.032594 |
2020-04-24 12:05:02,146 - root - INFO - | Epoch: 059/150 | Train Time: 1.149s | Train Loss: 0.032828 |
2020-04-24 12:05:03,284 - root - INFO - | Epoch: 060/150 | Train Time: 1.137s | Train Loss: 0.032669 |
2020-04-24 12:05:04,533 - root - INFO - | Epoch: 061/150 | Train Time: 1.249s | Train Loss: 0.032754 |
2020-04-24 12:05:05,706 - root - INFO - | Epoch: 062/150 | Train Time: 1.172s | Train Loss: 0.032625 |
2020-04-24 12:05:06,847 - root - INFO - | Epoch: 063/150 | Train Time: 1.140s | Train Loss: 0.032668 |
2020-04-24 12:05:08,068 - root - INFO - | Epoch: 064/150 | Train Time: 1.221s | Train Loss: 0.032669 |
2020-04-24 12:05:09,276 - root - INFO - | Epoch: 065/150 | Train Time: 1.207s | Train Loss: 0.032602 |
2020-04-24 12:05:10,504 - root - INFO - | Epoch: 066/150 | Train Time: 1.227s | Train Loss: 0.032629 |
2020-04-24 12:05:11,821 - root - INFO - | Epoch: 067/150 | Train Time: 1.316s | Train Loss: 0.032731 |
2020-04-24 12:05:12,975 - root - INFO - | Epoch: 068/150 | Train Time: 1.153s | Train Loss: 0.032686 |
2020-04-24 12:05:14,229 - root - INFO - | Epoch: 069/150 | Train Time: 1.254s | Train Loss: 0.032667 |
2020-04-24 12:05:15,399 - root - INFO - | Epoch: 070/150 | Train Time: 1.169s | Train Loss: 0.032444 |
2020-04-24 12:05:16,637 - root - INFO - | Epoch: 071/150 | Train Time: 1.237s | Train Loss: 0.032571 |
2020-04-24 12:05:17,857 - root - INFO - | Epoch: 072/150 | Train Time: 1.219s | Train Loss: 0.032319 |
2020-04-24 12:05:19,140 - root - INFO - | Epoch: 073/150 | Train Time: 1.282s | Train Loss: 0.032485 |
2020-04-24 12:05:20,304 - root - INFO - | Epoch: 074/150 | Train Time: 1.163s | Train Loss: 0.032543 |
2020-04-24 12:05:21,518 - root - INFO - | Epoch: 075/150 | Train Time: 1.213s | Train Loss: 0.032466 |
2020-04-24 12:05:22,625 - root - INFO - | Epoch: 076/150 | Train Time: 1.106s | Train Loss: 0.032483 |
2020-04-24 12:05:23,958 - root - INFO - | Epoch: 077/150 | Train Time: 1.333s | Train Loss: 0.032479 |
2020-04-24 12:05:25,205 - root - INFO - | Epoch: 078/150 | Train Time: 1.246s | Train Loss: 0.032466 |
2020-04-24 12:05:26,280 - root - INFO - | Epoch: 079/150 | Train Time: 1.074s | Train Loss: 0.032599 |
2020-04-24 12:05:27,421 - root - INFO - | Epoch: 080/150 | Train Time: 1.140s | Train Loss: 0.032611 |
2020-04-24 12:05:28,637 - root - INFO - | Epoch: 081/150 | Train Time: 1.215s | Train Loss: 0.032487 |
2020-04-24 12:05:29,842 - root - INFO - | Epoch: 082/150 | Train Time: 1.204s | Train Loss: 0.032461 |
2020-04-24 12:05:31,007 - root - INFO - | Epoch: 083/150 | Train Time: 1.164s | Train Loss: 0.032506 |
2020-04-24 12:05:32,185 - root - INFO - | Epoch: 084/150 | Train Time: 1.178s | Train Loss: 0.032868 |
2020-04-24 12:05:33,380 - root - INFO - | Epoch: 085/150 | Train Time: 1.193s | Train Loss: 0.032461 |
2020-04-24 12:05:34,520 - root - INFO - | Epoch: 086/150 | Train Time: 1.140s | Train Loss: 0.032457 |
2020-04-24 12:05:35,750 - root - INFO - | Epoch: 087/150 | Train Time: 1.229s | Train Loss: 0.032419 |
2020-04-24 12:05:36,914 - root - INFO - | Epoch: 088/150 | Train Time: 1.163s | Train Loss: 0.032469 |
2020-04-24 12:05:38,064 - root - INFO - | Epoch: 089/150 | Train Time: 1.149s | Train Loss: 0.032449 |
2020-04-24 12:05:39,268 - root - INFO - | Epoch: 090/150 | Train Time: 1.204s | Train Loss: 0.032597 |
2020-04-24 12:05:40,549 - root - INFO - | Epoch: 091/150 | Train Time: 1.280s | Train Loss: 0.032412 |
2020-04-24 12:05:41,787 - root - INFO - | Epoch: 092/150 | Train Time: 1.237s | Train Loss: 0.032648 |
2020-04-24 12:05:43,038 - root - INFO - | Epoch: 093/150 | Train Time: 1.250s | Train Loss: 0.032421 |
2020-04-24 12:05:44,224 - root - INFO - | Epoch: 094/150 | Train Time: 1.185s | Train Loss: 0.032350 |
2020-04-24 12:05:45,349 - root - INFO - | Epoch: 095/150 | Train Time: 1.124s | Train Loss: 0.032313 |
2020-04-24 12:05:46,495 - root - INFO - | Epoch: 096/150 | Train Time: 1.145s | Train Loss: 0.032413 |
2020-04-24 12:05:47,683 - root - INFO - | Epoch: 097/150 | Train Time: 1.187s | Train Loss: 0.032509 |
2020-04-24 12:05:48,851 - root - INFO - | Epoch: 098/150 | Train Time: 1.167s | Train Loss: 0.032488 |
2020-04-24 12:05:50,028 - root - INFO - | Epoch: 099/150 | Train Time: 1.176s | Train Loss: 0.032468 |
2020-04-24 12:05:51,223 - root - INFO - | Epoch: 100/150 | Train Time: 1.195s | Train Loss: 0.032447 |
2020-04-24 12:05:51,224 - root - INFO -   LR scheduler: new learning rate is 1e-07
2020-04-24 12:05:52,409 - root - INFO - | Epoch: 101/150 | Train Time: 1.184s | Train Loss: 0.032456 |
2020-04-24 12:05:53,530 - root - INFO - | Epoch: 102/150 | Train Time: 1.119s | Train Loss: 0.032410 |
2020-04-24 12:05:54,659 - root - INFO - | Epoch: 103/150 | Train Time: 1.128s | Train Loss: 0.032408 |
2020-04-24 12:05:55,765 - root - INFO - | Epoch: 104/150 | Train Time: 1.106s | Train Loss: 0.032593 |
2020-04-24 12:05:56,913 - root - INFO - | Epoch: 105/150 | Train Time: 1.147s | Train Loss: 0.032596 |
2020-04-24 12:05:58,153 - root - INFO - | Epoch: 106/150 | Train Time: 1.239s | Train Loss: 0.032342 |
2020-04-24 12:05:59,369 - root - INFO - | Epoch: 107/150 | Train Time: 1.215s | Train Loss: 0.032312 |
2020-04-24 12:06:00,483 - root - INFO - | Epoch: 108/150 | Train Time: 1.113s | Train Loss: 0.032457 |
2020-04-24 12:06:01,598 - root - INFO - | Epoch: 109/150 | Train Time: 1.114s | Train Loss: 0.032332 |
2020-04-24 12:06:02,756 - root - INFO - | Epoch: 110/150 | Train Time: 1.157s | Train Loss: 0.032279 |
2020-04-24 12:06:04,034 - root - INFO - | Epoch: 111/150 | Train Time: 1.278s | Train Loss: 0.032251 |
2020-04-24 12:06:05,242 - root - INFO - | Epoch: 112/150 | Train Time: 1.207s | Train Loss: 0.032308 |
2020-04-24 12:06:06,401 - root - INFO - | Epoch: 113/150 | Train Time: 1.158s | Train Loss: 0.032476 |
2020-04-24 12:06:07,590 - root - INFO - | Epoch: 114/150 | Train Time: 1.188s | Train Loss: 0.032482 |
2020-04-24 12:06:08,851 - root - INFO - | Epoch: 115/150 | Train Time: 1.260s | Train Loss: 0.032391 |
2020-04-24 12:06:10,003 - root - INFO - | Epoch: 116/150 | Train Time: 1.151s | Train Loss: 0.032410 |
2020-04-24 12:06:11,164 - root - INFO - | Epoch: 117/150 | Train Time: 1.160s | Train Loss: 0.032429 |
2020-04-24 12:06:12,394 - root - INFO - | Epoch: 118/150 | Train Time: 1.229s | Train Loss: 0.032416 |
2020-04-24 12:06:13,680 - root - INFO - | Epoch: 119/150 | Train Time: 1.285s | Train Loss: 0.032323 |
2020-04-24 12:06:14,834 - root - INFO - | Epoch: 120/150 | Train Time: 1.153s | Train Loss: 0.032460 |
2020-04-24 12:06:16,084 - root - INFO - | Epoch: 121/150 | Train Time: 1.250s | Train Loss: 0.032366 |
2020-04-24 12:06:17,385 - root - INFO - | Epoch: 122/150 | Train Time: 1.300s | Train Loss: 0.032580 |
2020-04-24 12:06:18,596 - root - INFO - | Epoch: 123/150 | Train Time: 1.211s | Train Loss: 0.032402 |
2020-04-24 12:06:19,769 - root - INFO - | Epoch: 124/150 | Train Time: 1.171s | Train Loss: 0.032472 |
2020-04-24 12:06:20,954 - root - INFO - | Epoch: 125/150 | Train Time: 1.184s | Train Loss: 0.032346 |
2020-04-24 12:06:22,135 - root - INFO - | Epoch: 126/150 | Train Time: 1.180s | Train Loss: 0.032519 |
2020-04-24 12:06:23,250 - root - INFO - | Epoch: 127/150 | Train Time: 1.115s | Train Loss: 0.032374 |
2020-04-24 12:06:24,507 - root - INFO - | Epoch: 128/150 | Train Time: 1.256s | Train Loss: 0.032474 |
2020-04-24 12:06:25,789 - root - INFO - | Epoch: 129/150 | Train Time: 1.280s | Train Loss: 0.032353 |
2020-04-24 12:06:26,934 - root - INFO - | Epoch: 130/150 | Train Time: 1.145s | Train Loss: 0.032317 |
2020-04-24 12:06:28,050 - root - INFO - | Epoch: 131/150 | Train Time: 1.115s | Train Loss: 0.032478 |
2020-04-24 12:06:29,219 - root - INFO - | Epoch: 132/150 | Train Time: 1.168s | Train Loss: 0.032244 |
2020-04-24 12:06:30,429 - root - INFO - | Epoch: 133/150 | Train Time: 1.209s | Train Loss: 0.032467 |
2020-04-24 12:06:31,673 - root - INFO - | Epoch: 134/150 | Train Time: 1.244s | Train Loss: 0.032331 |
2020-04-24 12:06:32,849 - root - INFO - | Epoch: 135/150 | Train Time: 1.175s | Train Loss: 0.032333 |
2020-04-24 12:06:34,009 - root - INFO - | Epoch: 136/150 | Train Time: 1.159s | Train Loss: 0.032548 |
2020-04-24 12:06:35,170 - root - INFO - | Epoch: 137/150 | Train Time: 1.160s | Train Loss: 0.032300 |
2020-04-24 12:06:36,277 - root - INFO - | Epoch: 138/150 | Train Time: 1.106s | Train Loss: 0.032290 |
2020-04-24 12:06:37,602 - root - INFO - | Epoch: 139/150 | Train Time: 1.325s | Train Loss: 0.032345 |
2020-04-24 12:06:38,650 - root - INFO - | Epoch: 140/150 | Train Time: 1.047s | Train Loss: 0.032571 |
2020-04-24 12:06:39,845 - root - INFO - | Epoch: 141/150 | Train Time: 1.193s | Train Loss: 0.032286 |
2020-04-24 12:06:41,044 - root - INFO - | Epoch: 142/150 | Train Time: 1.198s | Train Loss: 0.032452 |
2020-04-24 12:06:42,183 - root - INFO - | Epoch: 143/150 | Train Time: 1.139s | Train Loss: 0.032486 |
2020-04-24 12:06:43,298 - root - INFO - | Epoch: 144/150 | Train Time: 1.114s | Train Loss: 0.032396 |
2020-04-24 12:06:44,487 - root - INFO - | Epoch: 145/150 | Train Time: 1.188s | Train Loss: 0.032353 |
2020-04-24 12:06:45,635 - root - INFO - | Epoch: 146/150 | Train Time: 1.147s | Train Loss: 0.032345 |
2020-04-24 12:06:46,782 - root - INFO - | Epoch: 147/150 | Train Time: 1.146s | Train Loss: 0.032399 |
2020-04-24 12:06:48,025 - root - INFO - | Epoch: 148/150 | Train Time: 1.242s | Train Loss: 0.032345 |
2020-04-24 12:06:49,107 - root - INFO - | Epoch: 149/150 | Train Time: 1.082s | Train Loss: 0.032382 |
2020-04-24 12:06:50,255 - root - INFO - | Epoch: 150/150 | Train Time: 1.147s | Train Loss: 0.032378 |
2020-04-24 12:06:50,256 - root - INFO - Training Time: 176.916s
2020-04-24 12:06:50,257 - root - INFO - Finished training.
